[ 2017-04-11T17:29:17+08:00 ] 127.0.0.1 /totti/Admin
INFO: [ app_init ] --START--
INFO: Run Behavior\BuildLiteBehavior [ RunTime:0.000000s ]
INFO: [ app_init ] --END-- [ RunTime:0.000000s ]
INFO: [ app_begin ] --START--
INFO: Run Behavior\ReadHtmlCacheBehavior [ RunTime:0.031001s ]
INFO: [ app_begin ] --END-- [ RunTime:0.031001s ]

[ 2017-04-11T17:29:17+08:00 ] 127.0.0.1 /totti/index.php/Admin/Login/login.html
INFO: [ app_init ] --START--
INFO: Run Behavior\BuildLiteBehavior [ RunTime:0.000000s ]
INFO: [ app_init ] --END-- [ RunTime:0.000000s ]
INFO: [ app_begin ] --START--
INFO: Run Behavior\ReadHtmlCacheBehavior [ RunTime:0.037002s ]
INFO: [ app_begin ] --END-- [ RunTime:0.037002s ]
INFO: [ view_parse ] --START--
INFO: [ template_filter ] --START--
INFO: Run Behavior\ContentReplaceBehavior [ RunTime:0.000000s ]
INFO: [ template_filter ] --END-- [ RunTime:0.000000s ]
INFO: Run Behavior\ParseTemplateBehavior [ RunTime:0.038002s ]
INFO: [ view_parse ] --END-- [ RunTime:0.038002s ]
INFO: [ view_filter ] --START--
INFO: Run Behavior\WriteHtmlCacheBehavior [ RunTime:0.004000s ]
INFO: [ view_filter ] --END-- [ RunTime:0.004000s ]
INFO: [ app_end ] --START--
INFO: Run Behavior\ShowPageTraceBehavior [ RunTime:0.003000s ]
INFO: [ app_end ] --END-- [ RunTime:0.003000s ]

[ 2017-04-11T17:29:17+08:00 ] 127.0.0.1 /totti/index.php/Admin/Login/verify.html
INFO: [ app_init ] --START--
INFO: Run Behavior\BuildLiteBehavior [ RunTime:0.000000s ]
INFO: [ app_init ] --END-- [ RunTime:0.001000s ]
INFO: [ app_begin ] --START--
INFO: Run Behavior\ReadHtmlCacheBehavior [ RunTime:0.002000s ]
INFO: [ app_begin ] --END-- [ RunTime:0.002000s ]
INFO: [ app_end ] --START--
INFO: Run Behavior\ShowPageTraceBehavior [ RunTime:0.002000s ]
INFO: [ app_end ] --END-- [ RunTime:0.002000s ]

[ 2017-04-11T17:29:22+08:00 ] 127.0.0.1 /totti/index.php/Admin/Login/chkAdmin.html
INFO: [ app_init ] --START--
INFO: Run Behavior\BuildLiteBehavior [ RunTime:0.000000s ]
INFO: [ app_init ] --END-- [ RunTime:0.001000s ]
INFO: [ app_begin ] --START--
INFO: Run Behavior\ReadHtmlCacheBehavior [ RunTime:0.001000s ]
INFO: [ app_begin ] --END-- [ RunTime:0.001000s ]
SQL: SHOW COLUMNS FROM `beauty_admin` [ RunTime:0.0080s ]
SQL: SELECT * FROM `beauty_admin` WHERE `username` = 'admin' LIMIT 1   [ RunTime:0.0010s ]
INFO: [ app_end ] --START--
INFO: Run Behavior\ShowPageTraceBehavior [ RunTime:0.001000s ]
INFO: [ app_end ] --END-- [ RunTime:0.001000s ]

[ 2017-04-11T17:29:25+08:00 ] 127.0.0.1 /totti/index.php/Admin/Login/chkVerify.html
INFO: [ app_init ] --START--
INFO: Run Behavior\BuildLiteBehavior [ RunTime:0.000000s ]
INFO: [ app_init ] --END-- [ RunTime:0.000000s ]
INFO: [ app_begin ] --START--
INFO: Run Behavior\ReadHtmlCacheBehavior [ RunTime:0.001000s ]
INFO: [ app_begin ] --END-- [ RunTime:0.001000s ]
INFO: [ app_end ] --START--
INFO: Run Behavior\ShowPageTraceBehavior [ RunTime:0.001000s ]
INFO: [ app_end ] --END-- [ RunTime:0.001000s ]

[ 2017-04-11T17:29:26+08:00 ] 127.0.0.1 /totti/index.php/Admin/Login/login.html
INFO: [ app_init ] --START--
INFO: Run Behavior\BuildLiteBehavior [ RunTime:0.000000s ]
INFO: [ app_init ] --END-- [ RunTime:0.001000s ]
INFO: [ app_begin ] --START--
INFO: Run Behavior\ReadHtmlCacheBehavior [ RunTime:0.001000s ]
INFO: [ app_begin ] --END-- [ RunTime:0.001000s ]
SQL: SHOW COLUMNS FROM `beauty_admin` [ RunTime:0.0090s ]
NOTIC: [8] Undefined index: validate D:\phpstudy\WWW\totti\ThinkPHP\Library\Think\Model.class.php 第 1185 行.
SQL: SELECT * FROM `beauty_admin` WHERE `username` = 'admin' LIMIT 1   [ RunTime:0.0010s ]
SQL: SELECT * FROM `beauty_admin` WHERE `username` = 'admin' AND `password` = '21232f297a57a5a743894a0e4a801fc3' LIMIT 1   [ RunTime:0.0000s ]
SQL: UPDATE `beauty_admin` SET `online`='1',`lastlogin`='1491902966',`lastip`='127.0.0.1' WHERE `id` = 1 [ RunTime:0.0350s ]

[ 2017-04-11T17:29:27+08:00 ] 127.0.0.1 /totti/index.php/Admin/Login/login.html
INFO: [ app_init ] --START--
INFO: Run Behavior\BuildLiteBehavior [ RunTime:0.000000s ]
INFO: [ app_init ] --END-- [ RunTime:0.000000s ]
INFO: [ app_begin ] --START--
INFO: Run Behavior\ReadHtmlCacheBehavior [ RunTime:0.001000s ]
INFO: [ app_begin ] --END-- [ RunTime:0.001000s ]
SQL: SHOW COLUMNS FROM `beauty_admin` [ RunTime:0.0100s ]
NOTIC: [8] Undefined index: validate D:\phpstudy\WWW\totti\ThinkPHP\Library\Think\Model.class.php 第 1185 行.
SQL: SELECT * FROM `beauty_admin` WHERE `username` = 'admin' LIMIT 1   [ RunTime:0.0010s ]
SQL: SELECT * FROM `beauty_admin` WHERE `username` = 'admin' AND `password` = '21232f297a57a5a743894a0e4a801fc3' LIMIT 1   [ RunTime:0.0010s ]
SQL: UPDATE `beauty_admin` SET `online`='1',`lastlogin`='1491902967',`lastip`='127.0.0.1' WHERE `id` = 1 [ RunTime:0.0280s ]

[ 2017-04-11T17:29:27+08:00 ] 127.0.0.1 /totti/index.php/Admin/Index/index.html
INFO: [ app_init ] --START--
INFO: Run Behavior\BuildLiteBehavior [ RunTime:0.000000s ]
INFO: [ app_init ] --END-- [ RunTime:0.001000s ]
INFO: [ app_begin ] --START--
INFO: Run Behavior\ReadHtmlCacheBehavior [ RunTime:0.012001s ]
INFO: [ app_begin ] --END-- [ RunTime:0.012001s ]
INFO: [ view_parse ] --START--
INFO: [ template_filter ] --START--
INFO: Run Behavior\ContentReplaceBehavior [ RunTime:0.000000s ]
INFO: [ template_filter ] --END-- [ RunTime:0.000000s ]
INFO: Run Behavior\ParseTemplateBehavior [ RunTime:0.020001s ]
INFO: [ view_parse ] --END-- [ RunTime:0.020001s ]
INFO: [ view_filter ] --START--
INFO: Run Behavior\WriteHtmlCacheBehavior [ RunTime:0.002000s ]
INFO: [ view_filter ] --END-- [ RunTime:0.002000s ]
INFO: [ app_end ] --START--
INFO: Run Behavior\ShowPageTraceBehavior [ RunTime:0.001000s ]
INFO: [ app_end ] --END-- [ RunTime:0.001000s ]

[ 2017-04-11T17:29:29+08:00 ] 127.0.0.1 /totti/index.php/Admin/Index/left.html
INFO: [ app_init ] --START--
INFO: Run Behavior\BuildLiteBehavior [ RunTime:0.000000s ]
INFO: [ app_init ] --END-- [ RunTime:0.000000s ]
INFO: [ app_begin ] --START--
NOTIC: [2] filemtime(): stat failed for ./beauty/Admin/View/Index/left.html D:\phpstudy\WWW\totti\ThinkPHP\Library\Behavior\ReadHtmlCacheBehavior.class.php 第 104 行.
INFO: Run Behavior\ReadHtmlCacheBehavior [ RunTime:0.034002s ]
INFO: [ app_begin ] --END-- [ RunTime:0.035002s ]
SQL: SHOW COLUMNS FROM `beauty_admin_nav` [ RunTime:0.0160s ]
SQL: SELECT * FROM `beauty_admin_nav` WHERE `pid` = 0 ORDER BY priority  [ RunTime:0.0010s ]
SQL: SHOW COLUMNS FROM `beauty_auth_group_access` [ RunTime:0.0120s ]
SQL: SELECT `uid`,`group_id`,`title`,`rules` FROM beauty_auth_group_access a INNER JOIN beauty_auth_group g on a.group_id=g.id  WHERE ( a.uid='1' and g.status='1' )  [ RunTime:0.0020s ]
SQL: SHOW COLUMNS FROM `beauty_auth_rule` [ RunTime:0.0150s ]
SQL: SELECT `condition`,`name` FROM `beauty_auth_rule` WHERE `id` IN ('1','41','40','42','43','44','2','13','14','3','15','16','18','20','21','19','4','22','23','5','24','25','6','26','27','7','28','51','9','34','35','484','488','8','29','30','31','32','33','54','10','36','37','11','38','52','53','45','46','47','12','39','48','17','49','50','55','56','57') AND `type` = 1 AND `status` = 1  [ RunTime:0.0010s ]
SQL: SELECT * FROM `beauty_admin_nav` WHERE `pid` = 1 ORDER BY priority  [ RunTime:0.0010s ]
SQL: SELECT * FROM `beauty_admin_nav` WHERE `pid` = 2 ORDER BY priority  [ RunTime:0.0010s ]
SQL: SELECT * FROM `beauty_admin_nav` WHERE `pid` = 48 ORDER BY priority  [ RunTime:0.0000s ]
SQL: SELECT * FROM `beauty_admin_nav` WHERE `pid` = 3 ORDER BY priority  [ RunTime:0.0010s ]
SQL: SELECT * FROM `beauty_admin_nav` WHERE `pid` = 4 ORDER BY priority  [ RunTime:0.0010s ]
SQL: SELECT * FROM `beauty_admin_nav` WHERE `pid` = 5 ORDER BY priority  [ RunTime:0.0010s ]
SQL: SELECT * FROM `beauty_admin_nav` WHERE `pid` = 6 ORDER BY priority  [ RunTime:0.0010s ]
SQL: SELECT * FROM `beauty_admin_nav` WHERE `pid` = 7 ORDER BY priority  [ RunTime:0.0010s ]
SQL: SELECT * FROM `beauty_admin_nav` WHERE `pid` = 8 ORDER BY priority  [ RunTime:0.0010s ]
SQL: SELECT * FROM `beauty_admin_nav` WHERE `pid` = 9 ORDER BY priority  [ RunTime:0.0000s ]
SQL: SELECT * FROM `beauty_admin_nav` WHERE `pid` = 10 ORDER BY priority  [ RunTime:0.0010s ]
SQL: SELECT * FROM `beauty_admin_nav` WHERE `pid` = 11 ORDER BY priority  [ RunTime:0.0000s ]
SQL: SELECT * FROM `beauty_admin_nav` WHERE `pid` = 12 ORDER BY priority  [ RunTime:0.0010s ]
SQL: SELECT * FROM `beauty_admin_nav` WHERE `pid` = 45 ORDER BY priority  [ RunTime:0.0000s ]
SQL: SELECT * FROM `beauty_admin_nav` WHERE `pid` = 55 ORDER BY priority  [ RunTime:0.0010s ]
INFO: [ view_parse ] --START--
INFO: [ template_filter ] --START--
INFO: Run Behavior\ContentReplaceBehavior [ RunTime:0.000000s ]
INFO: [ template_filter ] --END-- [ RunTime:0.000000s ]
NOTIC: [8] Undefined variable: v1 D:\phpstudy\WWW\totti\beauty\Runtime\Cache\Admin\2bf9087051dfcad938f84a67b5b048ca.php 第 415 行.
NOTIC: [8] Undefined variable: v1 D:\phpstudy\WWW\totti\beauty\Runtime\Cache\Admin\2bf9087051dfcad938f84a67b5b048ca.php 第 415 行.
INFO: Run Behavior\ParseTemplateBehavior [ RunTime:0.023001s ]
INFO: [ view_parse ] --END-- [ RunTime:0.023001s ]
INFO: [ view_filter ] --START--
INFO: Run Behavior\WriteHtmlCacheBehavior [ RunTime:0.002000s ]
INFO: [ view_filter ] --END-- [ RunTime:0.002000s ]
INFO: [ app_end ] --START--
INFO: Run Behavior\ShowPageTraceBehavior [ RunTime:0.001000s ]
INFO: [ app_end ] --END-- [ RunTime:0.001000s ]

[ 2017-04-11T17:29:30+08:00 ] 127.0.0.1 /totti/index.php/Admin/Index/top.html
INFO: [ app_init ] --START--
INFO: Run Behavior\BuildLiteBehavior [ RunTime:0.000000s ]
INFO: [ app_init ] --END-- [ RunTime:0.000000s ]
INFO: [ app_begin ] --START--
NOTIC: [2] filemtime(): stat failed for ./beauty/Admin/View/Index/top.html D:\phpstudy\WWW\totti\ThinkPHP\Library\Behavior\ReadHtmlCacheBehavior.class.php 第 104 行.
INFO: Run Behavior\ReadHtmlCacheBehavior [ RunTime:0.044003s ]
INFO: [ app_begin ] --END-- [ RunTime:0.044003s ]
SQL: SHOW COLUMNS FROM `beauty_message_admin` [ RunTime:0.0220s ]
SQL: SELECT COUNT(*) AS tp_count FROM `beauty_message_admin` WHERE `receiveId` = 1 AND `status` = 1 LIMIT 1   [ RunTime:0.0010s ]
INFO: [ view_parse ] --START--
INFO: [ template_filter ] --START--
INFO: Run Behavior\ContentReplaceBehavior [ RunTime:0.000000s ]
INFO: [ template_filter ] --END-- [ RunTime:0.000000s ]
INFO: Run Behavior\ParseTemplateBehavior [ RunTime:0.032001s ]
INFO: [ view_parse ] --END-- [ RunTime:0.032001s ]
INFO: [ view_filter ] --START--
INFO: Run Behavior\WriteHtmlCacheBehavior [ RunTime:0.002001s ]
INFO: [ view_filter ] --END-- [ RunTime:0.002001s ]
INFO: [ app_end ] --START--
INFO: Run Behavior\ShowPageTraceBehavior [ RunTime:0.001000s ]
INFO: [ app_end ] --END-- [ RunTime:0.002000s ]

[ 2017-04-11T17:29:30+08:00 ] 127.0.0.1 /totti/index.php/Admin/Index/footer.html
INFO: [ app_init ] --START--
INFO: Run Behavior\BuildLiteBehavior [ RunTime:0.000000s ]
INFO: [ app_init ] --END-- [ RunTime:0.001000s ]
INFO: [ app_begin ] --START--
NOTIC: [2] filemtime(): stat failed for ./beauty/Admin/View/Index/footer.html D:\phpstudy\WWW\totti\ThinkPHP\Library\Behavior\ReadHtmlCacheBehavior.class.php 第 104 行.
INFO: Run Behavior\ReadHtmlCacheBehavior [ RunTime:0.015001s ]
INFO: [ app_begin ] --END-- [ RunTime:0.015001s ]
INFO: [ view_parse ] --START--
INFO: [ template_filter ] --START--
INFO: Run Behavior\ContentReplaceBehavior [ RunTime:0.000000s ]
INFO: [ template_filter ] --END-- [ RunTime:0.000000s ]
INFO: Run Behavior\ParseTemplateBehavior [ RunTime:0.016001s ]
INFO: [ view_parse ] --END-- [ RunTime:0.016001s ]
INFO: [ view_filter ] --START--
INFO: Run Behavior\WriteHtmlCacheBehavior [ RunTime:0.005000s ]
INFO: [ view_filter ] --END-- [ RunTime:0.005000s ]
INFO: [ app_end ] --START--
INFO: Run Behavior\ShowPageTraceBehavior [ RunTime:0.003000s ]
INFO: [ app_end ] --END-- [ RunTime:0.003000s ]

[ 2017-04-11T17:29:31+08:00 ] 127.0.0.1 /totti/index.php/Admin/Index/main.html
INFO: [ app_init ] --START--
INFO: Run Behavior\BuildLiteBehavior [ RunTime:0.000000s ]
INFO: [ app_init ] --END-- [ RunTime:0.001000s ]
INFO: [ app_begin ] --START--
INFO: Run Behavior\ReadHtmlCacheBehavior [ RunTime:0.018001s ]
INFO: [ app_begin ] --END-- [ RunTime:0.018001s ]
SQL: SHOW COLUMNS FROM `beauty_admin` [ RunTime:0.0170s ]
SQL: SELECT `username`,`lastlogin`,`lastip` FROM `beauty_admin` WHERE `id` = 1  [ RunTime:0.0010s ]
SQL: SHOW COLUMNS FROM `beauty_goods` [ RunTime:0.0130s ]
SQL: SELECT * FROM `beauty_goods` ORDER BY salenum desc LIMIT 5   [ RunTime:0.0010s ]
SQL: SELECT * FROM `beauty_goods` ORDER BY num LIMIT 5   [ RunTime:0.0010s ]
INFO: [ view_parse ] --START--
INFO: [ template_filter ] --START--
INFO: Run Behavior\ContentReplaceBehavior [ RunTime:0.000000s ]
INFO: [ template_filter ] --END-- [ RunTime:0.000000s ]
INFO: Run Behavior\ParseTemplateBehavior [ RunTime:0.020001s ]
INFO: [ view_parse ] --END-- [ RunTime:0.020001s ]
INFO: [ view_filter ] --START--
INFO: Run Behavior\WriteHtmlCacheBehavior [ RunTime:0.002000s ]
INFO: [ view_filter ] --END-- [ RunTime:0.002000s ]
INFO: [ app_end ] --START--
INFO: Run Behavior\ShowPageTraceBehavior [ RunTime:0.001000s ]
INFO: [ app_end ] --END-- [ RunTime:0.002000s ]

[ 2017-04-11T17:29:32+08:00 ] 127.0.0.1 /totti/index.php/Admin/Index/getGoodsTop.html
INFO: [ app_init ] --START--
INFO: Run Behavior\BuildLiteBehavior [ RunTime:0.000000s ]
INFO: [ app_init ] --END-- [ RunTime:0.001000s ]
INFO: [ app_begin ] --START--
INFO: Run Behavior\ReadHtmlCacheBehavior [ RunTime:0.001000s ]
INFO: [ app_begin ] --END-- [ RunTime:0.001000s ]
SQL: SHOW COLUMNS FROM `beauty_goods` [ RunTime:0.0120s ]
SQL: SELECT `goodsname`,`salenum` FROM `beauty_goods` ORDER BY salenum desc LIMIT 0,10   [ RunTime:0.0010s ]

[ 2017-04-11T17:29:36+08:00 ] 127.0.0.1 /totti/index.php/Admin/Category/index.html
INFO: [ app_init ] --START--
INFO: Run Behavior\BuildLiteBehavior [ RunTime:0.000000s ]
INFO: [ app_init ] --END-- [ RunTime:0.001000s ]
INFO: [ app_begin ] --START--
NOTIC: [2] filemtime(): stat failed for ./beauty/Admin/View/Category/index.html D:\phpstudy\WWW\totti\ThinkPHP\Library\Behavior\ReadHtmlCacheBehavior.class.php 第 104 行.
INFO: Run Behavior\ReadHtmlCacheBehavior [ RunTime:0.024001s ]
INFO: [ app_begin ] --END-- [ RunTime:0.024001s ]
SQL: SHOW COLUMNS FROM `beauty_category` [ RunTime:0.0220s ]
SQL: SELECT COUNT(*) AS tp_count FROM `beauty_category` WHERE `cname` LIKE '%%' LIMIT 1   [ RunTime:0.0020s ]
SQL: SELECT * FROM `beauty_category` WHERE `cname` LIKE '%%' LIMIT 0,8   [ RunTime:0.0010s ]
SQL: SELECT * FROM `beauty_category` WHERE `id` IN ('1')  [ RunTime:0.0030s ]
SQL: SELECT * FROM `beauty_category` WHERE `id` IN ('1','2')  [ RunTime:0.0020s ]
SQL: SELECT * FROM `beauty_category` WHERE `id` IN ('1','2','3')  [ RunTime:0.0020s ]
SQL: SELECT * FROM `beauty_category` WHERE `id` IN ('1','2','4')  [ RunTime:0.0020s ]
SQL: SELECT * FROM `beauty_category` WHERE `id` IN ('1','2','5')  [ RunTime:0.0020s ]
SQL: SELECT * FROM `beauty_category` WHERE `id` IN ('1','2','6')  [ RunTime:0.0010s ]
SQL: SELECT * FROM `beauty_category` WHERE `id` IN ('1','7')  [ RunTime:0.0010s ]
SQL: SELECT * FROM `beauty_category` WHERE `id` IN ('1','7','8')  [ RunTime:0.0010s ]
NOTIC: [8] Undefined offset: 0 D:\phpstudy\WWW\totti\beauty\Admin\Controller\CategoryController.class.php 第 47 行.
NOTIC: [8] Undefined index: path D:\phpstudy\WWW\totti\beauty\Admin\Controller\CategoryController.class.php 第 47 行.
NOTIC: [8] Undefined offset: 1 D:\phpstudy\WWW\totti\beauty\Admin\Controller\CategoryController.class.php 第 47 行.
NOTIC: [8] Undefined index: path D:\phpstudy\WWW\totti\beauty\Admin\Controller\CategoryController.class.php 第 47 行.
NOTIC: [8] Undefined offset: 2 D:\phpstudy\WWW\totti\beauty\Admin\Controller\CategoryController.class.php 第 47 行.
NOTIC: [8] Undefined index: path D:\phpstudy\WWW\totti\beauty\Admin\Controller\CategoryController.class.php 第 47 行.
NOTIC: [8] Undefined offset: 3 D:\phpstudy\WWW\totti\beauty\Admin\Controller\CategoryController.class.php 第 47 行.
NOTIC: [8] Undefined index: path D:\phpstudy\WWW\totti\beauty\Admin\Controller\CategoryController.class.php 第 47 行.
NOTIC: [8] Undefined offset: 4 D:\phpstudy\WWW\totti\beauty\Admin\Controller\CategoryController.class.php 第 47 行.
NOTIC: [8] Undefined index: path D:\phpstudy\WWW\totti\beauty\Admin\Controller\CategoryController.class.php 第 47 行.
NOTIC: [8] Undefined offset: 5 D:\phpstudy\WWW\totti\beauty\Admin\Controller\CategoryController.class.php 第 47 行.
NOTIC: [8] Undefined index: path D:\phpstudy\WWW\totti\beauty\Admin\Controller\CategoryController.class.php 第 47 行.
NOTIC: [8] Undefined offset: 6 D:\phpstudy\WWW\totti\beauty\Admin\Controller\CategoryController.class.php 第 47 行.
NOTIC: [8] Undefined index: path D:\phpstudy\WWW\totti\beauty\Admin\Controller\CategoryController.class.php 第 47 行.
NOTIC: [8] Undefined offset: 7 D:\phpstudy\WWW\totti\beauty\Admin\Controller\CategoryController.class.php 第 47 行.
NOTIC: [8] Undefined index: path D:\phpstudy\WWW\totti\beauty\Admin\Controller\CategoryController.class.php 第 47 行.
INFO: [ view_parse ] --START--
INFO: [ template_filter ] --START--
INFO: Run Behavior\ContentReplaceBehavior [ RunTime:0.000000s ]
INFO: [ template_filter ] --END-- [ RunTime:0.000000s ]
NOTIC: [8] Undefined variable: time1 D:\phpstudy\WWW\totti\beauty\Runtime\Cache\Admin\9f66147abaac200cdd78b369301fc8ca.php 第 154 行.
NOTIC: [8] Undefined variable: time2 D:\phpstudy\WWW\totti\beauty\Runtime\Cache\Admin\9f66147abaac200cdd78b369301fc8ca.php 第 154 行.
NOTIC: [8] Undefined variable: time1 D:\phpstudy\WWW\totti\beauty\Runtime\Cache\Admin\9f66147abaac200cdd78b369301fc8ca.php 第 156 行.
NOTIC: [8] Undefined variable: time2 D:\phpstudy\WWW\totti\beauty\Runtime\Cache\Admin\9f66147abaac200cdd78b369301fc8ca.php 第 156 行.
INFO: Run Behavior\ParseTemplateBehavior [ RunTime:0.024002s ]
INFO: [ view_parse ] --END-- [ RunTime:0.024002s ]
INFO: [ view_filter ] --START--
INFO: Run Behavior\WriteHtmlCacheBehavior [ RunTime:0.003000s ]
INFO: [ view_filter ] --END-- [ RunTime:0.003000s ]
INFO: [ app_end ] --START--
INFO: Run Behavior\ShowPageTraceBehavior [ RunTime:0.001000s ]
INFO: [ app_end ] --END-- [ RunTime:0.001000s ]

[ 2017-04-11T17:29:37+08:00 ] 127.0.0.1 /totti/index.php/Admin/Category/index.html
INFO: [ app_init ] --START--
INFO: Run Behavior\BuildLiteBehavior [ RunTime:0.000000s ]
INFO: [ app_init ] --END-- [ RunTime:0.001000s ]
INFO: [ app_begin ] --START--
NOTIC: [2] filemtime(): stat failed for ./beauty/Admin/View/Category/index.html D:\phpstudy\WWW\totti\ThinkPHP\Library\Behavior\ReadHtmlCacheBehavior.class.php 第 104 行.
INFO: Run Behavior\ReadHtmlCacheBehavior [ RunTime:0.002000s ]
INFO: [ app_begin ] --END-- [ RunTime:0.002000s ]
SQL: SHOW COLUMNS FROM `beauty_category` [ RunTime:0.0180s ]
SQL: SELECT COUNT(*) AS tp_count FROM `beauty_category` WHERE `cname` LIKE '%%' LIMIT 1   [ RunTime:0.0010s ]
SQL: SELECT * FROM `beauty_category` WHERE `cname` LIKE '%%' LIMIT 0,8   [ RunTime:0.0010s ]
SQL: SELECT * FROM `beauty_category` WHERE `id` IN ('1')  [ RunTime:0.0010s ]
SQL: SELECT * FROM `beauty_category` WHERE `id` IN ('1','2')  [ RunTime:0.0010s ]
SQL: SELECT * FROM `beauty_category` WHERE `id` IN ('1','2','3')  [ RunTime:0.0010s ]
SQL: SELECT * FROM `beauty_category` WHERE `id` IN ('1','2','4')  [ RunTime:0.0000s ]
SQL: SELECT * FROM `beauty_category` WHERE `id` IN ('1','2','5')  [ RunTime:0.0010s ]
SQL: SELECT * FROM `beauty_category` WHERE `id` IN ('1','2','6')  [ RunTime:0.0010s ]
SQL: SELECT * FROM `beauty_category` WHERE `id` IN ('1','7')  [ RunTime:0.0010s ]
SQL: SELECT * FROM `beauty_category` WHERE `id` IN ('1','7','8')  [ RunTime:0.0010s ]
NOTIC: [8] Undefined offset: 0 D:\phpstudy\WWW\totti\beauty\Admin\Controller\CategoryController.class.php 第 47 行.
NOTIC: [8] Undefined index: path D:\phpstudy\WWW\totti\beauty\Admin\Controller\CategoryController.class.php 第 47 行.
NOTIC: [8] Undefined offset: 1 D:\phpstudy\WWW\totti\beauty\Admin\Controller\CategoryController.class.php 第 47 行.
NOTIC: [8] Undefined index: path D:\phpstudy\WWW\totti\beauty\Admin\Controller\CategoryController.class.php 第 47 行.
NOTIC: [8] Undefined offset: 2 D:\phpstudy\WWW\totti\beauty\Admin\Controller\CategoryController.class.php 第 47 行.
NOTIC: [8] Undefined index: path D:\phpstudy\WWW\totti\beauty\Admin\Controller\CategoryController.class.php 第 47 行.
NOTIC: [8] Undefined offset: 3 D:\phpstudy\WWW\totti\beauty\Admin\Controller\CategoryController.class.php 第 47 行.
NOTIC: [8] Undefined index: path D:\phpstudy\WWW\totti\beauty\Admin\Controller\CategoryController.class.php 第 47 行.
NOTIC: [8] Undefined offset: 4 D:\phpstudy\WWW\totti\beauty\Admin\Controller\CategoryController.class.php 第 47 行.
NOTIC: [8] Undefined index: path D:\phpstudy\WWW\totti\beauty\Admin\Controller\CategoryController.class.php 第 47 行.
NOTIC: [8] Undefined offset: 5 D:\phpstudy\WWW\totti\beauty\Admin\Controller\CategoryController.class.php 第 47 行.
NOTIC: [8] Undefined index: path D:\phpstudy\WWW\totti\beauty\Admin\Controller\CategoryController.class.php 第 47 行.
NOTIC: [8] Undefined offset: 6 D:\phpstudy\WWW\totti\beauty\Admin\Controller\CategoryController.class.php 第 47 行.
NOTIC: [8] Undefined index: path D:\phpstudy\WWW\totti\beauty\Admin\Controller\CategoryController.class.php 第 47 行.
NOTIC: [8] Undefined offset: 7 D:\phpstudy\WWW\totti\beauty\Admin\Controller\CategoryController.class.php 第 47 行.
NOTIC: [8] Undefined index: path D:\phpstudy\WWW\totti\beauty\Admin\Controller\CategoryController.class.php 第 47 行.
INFO: [ view_parse ] --START--
INFO: [ template_filter ] --START--
INFO: Run Behavior\ContentReplaceBehavior [ RunTime:0.000000s ]
INFO: [ template_filter ] --END-- [ RunTime:0.000000s ]
NOTIC: [8] Undefined variable: time1 D:\phpstudy\WWW\totti\beauty\Runtime\Cache\Admin\9f66147abaac200cdd78b369301fc8ca.php 第 154 行.
NOTIC: [8] Undefined variable: time2 D:\phpstudy\WWW\totti\beauty\Runtime\Cache\Admin\9f66147abaac200cdd78b369301fc8ca.php 第 154 行.
NOTIC: [8] Undefined variable: time1 D:\phpstudy\WWW\totti\beauty\Runtime\Cache\Admin\9f66147abaac200cdd78b369301fc8ca.php 第 156 行.
NOTIC: [8] Undefined variable: time2 D:\phpstudy\WWW\totti\beauty\Runtime\Cache\Admin\9f66147abaac200cdd78b369301fc8ca.php 第 156 行.
INFO: Run Behavior\ParseTemplateBehavior [ RunTime:0.018001s ]
INFO: [ view_parse ] --END-- [ RunTime:0.019001s ]
INFO: [ view_filter ] --START--
INFO: Run Behavior\WriteHtmlCacheBehavior [ RunTime:0.001000s ]
INFO: [ view_filter ] --END-- [ RunTime:0.001000s ]
INFO: [ app_end ] --START--
INFO: Run Behavior\ShowPageTraceBehavior [ RunTime:0.002000s ]
INFO: [ app_end ] --END-- [ RunTime:0.002000s ]

