[ 2017-03-30T15:41:09+08:00 ] 127.0.0.1 /totti/Admin
INFO: [ app_init ] --START--
INFO: Run Behavior\BuildLiteBehavior [ RunTime:0.000000s ]
INFO: [ app_init ] --END-- [ RunTime:0.002000s ]
INFO: [ app_begin ] --START--
INFO: Run Behavior\ReadHtmlCacheBehavior [ RunTime:0.001000s ]
INFO: [ app_begin ] --END-- [ RunTime:0.001000s ]

[ 2017-03-30T15:41:09+08:00 ] 127.0.0.1 /totti/index.php/Admin/Login/login.html
INFO: [ app_init ] --START--
INFO: Run Behavior\BuildLiteBehavior [ RunTime:0.000000s ]
INFO: [ app_init ] --END-- [ RunTime:0.000000s ]
INFO: [ app_begin ] --START--
INFO: Run Behavior\ReadHtmlCacheBehavior [ RunTime:0.028001s ]
INFO: [ app_begin ] --END-- [ RunTime:0.028001s ]
INFO: [ view_parse ] --START--
INFO: [ template_filter ] --START--
INFO: Run Behavior\ContentReplaceBehavior [ RunTime:0.000000s ]
INFO: [ template_filter ] --END-- [ RunTime:0.000000s ]
INFO: Run Behavior\ParseTemplateBehavior [ RunTime:0.018001s ]
INFO: [ view_parse ] --END-- [ RunTime:0.018001s ]
INFO: [ view_filter ] --START--
INFO: Run Behavior\WriteHtmlCacheBehavior [ RunTime:0.002000s ]
INFO: [ view_filter ] --END-- [ RunTime:0.003001s ]
INFO: [ app_end ] --START--
INFO: Run Behavior\ShowPageTraceBehavior [ RunTime:0.001000s ]
INFO: [ app_end ] --END-- [ RunTime:0.001000s ]

[ 2017-03-30T15:41:09+08:00 ] 127.0.0.1 /totti/index.php/Admin/Login/verify.html
INFO: [ app_init ] --START--
INFO: Run Behavior\BuildLiteBehavior [ RunTime:0.000000s ]
INFO: [ app_init ] --END-- [ RunTime:0.000000s ]
INFO: [ app_begin ] --START--
INFO: Run Behavior\ReadHtmlCacheBehavior [ RunTime:0.002001s ]
INFO: [ app_begin ] --END-- [ RunTime:0.002001s ]
INFO: [ app_end ] --START--
INFO: Run Behavior\ShowPageTraceBehavior [ RunTime:0.001000s ]
INFO: [ app_end ] --END-- [ RunTime:0.001000s ]

[ 2017-03-30T15:41:14+08:00 ] 127.0.0.1 /totti/index.php/Admin/Login/chkAdmin.html
INFO: [ app_init ] --START--
INFO: Run Behavior\BuildLiteBehavior [ RunTime:0.000000s ]
INFO: [ app_init ] --END-- [ RunTime:0.000000s ]
INFO: [ app_begin ] --START--
INFO: Run Behavior\ReadHtmlCacheBehavior [ RunTime:0.001000s ]
INFO: [ app_begin ] --END-- [ RunTime:0.001000s ]
SQL: SHOW COLUMNS FROM `beauty_admin` [ RunTime:0.0230s ]
SQL: SELECT * FROM `beauty_admin` WHERE `username` = 'admin' LIMIT 1   [ RunTime:0.0000s ]
INFO: [ app_end ] --START--
INFO: Run Behavior\ShowPageTraceBehavior [ RunTime:0.001000s ]
INFO: [ app_end ] --END-- [ RunTime:0.002000s ]

[ 2017-03-30T15:41:19+08:00 ] 127.0.0.1 /totti/index.php/Admin/Login/chkVerify.html
INFO: [ app_init ] --START--
INFO: Run Behavior\BuildLiteBehavior [ RunTime:0.000000s ]
INFO: [ app_init ] --END-- [ RunTime:0.000000s ]
INFO: [ app_begin ] --START--
INFO: Run Behavior\ReadHtmlCacheBehavior [ RunTime:0.001000s ]
INFO: [ app_begin ] --END-- [ RunTime:0.001000s ]
INFO: [ app_end ] --START--
INFO: Run Behavior\ShowPageTraceBehavior [ RunTime:0.001000s ]
INFO: [ app_end ] --END-- [ RunTime:0.001000s ]

[ 2017-03-30T15:41:20+08:00 ] 127.0.0.1 /totti/index.php/Admin/Login/login.html
INFO: [ app_init ] --START--
INFO: Run Behavior\BuildLiteBehavior [ RunTime:0.000000s ]
INFO: [ app_init ] --END-- [ RunTime:0.001000s ]
INFO: [ app_begin ] --START--
INFO: Run Behavior\ReadHtmlCacheBehavior [ RunTime:0.001000s ]
INFO: [ app_begin ] --END-- [ RunTime:0.001000s ]
SQL: SHOW COLUMNS FROM `beauty_admin` [ RunTime:0.0060s ]
NOTIC: [8] Undefined index: validate D:\phpstudy\WWW\totti\ThinkPHP\Library\Think\Model.class.php 第 1185 行.
SQL: SELECT * FROM `beauty_admin` WHERE `username` = 'admin' LIMIT 1   [ RunTime:0.0000s ]
SQL: SELECT * FROM `beauty_admin` WHERE `username` = 'admin' AND `password` = '21232f297a57a5a743894a0e4a801fc3' LIMIT 1   [ RunTime:0.0000s ]
SQL: UPDATE `beauty_admin` SET `online`='1',`lastlogin`='1490859680',`lastip`='127.0.0.1' WHERE `id` = 1 [ RunTime:0.0150s ]

[ 2017-03-30T15:41:23+08:00 ] 127.0.0.1 /totti/index.php/Admin/Index/index.html
INFO: [ app_init ] --START--
INFO: Run Behavior\BuildLiteBehavior [ RunTime:0.000000s ]
INFO: [ app_init ] --END-- [ RunTime:0.000000s ]
INFO: [ app_begin ] --START--
INFO: Run Behavior\ReadHtmlCacheBehavior [ RunTime:0.015001s ]
INFO: [ app_begin ] --END-- [ RunTime:0.016001s ]
INFO: [ view_parse ] --START--
INFO: [ template_filter ] --START--
INFO: Run Behavior\ContentReplaceBehavior [ RunTime:0.000000s ]
INFO: [ template_filter ] --END-- [ RunTime:0.000000s ]
INFO: Run Behavior\ParseTemplateBehavior [ RunTime:0.026002s ]
INFO: [ view_parse ] --END-- [ RunTime:0.026002s ]
INFO: [ view_filter ] --START--
INFO: Run Behavior\WriteHtmlCacheBehavior [ RunTime:0.001000s ]
INFO: [ view_filter ] --END-- [ RunTime:0.001000s ]
INFO: [ app_end ] --START--
INFO: Run Behavior\ShowPageTraceBehavior [ RunTime:0.001000s ]
INFO: [ app_end ] --END-- [ RunTime:0.001000s ]

[ 2017-03-30T15:41:24+08:00 ] 127.0.0.1 /totti/index.php/Admin/Index/top.html
INFO: [ app_init ] --START--
INFO: Run Behavior\BuildLiteBehavior [ RunTime:0.000000s ]
INFO: [ app_init ] --END-- [ RunTime:0.000000s ]
INFO: [ app_begin ] --START--
NOTIC: [2] filemtime(): stat failed for ./beauty/Admin/View/Index/top.html D:\phpstudy\WWW\totti\ThinkPHP\Library\Behavior\ReadHtmlCacheBehavior.class.php 第 104 行.
INFO: Run Behavior\ReadHtmlCacheBehavior [ RunTime:0.048003s ]
INFO: [ app_begin ] --END-- [ RunTime:0.048003s ]
SQL: SHOW COLUMNS FROM `beauty_message_admin` [ RunTime:0.0160s ]
SQL: SELECT COUNT(*) AS tp_count FROM `beauty_message_admin` WHERE `receiveId` = 1 AND `status` = 1 LIMIT 1   [ RunTime:0.0010s ]
INFO: [ view_parse ] --START--
INFO: [ template_filter ] --START--
INFO: Run Behavior\ContentReplaceBehavior [ RunTime:0.000000s ]
INFO: [ template_filter ] --END-- [ RunTime:0.000000s ]
INFO: Run Behavior\ParseTemplateBehavior [ RunTime:0.017001s ]
INFO: [ view_parse ] --END-- [ RunTime:0.017001s ]
INFO: [ view_filter ] --START--
INFO: Run Behavior\WriteHtmlCacheBehavior [ RunTime:0.002000s ]
INFO: [ view_filter ] --END-- [ RunTime:0.002000s ]
INFO: [ app_end ] --START--
INFO: Run Behavior\ShowPageTraceBehavior [ RunTime:0.002000s ]
INFO: [ app_end ] --END-- [ RunTime:0.002000s ]

[ 2017-03-30T15:41:25+08:00 ] 127.0.0.1 /totti/index.php/Admin/Index/left.html
INFO: [ app_init ] --START--
INFO: Run Behavior\BuildLiteBehavior [ RunTime:0.000000s ]
INFO: [ app_init ] --END-- [ RunTime:0.001000s ]
INFO: [ app_begin ] --START--
NOTIC: [2] filemtime(): stat failed for ./beauty/Admin/View/Index/left.html D:\phpstudy\WWW\totti\ThinkPHP\Library\Behavior\ReadHtmlCacheBehavior.class.php 第 104 行.
INFO: Run Behavior\ReadHtmlCacheBehavior [ RunTime:0.048003s ]
INFO: [ app_begin ] --END-- [ RunTime:0.048003s ]
SQL: SHOW COLUMNS FROM `beauty_admin_nav` [ RunTime:0.0280s ]
SQL: SELECT * FROM `beauty_admin_nav` WHERE `pid` = 0 ORDER BY priority  [ RunTime:0.0020s ]
SQL: SHOW COLUMNS FROM `beauty_auth_group_access` [ RunTime:0.0260s ]
SQL: SELECT `uid`,`group_id`,`title`,`rules` FROM beauty_auth_group_access a INNER JOIN beauty_auth_group g on a.group_id=g.id  WHERE ( a.uid='1' and g.status='1' )  [ RunTime:0.0100s ]
SQL: SHOW COLUMNS FROM `beauty_auth_rule` [ RunTime:0.0100s ]
SQL: SELECT `condition`,`name` FROM `beauty_auth_rule` WHERE `id` IN ('1','41','40','42','43','44','2','13','14','3','15','16','18','20','21','19','4','22','23','5','24','25','6','26','27','7','28','51','9','34','35','484','488','8','29','30','31','32','33','54','10','36','37','11','38','52','53','45','46','47','12','39','48','17','49','50','55','56','57') AND `type` = 1 AND `status` = 1  [ RunTime:0.0080s ]
SQL: SELECT * FROM `beauty_admin_nav` WHERE `pid` = 1 ORDER BY priority  [ RunTime:0.0010s ]
SQL: SELECT * FROM `beauty_admin_nav` WHERE `pid` = 2 ORDER BY priority  [ RunTime:0.0010s ]
SQL: SELECT * FROM `beauty_admin_nav` WHERE `pid` = 48 ORDER BY priority  [ RunTime:0.0000s ]
SQL: SELECT * FROM `beauty_admin_nav` WHERE `pid` = 3 ORDER BY priority  [ RunTime:0.0010s ]
SQL: SELECT * FROM `beauty_admin_nav` WHERE `pid` = 4 ORDER BY priority  [ RunTime:0.0000s ]
SQL: SELECT * FROM `beauty_admin_nav` WHERE `pid` = 5 ORDER BY priority  [ RunTime:0.0010s ]
SQL: SELECT * FROM `beauty_admin_nav` WHERE `pid` = 6 ORDER BY priority  [ RunTime:0.0010s ]
SQL: SELECT * FROM `beauty_admin_nav` WHERE `pid` = 7 ORDER BY priority  [ RunTime:0.0010s ]
SQL: SELECT * FROM `beauty_admin_nav` WHERE `pid` = 8 ORDER BY priority  [ RunTime:0.0010s ]
SQL: SELECT * FROM `beauty_admin_nav` WHERE `pid` = 9 ORDER BY priority  [ RunTime:0.0000s ]
SQL: SELECT * FROM `beauty_admin_nav` WHERE `pid` = 10 ORDER BY priority  [ RunTime:0.0010s ]
SQL: SELECT * FROM `beauty_admin_nav` WHERE `pid` = 11 ORDER BY priority  [ RunTime:0.0010s ]
SQL: SELECT * FROM `beauty_admin_nav` WHERE `pid` = 12 ORDER BY priority  [ RunTime:0.0010s ]
SQL: SELECT * FROM `beauty_admin_nav` WHERE `pid` = 45 ORDER BY priority  [ RunTime:0.0000s ]
SQL: SELECT * FROM `beauty_admin_nav` WHERE `pid` = 55 ORDER BY priority  [ RunTime:0.0010s ]
INFO: [ view_parse ] --START--
INFO: [ template_filter ] --START--
INFO: Run Behavior\ContentReplaceBehavior [ RunTime:0.000000s ]
INFO: [ template_filter ] --END-- [ RunTime:0.000000s ]
NOTIC: [8] Undefined variable: v1 D:\phpstudy\WWW\totti\beauty\Runtime\Cache\Admin\2bf9087051dfcad938f84a67b5b048ca.php 第 415 行.
NOTIC: [8] Undefined variable: v1 D:\phpstudy\WWW\totti\beauty\Runtime\Cache\Admin\2bf9087051dfcad938f84a67b5b048ca.php 第 415 行.
INFO: Run Behavior\ParseTemplateBehavior [ RunTime:0.034002s ]
INFO: [ view_parse ] --END-- [ RunTime:0.034002s ]
INFO: [ view_filter ] --START--
INFO: Run Behavior\WriteHtmlCacheBehavior [ RunTime:0.001000s ]
INFO: [ view_filter ] --END-- [ RunTime:0.001000s ]
INFO: [ app_end ] --START--
INFO: Run Behavior\ShowPageTraceBehavior [ RunTime:0.001000s ]
INFO: [ app_end ] --END-- [ RunTime:0.001000s ]

[ 2017-03-30T15:41:25+08:00 ] 127.0.0.1 /totti/index.php/Admin/Index/footer.html
INFO: [ app_init ] --START--
INFO: Run Behavior\BuildLiteBehavior [ RunTime:0.000000s ]
INFO: [ app_init ] --END-- [ RunTime:0.000000s ]
INFO: [ app_begin ] --START--
NOTIC: [2] filemtime(): stat failed for ./beauty/Admin/View/Index/footer.html D:\phpstudy\WWW\totti\ThinkPHP\Library\Behavior\ReadHtmlCacheBehavior.class.php 第 104 行.
INFO: Run Behavior\ReadHtmlCacheBehavior [ RunTime:0.019001s ]
INFO: [ app_begin ] --END-- [ RunTime:0.020001s ]
INFO: [ view_parse ] --START--
INFO: [ template_filter ] --START--
INFO: Run Behavior\ContentReplaceBehavior [ RunTime:0.000000s ]
INFO: [ template_filter ] --END-- [ RunTime:0.000000s ]
INFO: Run Behavior\ParseTemplateBehavior [ RunTime:0.008000s ]
INFO: [ view_parse ] --END-- [ RunTime:0.009000s ]
INFO: [ view_filter ] --START--
INFO: Run Behavior\WriteHtmlCacheBehavior [ RunTime:0.001000s ]
INFO: [ view_filter ] --END-- [ RunTime:0.001000s ]
INFO: [ app_end ] --START--
INFO: Run Behavior\ShowPageTraceBehavior [ RunTime:0.002000s ]
INFO: [ app_end ] --END-- [ RunTime:0.002000s ]

[ 2017-03-30T15:41:26+08:00 ] 127.0.0.1 /totti/index.php/Admin/Index/main.html
INFO: [ app_init ] --START--
INFO: Run Behavior\BuildLiteBehavior [ RunTime:0.000000s ]
INFO: [ app_init ] --END-- [ RunTime:0.001000s ]
INFO: [ app_begin ] --START--
INFO: Run Behavior\ReadHtmlCacheBehavior [ RunTime:0.029002s ]
INFO: [ app_begin ] --END-- [ RunTime:0.029002s ]
SQL: SHOW COLUMNS FROM `beauty_admin` [ RunTime:0.0160s ]
SQL: SELECT `username`,`lastlogin`,`lastip` FROM `beauty_admin` WHERE `id` = 1  [ RunTime:0.0000s ]
SQL: SHOW COLUMNS FROM `beauty_goods` [ RunTime:0.0090s ]
SQL: SELECT * FROM `beauty_goods` ORDER BY salenum desc LIMIT 5   [ RunTime:0.0010s ]
SQL: SELECT * FROM `beauty_goods` ORDER BY num LIMIT 5   [ RunTime:0.0010s ]
INFO: [ view_parse ] --START--
INFO: [ template_filter ] --START--
INFO: Run Behavior\ContentReplaceBehavior [ RunTime:0.000000s ]
INFO: [ template_filter ] --END-- [ RunTime:0.001000s ]
INFO: Run Behavior\ParseTemplateBehavior [ RunTime:0.022002s ]
INFO: [ view_parse ] --END-- [ RunTime:0.022002s ]
INFO: [ view_filter ] --START--
INFO: Run Behavior\WriteHtmlCacheBehavior [ RunTime:0.002000s ]
INFO: [ view_filter ] --END-- [ RunTime:0.002000s ]
INFO: [ app_end ] --START--
INFO: Run Behavior\ShowPageTraceBehavior [ RunTime:0.002000s ]
INFO: [ app_end ] --END-- [ RunTime:0.002000s ]

[ 2017-03-30T15:41:28+08:00 ] 127.0.0.1 /totti/index.php/Admin/Index/getGoodsTop.html
INFO: [ app_init ] --START--
INFO: Run Behavior\BuildLiteBehavior [ RunTime:0.000000s ]
INFO: [ app_init ] --END-- [ RunTime:0.001000s ]
INFO: [ app_begin ] --START--
INFO: Run Behavior\ReadHtmlCacheBehavior [ RunTime:0.002000s ]
INFO: [ app_begin ] --END-- [ RunTime:0.002000s ]
SQL: SHOW COLUMNS FROM `beauty_goods` [ RunTime:0.0080s ]
SQL: SELECT `goodsname`,`salenum` FROM `beauty_goods` ORDER BY salenum desc LIMIT 0,10   [ RunTime:0.0010s ]

[ 2017-03-30T15:41:35+08:00 ] 127.0.0.1 /totti/index.php/Admin/Sale/index.html
INFO: [ app_init ] --START--
INFO: Run Behavior\BuildLiteBehavior [ RunTime:0.000000s ]
INFO: [ app_init ] --END-- [ RunTime:0.001000s ]
INFO: [ app_begin ] --START--
INFO: Run Behavior\ReadHtmlCacheBehavior [ RunTime:0.001000s ]
INFO: [ app_begin ] --END-- [ RunTime:0.001000s ]
SQL: SHOW COLUMNS FROM `beauty_activity` [ RunTime:0.0170s ]
SQL: SELECT `stoptime` FROM `beauty_activity`  [ RunTime:0.0000s ]
SQL: UPDATE `beauty_activity` SET `astatus`='0' WHERE `stoptime` = '1482940800' [ RunTime:0.0220s ]
SQL: UPDATE `beauty_activity` SET `astatus`='0' WHERE `stoptime` = '1482940800' [ RunTime:0.0170s ]
SQL: UPDATE `beauty_activity` SET `astatus`='0' WHERE `stoptime` = '1482076800' [ RunTime:0.0160s ]
SQL: UPDATE `beauty_activity` SET `astatus`='0' WHERE `stoptime` = '1482076800' [ RunTime:0.0160s ]
SQL: UPDATE `beauty_activity` SET `astatus`='0' WHERE `stoptime` = '1480867200' [ RunTime:0.0250s ]
SQL: UPDATE `beauty_activity` SET `astatus`='0' WHERE `stoptime` = '1480867200' [ RunTime:0.0160s ]
SQL: SHOW COLUMNS FROM `beauty_brands` [ RunTime:0.0090s ]
SQL: SELECT COUNT(*) AS tp_count FROM beauty_brands b,beauty_activity a WHERE ( b.id=a.bid ) LIMIT 1   [ RunTime:0.0000s ]
SQL: SHOW COLUMNS FROM `beauty_brands` [ RunTime:0.0100s ]
SQL: SELECT * FROM beauty_brands b,beauty_activity a WHERE ( b.id=a.bid ) ORDER BY a.addtime desc LIMIT 0,8   [ RunTime:0.0010s ]
INFO: [ view_parse ] --START--
INFO: [ template_filter ] --START--
INFO: Run Behavior\ContentReplaceBehavior [ RunTime:0.000000s ]
INFO: [ template_filter ] --END-- [ RunTime:0.000000s ]
NOTIC: [8] Undefined variable: keywords D:\phpstudy\WWW\totti\beauty\Runtime\Cache\Admin\dd42eb4dbf9dee55d93f5e13fb34d060.php 第 79 行.
NOTIC: [8] Undefined variable: time1 D:\phpstudy\WWW\totti\beauty\Runtime\Cache\Admin\dd42eb4dbf9dee55d93f5e13fb34d060.php 第 82 行.
NOTIC: [8] Undefined variable: time2 D:\phpstudy\WWW\totti\beauty\Runtime\Cache\Admin\dd42eb4dbf9dee55d93f5e13fb34d060.php 第 84 行.
NOTIC: [8] Undefined index: catename D:\phpstudy\WWW\totti\beauty\Runtime\Cache\Admin\dd42eb4dbf9dee55d93f5e13fb34d060.php 第 117 行.
NOTIC: [8] Undefined index: catename D:\phpstudy\WWW\totti\beauty\Runtime\Cache\Admin\dd42eb4dbf9dee55d93f5e13fb34d060.php 第 117 行.
NOTIC: [8] Undefined index: catename D:\phpstudy\WWW\totti\beauty\Runtime\Cache\Admin\dd42eb4dbf9dee55d93f5e13fb34d060.php 第 117 行.
INFO: Run Behavior\ParseTemplateBehavior [ RunTime:0.032001s ]
INFO: [ view_parse ] --END-- [ RunTime:0.032001s ]
INFO: [ view_filter ] --START--
INFO: Run Behavior\WriteHtmlCacheBehavior [ RunTime:0.002000s ]
INFO: [ view_filter ] --END-- [ RunTime:0.002000s ]
INFO: [ app_end ] --START--
INFO: Run Behavior\ShowPageTraceBehavior [ RunTime:0.001001s ]
INFO: [ app_end ] --END-- [ RunTime:0.002001s ]

[ 2017-03-30T15:41:36+08:00 ] 127.0.0.1 /totti/index.php/Admin/Sale/index.html
INFO: [ app_init ] --START--
INFO: Run Behavior\BuildLiteBehavior [ RunTime:0.000000s ]
INFO: [ app_init ] --END-- [ RunTime:0.001001s ]
INFO: [ app_begin ] --START--
NOTIC: [2] filemtime(): stat failed for ./beauty/Admin/View/Sale/index.html D:\phpstudy\WWW\totti\ThinkPHP\Library\Behavior\ReadHtmlCacheBehavior.class.php 第 104 行.

[ 2017-03-30T15:41:36+08:00 ] 127.0.0.1 /totti/index.php/Admin/Sale/index.html
INFO: [ app_init ] --START--
INFO: Run Behavior\BuildLiteBehavior [ RunTime:0.000000s ]
INFO: [ app_init ] --END-- [ RunTime:0.001000s ]
INFO: [ app_begin ] --START--
INFO: Run Behavior\ReadHtmlCacheBehavior [ RunTime:0.002000s ]
INFO: [ app_begin ] --END-- [ RunTime:0.002000s ]
SQL: SHOW COLUMNS FROM `beauty_activity` [ RunTime:0.0160s ]
SQL: SELECT `stoptime` FROM `beauty_activity`  [ RunTime:0.0010s ]
SQL: UPDATE `beauty_activity` SET `astatus`='0' WHERE `stoptime` = '1482940800' [ RunTime:0.0570s ]
SQL: UPDATE `beauty_activity` SET `astatus`='0' WHERE `stoptime` = '1482940800' [ RunTime:0.0240s ]
SQL: UPDATE `beauty_activity` SET `astatus`='0' WHERE `stoptime` = '1482076800' [ RunTime:0.0240s ]
SQL: UPDATE `beauty_activity` SET `astatus`='0' WHERE `stoptime` = '1482076800' [ RunTime:0.0240s ]
SQL: UPDATE `beauty_activity` SET `astatus`='0' WHERE `stoptime` = '1480867200' [ RunTime:0.0160s ]
SQL: UPDATE `beauty_activity` SET `astatus`='0' WHERE `stoptime` = '1480867200' [ RunTime:0.0250s ]
SQL: SHOW COLUMNS FROM `beauty_brands` [ RunTime:0.0160s ]
SQL: SELECT COUNT(*) AS tp_count FROM beauty_brands b,beauty_activity a WHERE ( b.id=a.bid ) LIMIT 1   [ RunTime:0.0010s ]
SQL: SHOW COLUMNS FROM `beauty_brands` [ RunTime:0.0090s ]
SQL: SELECT * FROM beauty_brands b,beauty_activity a WHERE ( b.id=a.bid ) ORDER BY a.addtime desc LIMIT 0,8   [ RunTime:0.0010s ]
INFO: [ view_parse ] --START--
INFO: [ template_filter ] --START--
INFO: Run Behavior\ContentReplaceBehavior [ RunTime:0.000000s ]
INFO: [ template_filter ] --END-- [ RunTime:0.000000s ]
NOTIC: [8] Undefined variable: keywords D:\phpstudy\WWW\totti\beauty\Runtime\Cache\Admin\dd42eb4dbf9dee55d93f5e13fb34d060.php 第 79 行.
NOTIC: [8] Undefined variable: time1 D:\phpstudy\WWW\totti\beauty\Runtime\Cache\Admin\dd42eb4dbf9dee55d93f5e13fb34d060.php 第 82 行.
NOTIC: [8] Undefined variable: time2 D:\phpstudy\WWW\totti\beauty\Runtime\Cache\Admin\dd42eb4dbf9dee55d93f5e13fb34d060.php 第 84 行.
NOTIC: [8] Undefined index: catename D:\phpstudy\WWW\totti\beauty\Runtime\Cache\Admin\dd42eb4dbf9dee55d93f5e13fb34d060.php 第 117 行.
NOTIC: [8] Undefined index: catename D:\phpstudy\WWW\totti\beauty\Runtime\Cache\Admin\dd42eb4dbf9dee55d93f5e13fb34d060.php 第 117 行.
NOTIC: [8] Undefined index: catename D:\phpstudy\WWW\totti\beauty\Runtime\Cache\Admin\dd42eb4dbf9dee55d93f5e13fb34d060.php 第 117 行.
INFO: Run Behavior\ParseTemplateBehavior [ RunTime:0.019001s ]
INFO: [ view_parse ] --END-- [ RunTime:0.019001s ]
INFO: [ view_filter ] --START--
INFO: Run Behavior\WriteHtmlCacheBehavior [ RunTime:0.002000s ]
INFO: [ view_filter ] --END-- [ RunTime:0.002000s ]
INFO: [ app_end ] --START--
INFO: Run Behavior\ShowPageTraceBehavior [ RunTime:0.001000s ]
INFO: [ app_end ] --END-- [ RunTime:0.001000s ]

[ 2017-03-30T15:41:41+08:00 ] 127.0.0.1 /totti/index.php/Admin/Sale/add.html
INFO: [ app_init ] --START--
INFO: Run Behavior\BuildLiteBehavior [ RunTime:0.000000s ]
INFO: [ app_init ] --END-- [ RunTime:0.000000s ]
INFO: [ app_begin ] --START--
INFO: Run Behavior\ReadHtmlCacheBehavior [ RunTime:0.001000s ]
INFO: [ app_begin ] --END-- [ RunTime:0.001000s ]
ERR: 系统不支持:memcache

[ 2017-03-30T15:41:42+08:00 ] 127.0.0.1 /totti/index.php/Admin/Sale/add.html
INFO: [ app_init ] --START--
INFO: Run Behavior\BuildLiteBehavior [ RunTime:0.000000s ]
INFO: [ app_init ] --END-- [ RunTime:0.001000s ]
INFO: [ app_begin ] --START--
INFO: Run Behavior\ReadHtmlCacheBehavior [ RunTime:0.001000s ]
INFO: [ app_begin ] --END-- [ RunTime:0.001000s ]
ERR: 系统不支持:memcache

[ 2017-03-30T15:41:51+08:00 ] 127.0.0.1 /totti/index.php/Admin/Sale/index.html
INFO: [ app_init ] --START--
INFO: Run Behavior\BuildLiteBehavior [ RunTime:0.000000s ]
INFO: [ app_init ] --END-- [ RunTime:0.001000s ]
INFO: [ app_begin ] --START--
NOTIC: [2] filemtime(): stat failed for ./beauty/Admin/View/Sale/index.html D:\phpstudy\WWW\totti\ThinkPHP\Library\Behavior\ReadHtmlCacheBehavior.class.php 第 104 行.
INFO: Run Behavior\ReadHtmlCacheBehavior [ RunTime:0.001000s ]
INFO: [ app_begin ] --END-- [ RunTime:0.001000s ]
SQL: SHOW COLUMNS FROM `beauty_activity` [ RunTime:0.0060s ]
SQL: SELECT `stoptime` FROM `beauty_activity`  [ RunTime:0.0010s ]
SQL: UPDATE `beauty_activity` SET `astatus`='0' WHERE `stoptime` = '1482940800' [ RunTime:0.0250s ]
SQL: UPDATE `beauty_activity` SET `astatus`='0' WHERE `stoptime` = '1482940800' [ RunTime:0.0250s ]
SQL: UPDATE `beauty_activity` SET `astatus`='0' WHERE `stoptime` = '1482076800' [ RunTime:0.0340s ]
SQL: UPDATE `beauty_activity` SET `astatus`='0' WHERE `stoptime` = '1482076800' [ RunTime:0.0240s ]
SQL: UPDATE `beauty_activity` SET `astatus`='0' WHERE `stoptime` = '1480867200' [ RunTime:0.0260s ]
SQL: UPDATE `beauty_activity` SET `astatus`='0' WHERE `stoptime` = '1480867200' [ RunTime:0.0230s ]
SQL: SHOW COLUMNS FROM `beauty_brands` [ RunTime:0.0090s ]
SQL: SELECT COUNT(*) AS tp_count FROM beauty_brands b,beauty_activity a WHERE ( b.id=a.bid ) LIMIT 1   [ RunTime:0.0010s ]
SQL: SHOW COLUMNS FROM `beauty_brands` [ RunTime:0.0070s ]
SQL: SELECT * FROM beauty_brands b,beauty_activity a WHERE ( b.id=a.bid ) ORDER BY a.addtime desc LIMIT 0,8   [ RunTime:0.0010s ]
INFO: [ view_parse ] --START--
INFO: [ template_filter ] --START--
INFO: Run Behavior\ContentReplaceBehavior [ RunTime:0.000000s ]
INFO: [ template_filter ] --END-- [ RunTime:0.001000s ]
NOTIC: [8] Undefined variable: keywords D:\phpstudy\WWW\totti\beauty\Runtime\Cache\Admin\dd42eb4dbf9dee55d93f5e13fb34d060.php 第 79 行.
NOTIC: [8] Undefined variable: time1 D:\phpstudy\WWW\totti\beauty\Runtime\Cache\Admin\dd42eb4dbf9dee55d93f5e13fb34d060.php 第 82 行.
NOTIC: [8] Undefined variable: time2 D:\phpstudy\WWW\totti\beauty\Runtime\Cache\Admin\dd42eb4dbf9dee55d93f5e13fb34d060.php 第 84 行.
NOTIC: [8] Undefined index: catename D:\phpstudy\WWW\totti\beauty\Runtime\Cache\Admin\dd42eb4dbf9dee55d93f5e13fb34d060.php 第 117 行.
NOTIC: [8] Undefined index: catename D:\phpstudy\WWW\totti\beauty\Runtime\Cache\Admin\dd42eb4dbf9dee55d93f5e13fb34d060.php 第 117 行.
NOTIC: [8] Undefined index: catename D:\phpstudy\WWW\totti\beauty\Runtime\Cache\Admin\dd42eb4dbf9dee55d93f5e13fb34d060.php 第 117 行.
INFO: Run Behavior\ParseTemplateBehavior [ RunTime:0.012001s ]
INFO: [ view_parse ] --END-- [ RunTime:0.012001s ]
INFO: [ view_filter ] --START--
INFO: Run Behavior\WriteHtmlCacheBehavior [ RunTime:0.001000s ]
INFO: [ view_filter ] --END-- [ RunTime:0.001000s ]
INFO: [ app_end ] --START--
INFO: Run Behavior\ShowPageTraceBehavior [ RunTime:0.001000s ]
INFO: [ app_end ] --END-- [ RunTime:0.001000s ]

[ 2017-03-30T15:41:52+08:00 ] 127.0.0.1 /totti/index.php/Admin/Sale/index.html
INFO: [ app_init ] --START--
INFO: Run Behavior\BuildLiteBehavior [ RunTime:0.000000s ]
INFO: [ app_init ] --END-- [ RunTime:0.001000s ]
INFO: [ app_begin ] --START--
NOTIC: [2] filemtime(): stat failed for ./beauty/Admin/View/Sale/index.html D:\phpstudy\WWW\totti\ThinkPHP\Library\Behavior\ReadHtmlCacheBehavior.class.php 第 104 行.

[ 2017-03-30T15:41:52+08:00 ] 127.0.0.1 /totti/index.php/Admin/Sale/index.html
INFO: [ app_init ] --START--
INFO: Run Behavior\BuildLiteBehavior [ RunTime:0.000000s ]
INFO: [ app_init ] --END-- [ RunTime:0.001000s ]
INFO: [ app_begin ] --START--
NOTIC: [2] filemtime(): stat failed for ./beauty/Admin/View/Sale/index.html D:\phpstudy\WWW\totti\ThinkPHP\Library\Behavior\ReadHtmlCacheBehavior.class.php 第 104 行.
INFO: Run Behavior\ReadHtmlCacheBehavior [ RunTime:0.002000s ]
INFO: [ app_begin ] --END-- [ RunTime:0.002000s ]
SQL: SHOW COLUMNS FROM `beauty_activity` [ RunTime:0.0170s ]
SQL: SELECT `stoptime` FROM `beauty_activity`  [ RunTime:0.0010s ]
SQL: UPDATE `beauty_activity` SET `astatus`='0' WHERE `stoptime` = '1482940800' [ RunTime:0.1180s ]
SQL: UPDATE `beauty_activity` SET `astatus`='0' WHERE `stoptime` = '1482940800' [ RunTime:0.0290s ]
SQL: UPDATE `beauty_activity` SET `astatus`='0' WHERE `stoptime` = '1482076800' [ RunTime:0.0250s ]
SQL: UPDATE `beauty_activity` SET `astatus`='0' WHERE `stoptime` = '1482076800' [ RunTime:0.0330s ]
SQL: UPDATE `beauty_activity` SET `astatus`='0' WHERE `stoptime` = '1480867200' [ RunTime:0.0240s ]
SQL: UPDATE `beauty_activity` SET `astatus`='0' WHERE `stoptime` = '1480867200' [ RunTime:0.0250s ]
SQL: SHOW COLUMNS FROM `beauty_brands` [ RunTime:0.0160s ]
SQL: SELECT COUNT(*) AS tp_count FROM beauty_brands b,beauty_activity a WHERE ( b.id=a.bid ) LIMIT 1   [ RunTime:0.0010s ]
SQL: SHOW COLUMNS FROM `beauty_brands` [ RunTime:0.0100s ]
SQL: SELECT * FROM beauty_brands b,beauty_activity a WHERE ( b.id=a.bid ) ORDER BY a.addtime desc LIMIT 0,8   [ RunTime:0.0010s ]
INFO: [ view_parse ] --START--
INFO: [ template_filter ] --START--
INFO: Run Behavior\ContentReplaceBehavior [ RunTime:0.000000s ]
INFO: [ template_filter ] --END-- [ RunTime:0.000000s ]
NOTIC: [8] Undefined variable: keywords D:\phpstudy\WWW\totti\beauty\Runtime\Cache\Admin\dd42eb4dbf9dee55d93f5e13fb34d060.php 第 79 行.
NOTIC: [8] Undefined variable: time1 D:\phpstudy\WWW\totti\beauty\Runtime\Cache\Admin\dd42eb4dbf9dee55d93f5e13fb34d060.php 第 82 行.
NOTIC: [8] Undefined variable: time2 D:\phpstudy\WWW\totti\beauty\Runtime\Cache\Admin\dd42eb4dbf9dee55d93f5e13fb34d060.php 第 84 行.
NOTIC: [8] Undefined index: catename D:\phpstudy\WWW\totti\beauty\Runtime\Cache\Admin\dd42eb4dbf9dee55d93f5e13fb34d060.php 第 117 行.
NOTIC: [8] Undefined index: catename D:\phpstudy\WWW\totti\beauty\Runtime\Cache\Admin\dd42eb4dbf9dee55d93f5e13fb34d060.php 第 117 行.
NOTIC: [8] Undefined index: catename D:\phpstudy\WWW\totti\beauty\Runtime\Cache\Admin\dd42eb4dbf9dee55d93f5e13fb34d060.php 第 117 行.
INFO: Run Behavior\ParseTemplateBehavior [ RunTime:0.019001s ]
INFO: [ view_parse ] --END-- [ RunTime:0.019001s ]
INFO: [ view_filter ] --START--
INFO: Run Behavior\WriteHtmlCacheBehavior [ RunTime:0.002000s ]
INFO: [ view_filter ] --END-- [ RunTime:0.002000s ]
INFO: [ app_end ] --START--
INFO: Run Behavior\ShowPageTraceBehavior [ RunTime:0.001000s ]
INFO: [ app_end ] --END-- [ RunTime:0.001000s ]

[ 2017-03-30T15:41:56+08:00 ] 127.0.0.1 /totti/index.php/Admin/Sale/editor/id/16.html
INFO: [ app_init ] --START--
INFO: Run Behavior\BuildLiteBehavior [ RunTime:0.000000s ]
INFO: [ app_init ] --END-- [ RunTime:0.001000s ]
INFO: [ app_begin ] --START--
INFO: Run Behavior\ReadHtmlCacheBehavior [ RunTime:0.001000s ]
INFO: [ app_begin ] --END-- [ RunTime:0.001000s ]
SQL: SHOW COLUMNS FROM `beauty_activity` [ RunTime:0.0090s ]
SQL: SHOW COLUMNS FROM `beauty_brands` [ RunTime:0.0100s ]
SQL: SELECT a.bid,a.aname,a.rules,b.bname,a.starttime,a.stoptime FROM beauty_brands b,beauty_activity a WHERE a.id = '16' AND ( b.id=a.bid ) LIMIT 1   [ RunTime:0.0020s ]
SQL: SHOW COLUMNS FROM `beauty_brands` [ RunTime:0.0060s ]
SQL: SELECT * FROM `beauty_brands`  [ RunTime:0.0010s ]
INFO: [ view_parse ] --START--
INFO: [ template_filter ] --START--
INFO: Run Behavior\ContentReplaceBehavior [ RunTime:0.000000s ]
INFO: [ template_filter ] --END-- [ RunTime:0.000000s ]
INFO: Run Behavior\ParseTemplateBehavior [ RunTime:0.016001s ]
INFO: [ view_parse ] --END-- [ RunTime:0.017001s ]
INFO: [ view_filter ] --START--
INFO: Run Behavior\WriteHtmlCacheBehavior [ RunTime:0.007000s ]
INFO: [ view_filter ] --END-- [ RunTime:0.007000s ]
INFO: [ app_end ] --START--
INFO: Run Behavior\ShowPageTraceBehavior [ RunTime:0.001000s ]
INFO: [ app_end ] --END-- [ RunTime:0.001000s ]

