[ 2017-04-02T09:40:24+08:00 ] 127.0.0.1 /totti/Admin
INFO: [ app_init ] --START--
INFO: Run Behavior\BuildLiteBehavior [ RunTime:0.000000s ]
INFO: [ app_init ] --END-- [ RunTime:0.000000s ]
INFO: [ app_begin ] --START--
INFO: Run Behavior\ReadHtmlCacheBehavior [ RunTime:0.100006s ]
INFO: [ app_begin ] --END-- [ RunTime:0.100006s ]

[ 2017-04-02T09:40:24+08:00 ] 127.0.0.1 /totti/index.php/Admin/Login/login.html
INFO: [ app_init ] --START--
INFO: Run Behavior\BuildLiteBehavior [ RunTime:0.000000s ]
INFO: [ app_init ] --END-- [ RunTime:0.001000s ]
INFO: [ app_begin ] --START--
INFO: Run Behavior\ReadHtmlCacheBehavior [ RunTime:0.032002s ]
INFO: [ app_begin ] --END-- [ RunTime:0.033002s ]
INFO: [ view_parse ] --START--
INFO: [ template_filter ] --START--
INFO: Run Behavior\ContentReplaceBehavior [ RunTime:0.000000s ]
INFO: [ template_filter ] --END-- [ RunTime:0.000000s ]
INFO: Run Behavior\ParseTemplateBehavior [ RunTime:0.027002s ]
INFO: [ view_parse ] --END-- [ RunTime:0.027002s ]
INFO: [ view_filter ] --START--
INFO: Run Behavior\WriteHtmlCacheBehavior [ RunTime:0.004000s ]
INFO: [ view_filter ] --END-- [ RunTime:0.004000s ]
INFO: [ app_end ] --START--
INFO: Run Behavior\ShowPageTraceBehavior [ RunTime:0.001000s ]
INFO: [ app_end ] --END-- [ RunTime:0.001000s ]

[ 2017-04-02T09:40:25+08:00 ] 127.0.0.1 /totti/index.php/Admin/Login/verify.html
INFO: [ app_init ] --START--
INFO: Run Behavior\BuildLiteBehavior [ RunTime:0.000000s ]
INFO: [ app_init ] --END-- [ RunTime:0.000000s ]
INFO: [ app_begin ] --START--
INFO: Run Behavior\ReadHtmlCacheBehavior [ RunTime:0.001000s ]
INFO: [ app_begin ] --END-- [ RunTime:0.001000s ]
INFO: [ app_end ] --START--
INFO: Run Behavior\ShowPageTraceBehavior [ RunTime:0.001000s ]
INFO: [ app_end ] --END-- [ RunTime:0.001000s ]

[ 2017-04-02T09:40:30+08:00 ] 127.0.0.1 /totti/index.php/Admin/Login/chkAdmin.html
INFO: [ app_init ] --START--
INFO: Run Behavior\BuildLiteBehavior [ RunTime:0.000000s ]
INFO: [ app_init ] --END-- [ RunTime:0.001000s ]
INFO: [ app_begin ] --START--
INFO: Run Behavior\ReadHtmlCacheBehavior [ RunTime:0.001000s ]
INFO: [ app_begin ] --END-- [ RunTime:0.001000s ]
SQL: SHOW COLUMNS FROM `beauty_admin` [ RunTime:0.0470s ]
SQL: SELECT * FROM `beauty_admin` WHERE `username` = 'admin' LIMIT 1   [ RunTime:0.0010s ]
INFO: [ app_end ] --START--
INFO: Run Behavior\ShowPageTraceBehavior [ RunTime:0.001000s ]
INFO: [ app_end ] --END-- [ RunTime:0.001000s ]

[ 2017-04-02T09:40:32+08:00 ] 127.0.0.1 /totti/index.php/Admin/Login/chkVerify.html
INFO: [ app_init ] --START--
INFO: Run Behavior\BuildLiteBehavior [ RunTime:0.000000s ]
INFO: [ app_init ] --END-- [ RunTime:0.001000s ]
INFO: [ app_begin ] --START--
INFO: Run Behavior\ReadHtmlCacheBehavior [ RunTime:0.002000s ]
INFO: [ app_begin ] --END-- [ RunTime:0.002000s ]
INFO: [ app_end ] --START--
INFO: Run Behavior\ShowPageTraceBehavior [ RunTime:0.001000s ]
INFO: [ app_end ] --END-- [ RunTime:0.001000s ]

[ 2017-04-02T09:40:34+08:00 ] 127.0.0.1 /totti/index.php/Admin/Login/login.html
INFO: [ app_init ] --START--
INFO: Run Behavior\BuildLiteBehavior [ RunTime:0.000000s ]
INFO: [ app_init ] --END-- [ RunTime:0.001000s ]
INFO: [ app_begin ] --START--
INFO: Run Behavior\ReadHtmlCacheBehavior [ RunTime:0.001000s ]
INFO: [ app_begin ] --END-- [ RunTime:0.001000s ]
SQL: SHOW COLUMNS FROM `beauty_admin` [ RunTime:0.0130s ]
NOTIC: [8] Undefined index: validate D:\phpstudy\WWW\totti\ThinkPHP\Library\Think\Model.class.php 第 1185 行.
SQL: SELECT * FROM `beauty_admin` WHERE `username` = 'admin' LIMIT 1   [ RunTime:0.0010s ]
SQL: SELECT * FROM `beauty_admin` WHERE `username` = 'admin' AND `password` = '21232f297a57a5a743894a0e4a801fc3' LIMIT 1   [ RunTime:0.0010s ]
SQL: UPDATE `beauty_admin` SET `online`='1',`lastlogin`='1491097234',`lastip`='127.0.0.1' WHERE `id` = 1 [ RunTime:0.0340s ]

[ 2017-04-02T09:40:35+08:00 ] 127.0.0.1 /totti/index.php/Admin/Login/login.html
INFO: [ app_init ] --START--
INFO: Run Behavior\BuildLiteBehavior [ RunTime:0.000000s ]
INFO: [ app_init ] --END-- [ RunTime:0.001000s ]
INFO: [ app_begin ] --START--
INFO: Run Behavior\ReadHtmlCacheBehavior [ RunTime:0.001000s ]
INFO: [ app_begin ] --END-- [ RunTime:0.001000s ]
SQL: SHOW COLUMNS FROM `beauty_admin` [ RunTime:0.0240s ]
NOTIC: [8] Undefined index: validate D:\phpstudy\WWW\totti\ThinkPHP\Library\Think\Model.class.php 第 1185 行.
SQL: SELECT * FROM `beauty_admin` WHERE `username` = 'admin' LIMIT 1   [ RunTime:0.0030s ]
SQL: SELECT * FROM `beauty_admin` WHERE `username` = 'admin' AND `password` = '21232f297a57a5a743894a0e4a801fc3' LIMIT 1   [ RunTime:0.0010s ]
SQL: UPDATE `beauty_admin` SET `online`='1',`lastlogin`='1491097235',`lastip`='127.0.0.1' WHERE `id` = 1 [ RunTime:0.0310s ]

[ 2017-04-02T09:40:35+08:00 ] 127.0.0.1 /totti/index.php/Admin/Index/index.html
INFO: [ app_init ] --START--
INFO: Run Behavior\BuildLiteBehavior [ RunTime:0.000000s ]
INFO: [ app_init ] --END-- [ RunTime:0.001000s ]
INFO: [ app_begin ] --START--
INFO: Run Behavior\ReadHtmlCacheBehavior [ RunTime:0.006000s ]
INFO: [ app_begin ] --END-- [ RunTime:0.008000s ]
INFO: [ view_parse ] --START--
INFO: [ template_filter ] --START--
INFO: Run Behavior\ContentReplaceBehavior [ RunTime:0.000000s ]
INFO: [ template_filter ] --END-- [ RunTime:0.000000s ]
INFO: Run Behavior\ParseTemplateBehavior [ RunTime:0.030001s ]
INFO: [ view_parse ] --END-- [ RunTime:0.030001s ]
INFO: [ view_filter ] --START--
INFO: Run Behavior\WriteHtmlCacheBehavior [ RunTime:0.004001s ]
INFO: [ view_filter ] --END-- [ RunTime:0.004001s ]
INFO: [ app_end ] --START--
INFO: Run Behavior\ShowPageTraceBehavior [ RunTime:0.003000s ]
INFO: [ app_end ] --END-- [ RunTime:0.003000s ]

[ 2017-04-02T09:40:36+08:00 ] 127.0.0.1 /totti/index.php/Admin/Index/top.html
INFO: [ app_init ] --START--
INFO: Run Behavior\BuildLiteBehavior [ RunTime:0.000000s ]
INFO: [ app_init ] --END-- [ RunTime:0.000000s ]
INFO: [ app_begin ] --START--
NOTIC: [2] filemtime(): stat failed for ./beauty/Admin/View/Index/top.html D:\phpstudy\WWW\totti\ThinkPHP\Library\Behavior\ReadHtmlCacheBehavior.class.php 第 104 行.
INFO: Run Behavior\ReadHtmlCacheBehavior [ RunTime:0.034002s ]
INFO: [ app_begin ] --END-- [ RunTime:0.034002s ]
SQL: SHOW COLUMNS FROM `beauty_message_admin` [ RunTime:0.0740s ]
SQL: SELECT COUNT(*) AS tp_count FROM `beauty_message_admin` WHERE `receiveId` = 1 AND `status` = 1 LIMIT 1   [ RunTime:0.0190s ]
INFO: [ view_parse ] --START--
INFO: [ template_filter ] --START--
INFO: Run Behavior\ContentReplaceBehavior [ RunTime:0.000000s ]
INFO: [ template_filter ] --END-- [ RunTime:0.000000s ]
INFO: Run Behavior\ParseTemplateBehavior [ RunTime:0.029002s ]
INFO: [ view_parse ] --END-- [ RunTime:0.029002s ]
INFO: [ view_filter ] --START--
INFO: Run Behavior\WriteHtmlCacheBehavior [ RunTime:0.004000s ]
INFO: [ view_filter ] --END-- [ RunTime:0.004000s ]
INFO: [ app_end ] --START--
INFO: Run Behavior\ShowPageTraceBehavior [ RunTime:0.000000s ]
INFO: [ app_end ] --END-- [ RunTime:0.000000s ]

[ 2017-04-02T09:40:38+08:00 ] 127.0.0.1 /totti/index.php/Admin/Index/left.html
INFO: [ app_init ] --START--
INFO: Run Behavior\BuildLiteBehavior [ RunTime:0.000000s ]
INFO: [ app_init ] --END-- [ RunTime:0.001000s ]
INFO: [ app_begin ] --START--
NOTIC: [2] filemtime(): stat failed for ./beauty/Admin/View/Index/left.html D:\phpstudy\WWW\totti\ThinkPHP\Library\Behavior\ReadHtmlCacheBehavior.class.php 第 104 行.
INFO: Run Behavior\ReadHtmlCacheBehavior [ RunTime:0.054004s ]
INFO: [ app_begin ] --END-- [ RunTime:0.054004s ]
SQL: SHOW COLUMNS FROM `beauty_admin_nav` [ RunTime:0.0610s ]
SQL: SELECT * FROM `beauty_admin_nav` WHERE `pid` = 0 ORDER BY priority  [ RunTime:0.0020s ]
SQL: SHOW COLUMNS FROM `beauty_auth_group_access` [ RunTime:0.0390s ]
SQL: SELECT `uid`,`group_id`,`title`,`rules` FROM beauty_auth_group_access a INNER JOIN beauty_auth_group g on a.group_id=g.id  WHERE ( a.uid='1' and g.status='1' )  [ RunTime:0.0430s ]
SQL: SHOW COLUMNS FROM `beauty_auth_rule` [ RunTime:0.0260s ]
SQL: SELECT `condition`,`name` FROM `beauty_auth_rule` WHERE `id` IN ('1','41','40','42','43','44','2','13','14','3','15','16','18','20','21','19','4','22','23','5','24','25','6','26','27','7','28','51','9','34','35','484','488','8','29','30','31','32','33','54','10','36','37','11','38','52','53','45','46','47','12','39','48','17','49','50','55','56','57') AND `type` = 1 AND `status` = 1  [ RunTime:0.0020s ]
SQL: SELECT * FROM `beauty_admin_nav` WHERE `pid` = 1 ORDER BY priority  [ RunTime:0.0010s ]
SQL: SELECT * FROM `beauty_admin_nav` WHERE `pid` = 2 ORDER BY priority  [ RunTime:0.0000s ]
SQL: SELECT * FROM `beauty_admin_nav` WHERE `pid` = 48 ORDER BY priority  [ RunTime:0.0010s ]
SQL: SELECT * FROM `beauty_admin_nav` WHERE `pid` = 3 ORDER BY priority  [ RunTime:0.0010s ]
SQL: SELECT * FROM `beauty_admin_nav` WHERE `pid` = 4 ORDER BY priority  [ RunTime:0.0010s ]
SQL: SELECT * FROM `beauty_admin_nav` WHERE `pid` = 5 ORDER BY priority  [ RunTime:0.0010s ]
SQL: SELECT * FROM `beauty_admin_nav` WHERE `pid` = 6 ORDER BY priority  [ RunTime:0.0000s ]
SQL: SELECT * FROM `beauty_admin_nav` WHERE `pid` = 7 ORDER BY priority  [ RunTime:0.0010s ]
SQL: SELECT * FROM `beauty_admin_nav` WHERE `pid` = 8 ORDER BY priority  [ RunTime:0.0010s ]
SQL: SELECT * FROM `beauty_admin_nav` WHERE `pid` = 9 ORDER BY priority  [ RunTime:0.0010s ]
SQL: SELECT * FROM `beauty_admin_nav` WHERE `pid` = 10 ORDER BY priority  [ RunTime:0.0010s ]
SQL: SELECT * FROM `beauty_admin_nav` WHERE `pid` = 11 ORDER BY priority  [ RunTime:0.0000s ]
SQL: SELECT * FROM `beauty_admin_nav` WHERE `pid` = 12 ORDER BY priority  [ RunTime:0.0010s ]
SQL: SELECT * FROM `beauty_admin_nav` WHERE `pid` = 45 ORDER BY priority  [ RunTime:0.0000s ]
SQL: SELECT * FROM `beauty_admin_nav` WHERE `pid` = 55 ORDER BY priority  [ RunTime:0.0010s ]
INFO: [ view_parse ] --START--
INFO: [ template_filter ] --START--
INFO: Run Behavior\ContentReplaceBehavior [ RunTime:0.000000s ]
INFO: [ template_filter ] --END-- [ RunTime:0.001000s ]
NOTIC: [8] Undefined variable: v1 D:\phpstudy\WWW\totti\beauty\Runtime\Cache\Admin\2bf9087051dfcad938f84a67b5b048ca.php 第 415 行.
NOTIC: [8] Undefined variable: v1 D:\phpstudy\WWW\totti\beauty\Runtime\Cache\Admin\2bf9087051dfcad938f84a67b5b048ca.php 第 415 行.
INFO: Run Behavior\ParseTemplateBehavior [ RunTime:0.032001s ]
INFO: [ view_parse ] --END-- [ RunTime:0.032001s ]
INFO: [ view_filter ] --START--
INFO: Run Behavior\WriteHtmlCacheBehavior [ RunTime:0.004001s ]
INFO: [ view_filter ] --END-- [ RunTime:0.004001s ]
INFO: [ app_end ] --START--
INFO: Run Behavior\ShowPageTraceBehavior [ RunTime:0.002000s ]
INFO: [ app_end ] --END-- [ RunTime:0.002000s ]

[ 2017-04-02T09:40:38+08:00 ] 127.0.0.1 /totti/index.php/Admin/Index/footer.html
INFO: [ app_init ] --START--
INFO: Run Behavior\BuildLiteBehavior [ RunTime:0.000000s ]
INFO: [ app_init ] --END-- [ RunTime:0.000000s ]
INFO: [ app_begin ] --START--
NOTIC: [2] filemtime(): stat failed for ./beauty/Admin/View/Index/footer.html D:\phpstudy\WWW\totti\ThinkPHP\Library\Behavior\ReadHtmlCacheBehavior.class.php 第 104 行.
INFO: Run Behavior\ReadHtmlCacheBehavior [ RunTime:0.033002s ]
INFO: [ app_begin ] --END-- [ RunTime:0.033002s ]
INFO: [ view_parse ] --START--
INFO: [ template_filter ] --START--
INFO: Run Behavior\ContentReplaceBehavior [ RunTime:0.000000s ]
INFO: [ template_filter ] --END-- [ RunTime:0.001001s ]
INFO: Run Behavior\ParseTemplateBehavior [ RunTime:0.017001s ]
INFO: [ view_parse ] --END-- [ RunTime:0.017001s ]
INFO: [ view_filter ] --START--
INFO: Run Behavior\WriteHtmlCacheBehavior [ RunTime:0.004000s ]
INFO: [ view_filter ] --END-- [ RunTime:0.004000s ]
INFO: [ app_end ] --START--
INFO: Run Behavior\ShowPageTraceBehavior [ RunTime:0.001000s ]
INFO: [ app_end ] --END-- [ RunTime:0.001000s ]

[ 2017-04-02T09:40:39+08:00 ] 127.0.0.1 /totti/index.php/Admin/Index/main.html
INFO: [ app_init ] --START--
INFO: Run Behavior\BuildLiteBehavior [ RunTime:0.000000s ]
INFO: [ app_init ] --END-- [ RunTime:0.002000s ]
INFO: [ app_begin ] --START--
INFO: Run Behavior\ReadHtmlCacheBehavior [ RunTime:0.055003s ]
INFO: [ app_begin ] --END-- [ RunTime:0.055003s ]
SQL: SHOW COLUMNS FROM `beauty_admin` [ RunTime:0.0340s ]
SQL: SELECT `username`,`lastlogin`,`lastip` FROM `beauty_admin` WHERE `id` = 1  [ RunTime:0.0020s ]
SQL: SHOW COLUMNS FROM `beauty_goods` [ RunTime:0.0160s ]
SQL: SELECT * FROM `beauty_goods` ORDER BY salenum desc LIMIT 5   [ RunTime:0.0010s ]
SQL: SELECT * FROM `beauty_goods` ORDER BY num LIMIT 5   [ RunTime:0.0010s ]
INFO: [ view_parse ] --START--
INFO: [ template_filter ] --START--
INFO: Run Behavior\ContentReplaceBehavior [ RunTime:0.001000s ]
INFO: [ template_filter ] --END-- [ RunTime:0.001000s ]
INFO: Run Behavior\ParseTemplateBehavior [ RunTime:0.030002s ]
INFO: [ view_parse ] --END-- [ RunTime:0.030002s ]
INFO: [ view_filter ] --START--
INFO: Run Behavior\WriteHtmlCacheBehavior [ RunTime:0.004000s ]
INFO: [ view_filter ] --END-- [ RunTime:0.004000s ]
INFO: [ app_end ] --START--
INFO: Run Behavior\ShowPageTraceBehavior [ RunTime:0.002000s ]
INFO: [ app_end ] --END-- [ RunTime:0.002000s ]

[ 2017-04-02T09:40:40+08:00 ] 127.0.0.1 /totti/index.php/Admin/Index/getGoodsTop.html
INFO: [ app_init ] --START--
INFO: Run Behavior\BuildLiteBehavior [ RunTime:0.000000s ]
INFO: [ app_init ] --END-- [ RunTime:0.000000s ]
INFO: [ app_begin ] --START--
INFO: Run Behavior\ReadHtmlCacheBehavior [ RunTime:0.001000s ]
INFO: [ app_begin ] --END-- [ RunTime:0.001000s ]
SQL: SHOW COLUMNS FROM `beauty_goods` [ RunTime:0.0210s ]
SQL: SELECT `goodsname`,`salenum` FROM `beauty_goods` ORDER BY salenum desc LIMIT 0,10   [ RunTime:0.0010s ]

[ 2017-04-02T09:40:48+08:00 ] 127.0.0.1 /totti/index.php/Admin/Foote/index.html
INFO: [ app_init ] --START--
INFO: Run Behavior\BuildLiteBehavior [ RunTime:0.000000s ]
INFO: [ app_init ] --END-- [ RunTime:0.000000s ]
INFO: [ app_begin ] --START--
NOTIC: [2] filemtime(): stat failed for ./beauty/Admin/View/Foote/index.html D:\phpstudy\WWW\totti\ThinkPHP\Library\Behavior\ReadHtmlCacheBehavior.class.php 第 104 行.
INFO: Run Behavior\ReadHtmlCacheBehavior [ RunTime:0.035002s ]
INFO: [ app_begin ] --END-- [ RunTime:0.035002s ]
SQL: SHOW COLUMNS FROM `beauty_foote` [ RunTime:0.0290s ]
SQL: SELECT COUNT(*) AS tp_count FROM `beauty_foote` WHERE `pid` = 0 LIMIT 1   [ RunTime:0.0010s ]
SQL: SELECT * FROM `beauty_foote` WHERE `pid` = 0 LIMIT 0,8   [ RunTime:0.0010s ]
INFO: [ view_parse ] --START--
INFO: [ template_filter ] --START--
INFO: Run Behavior\ContentReplaceBehavior [ RunTime:0.001000s ]
INFO: [ template_filter ] --END-- [ RunTime:0.001000s ]
NOTIC: [8] Undefined variable: fname D:\phpstudy\WWW\totti\beauty\Runtime\Cache\Admin\bf0f58232f896697f9519859d722f0ee.php 第 58 行.
NOTIC: [8] Undefined variable: firstRow D:\phpstudy\WWW\totti\beauty\Runtime\Cache\Admin\bf0f58232f896697f9519859d722f0ee.php 第 74 行.
NOTIC: [8] Undefined variable: firstRow D:\phpstudy\WWW\totti\beauty\Runtime\Cache\Admin\bf0f58232f896697f9519859d722f0ee.php 第 74 行.
NOTIC: [8] Undefined variable: firstRow D:\phpstudy\WWW\totti\beauty\Runtime\Cache\Admin\bf0f58232f896697f9519859d722f0ee.php 第 74 行.
NOTIC: [8] Undefined variable: firstRow D:\phpstudy\WWW\totti\beauty\Runtime\Cache\Admin\bf0f58232f896697f9519859d722f0ee.php 第 74 行.
NOTIC: [8] Undefined variable: firstRow D:\phpstudy\WWW\totti\beauty\Runtime\Cache\Admin\bf0f58232f896697f9519859d722f0ee.php 第 74 行.
NOTIC: [8] Undefined variable: goodsname D:\phpstudy\WWW\totti\beauty\Runtime\Cache\Admin\bf0f58232f896697f9519859d722f0ee.php 第 129 行.
NOTIC: [8] Undefined variable: bname D:\phpstudy\WWW\totti\beauty\Runtime\Cache\Admin\bf0f58232f896697f9519859d722f0ee.php 第 129 行.
NOTIC: [8] Undefined variable: cname D:\phpstudy\WWW\totti\beauty\Runtime\Cache\Admin\bf0f58232f896697f9519859d722f0ee.php 第 129 行.
NOTIC: [8] Undefined variable: time1 D:\phpstudy\WWW\totti\beauty\Runtime\Cache\Admin\bf0f58232f896697f9519859d722f0ee.php 第 129 行.
NOTIC: [8] Undefined variable: time2 D:\phpstudy\WWW\totti\beauty\Runtime\Cache\Admin\bf0f58232f896697f9519859d722f0ee.php 第 129 行.
NOTIC: [8] Undefined variable: price1 D:\phpstudy\WWW\totti\beauty\Runtime\Cache\Admin\bf0f58232f896697f9519859d722f0ee.php 第 129 行.
NOTIC: [8] Undefined variable: price2 D:\phpstudy\WWW\totti\beauty\Runtime\Cache\Admin\bf0f58232f896697f9519859d722f0ee.php 第 129 行.
NOTIC: [8] Undefined variable: goodsname D:\phpstudy\WWW\totti\beauty\Runtime\Cache\Admin\bf0f58232f896697f9519859d722f0ee.php 第 131 行.
NOTIC: [8] Undefined variable: bname D:\phpstudy\WWW\totti\beauty\Runtime\Cache\Admin\bf0f58232f896697f9519859d722f0ee.php 第 131 行.
NOTIC: [8] Undefined variable: cname D:\phpstudy\WWW\totti\beauty\Runtime\Cache\Admin\bf0f58232f896697f9519859d722f0ee.php 第 131 行.
NOTIC: [8] Undefined variable: time1 D:\phpstudy\WWW\totti\beauty\Runtime\Cache\Admin\bf0f58232f896697f9519859d722f0ee.php 第 131 行.
NOTIC: [8] Undefined variable: time2 D:\phpstudy\WWW\totti\beauty\Runtime\Cache\Admin\bf0f58232f896697f9519859d722f0ee.php 第 131 行.
NOTIC: [8] Undefined variable: price1 D:\phpstudy\WWW\totti\beauty\Runtime\Cache\Admin\bf0f58232f896697f9519859d722f0ee.php 第 131 行.
NOTIC: [8] Undefined variable: price2 D:\phpstudy\WWW\totti\beauty\Runtime\Cache\Admin\bf0f58232f896697f9519859d722f0ee.php 第 131 行.
INFO: Run Behavior\ParseTemplateBehavior [ RunTime:0.035002s ]
INFO: [ view_parse ] --END-- [ RunTime:0.035002s ]
INFO: [ view_filter ] --START--
INFO: Run Behavior\WriteHtmlCacheBehavior [ RunTime:0.006000s ]
INFO: [ view_filter ] --END-- [ RunTime:0.006000s ]
INFO: [ app_end ] --START--
INFO: Run Behavior\ShowPageTraceBehavior [ RunTime:0.002000s ]
INFO: [ app_end ] --END-- [ RunTime:0.002000s ]

[ 2017-04-02T09:40:50+08:00 ] 127.0.0.1 /totti/index.php/Admin/Foote/add.html
INFO: [ app_init ] --START--
INFO: Run Behavior\BuildLiteBehavior [ RunTime:0.000000s ]
INFO: [ app_init ] --END-- [ RunTime:0.001000s ]
INFO: [ app_begin ] --START--
INFO: Run Behavior\ReadHtmlCacheBehavior [ RunTime:0.019002s ]
INFO: [ app_begin ] --END-- [ RunTime:0.019002s ]
INFO: [ view_parse ] --START--
INFO: [ template_filter ] --START--
INFO: Run Behavior\ContentReplaceBehavior [ RunTime:0.000000s ]
INFO: [ template_filter ] --END-- [ RunTime:0.000000s ]
INFO: Run Behavior\ParseTemplateBehavior [ RunTime:0.029001s ]
INFO: [ view_parse ] --END-- [ RunTime:0.029001s ]
INFO: [ view_filter ] --START--
INFO: Run Behavior\WriteHtmlCacheBehavior [ RunTime:0.004001s ]
INFO: [ view_filter ] --END-- [ RunTime:0.004001s ]
INFO: [ app_end ] --START--
INFO: Run Behavior\ShowPageTraceBehavior [ RunTime:0.001000s ]
INFO: [ app_end ] --END-- [ RunTime:0.001000s ]

[ 2017-04-02T09:40:51+08:00 ] 127.0.0.1 /totti/index.php/Admin/Foote/getCateByPid.html
INFO: [ app_init ] --START--
INFO: Run Behavior\BuildLiteBehavior [ RunTime:0.000000s ]
INFO: [ app_init ] --END-- [ RunTime:0.000000s ]
INFO: [ app_begin ] --START--
INFO: Run Behavior\ReadHtmlCacheBehavior [ RunTime:0.001000s ]
INFO: [ app_begin ] --END-- [ RunTime:0.001000s ]
SQL: SHOW COLUMNS FROM `beauty_foote` [ RunTime:0.0312s ]
SQL: SELECT * FROM `beauty_foote` WHERE `pid` = 0  [ RunTime:0.0000s ]

[ 2017-04-02T09:40:55+08:00 ] 127.0.0.1 /totti/index.php/Admin/Foote/getCateByPid.html
INFO: [ app_init ] --START--
INFO: Run Behavior\BuildLiteBehavior [ RunTime:0.000000s ]
INFO: [ app_init ] --END-- [ RunTime:0.000000s ]
INFO: [ app_begin ] --START--
INFO: Run Behavior\ReadHtmlCacheBehavior [ RunTime:0.001000s ]
INFO: [ app_begin ] --END-- [ RunTime:0.001000s ]
SQL: SHOW COLUMNS FROM `beauty_foote` [ RunTime:0.0312s ]
SQL: SELECT * FROM `beauty_foote` WHERE `pid` = 10  [ RunTime:0.0000s ]

[ 2017-04-02T09:40:57+08:00 ] 127.0.0.1 /totti/index.php/Admin/Foote/add.html
INFO: [ app_init ] --START--
INFO: Run Behavior\BuildLiteBehavior [ RunTime:0.000000s ]
INFO: [ app_init ] --END-- [ RunTime:0.000000s ]
INFO: [ app_begin ] --START--

[ 2017-04-02T09:40:58+08:00 ] 127.0.0.1 /totti/index.php/Admin/Foote/getCateByPid.html
INFO: [ app_init ] --START--
INFO: Run Behavior\BuildLiteBehavior [ RunTime:0.000000s ]
INFO: [ app_init ] --END-- [ RunTime:0.000000s ]
INFO: [ app_begin ] --START--
INFO: Run Behavior\ReadHtmlCacheBehavior [ RunTime:0.001000s ]
INFO: [ app_begin ] --END-- [ RunTime:0.001000s ]
SQL: SHOW COLUMNS FROM `beauty_foote` [ RunTime:0.0090s ]
SQL: SELECT * FROM `beauty_foote` WHERE `pid` = 0  [ RunTime:0.0000s ]

[ 2017-04-02T09:42:13+08:00 ] 127.0.0.1 /totti/index.php/Admin/Foote/index.html
INFO: [ app_init ] --START--
INFO: Run Behavior\BuildLiteBehavior [ RunTime:0.000000s ]
INFO: [ app_init ] --END-- [ RunTime:0.000000s ]
INFO: [ app_begin ] --START--
NOTIC: [2] filemtime(): stat failed for ./beauty/Admin/View/Foote/index.html D:\phpstudy\WWW\totti\ThinkPHP\Library\Behavior\ReadHtmlCacheBehavior.class.php 第 104 行.
INFO: Run Behavior\ReadHtmlCacheBehavior [ RunTime:0.001000s ]
INFO: [ app_begin ] --END-- [ RunTime:0.001000s ]
SQL: SHOW COLUMNS FROM `beauty_foote` [ RunTime:0.0340s ]
SQL: SELECT COUNT(*) AS tp_count FROM `beauty_foote` WHERE `pid` = 0 LIMIT 1   [ RunTime:0.0020s ]
SQL: SELECT * FROM `beauty_foote` WHERE `pid` = 0 LIMIT 0,8   [ RunTime:0.0010s ]
INFO: [ view_parse ] --START--
INFO: [ template_filter ] --START--
INFO: Run Behavior\ContentReplaceBehavior [ RunTime:0.000000s ]
INFO: [ template_filter ] --END-- [ RunTime:0.000000s ]
NOTIC: [8] Undefined variable: fname D:\phpstudy\WWW\totti\beauty\Runtime\Cache\Admin\bf0f58232f896697f9519859d722f0ee.php 第 58 行.
NOTIC: [8] Undefined variable: firstRow D:\phpstudy\WWW\totti\beauty\Runtime\Cache\Admin\bf0f58232f896697f9519859d722f0ee.php 第 74 行.
NOTIC: [8] Undefined variable: firstRow D:\phpstudy\WWW\totti\beauty\Runtime\Cache\Admin\bf0f58232f896697f9519859d722f0ee.php 第 74 行.
NOTIC: [8] Undefined variable: firstRow D:\phpstudy\WWW\totti\beauty\Runtime\Cache\Admin\bf0f58232f896697f9519859d722f0ee.php 第 74 行.
NOTIC: [8] Undefined variable: firstRow D:\phpstudy\WWW\totti\beauty\Runtime\Cache\Admin\bf0f58232f896697f9519859d722f0ee.php 第 74 行.
NOTIC: [8] Undefined variable: firstRow D:\phpstudy\WWW\totti\beauty\Runtime\Cache\Admin\bf0f58232f896697f9519859d722f0ee.php 第 74 行.
NOTIC: [8] Undefined variable: goodsname D:\phpstudy\WWW\totti\beauty\Runtime\Cache\Admin\bf0f58232f896697f9519859d722f0ee.php 第 129 行.
NOTIC: [8] Undefined variable: bname D:\phpstudy\WWW\totti\beauty\Runtime\Cache\Admin\bf0f58232f896697f9519859d722f0ee.php 第 129 行.
NOTIC: [8] Undefined variable: cname D:\phpstudy\WWW\totti\beauty\Runtime\Cache\Admin\bf0f58232f896697f9519859d722f0ee.php 第 129 行.
NOTIC: [8] Undefined variable: time1 D:\phpstudy\WWW\totti\beauty\Runtime\Cache\Admin\bf0f58232f896697f9519859d722f0ee.php 第 129 行.
NOTIC: [8] Undefined variable: time2 D:\phpstudy\WWW\totti\beauty\Runtime\Cache\Admin\bf0f58232f896697f9519859d722f0ee.php 第 129 行.
NOTIC: [8] Undefined variable: price1 D:\phpstudy\WWW\totti\beauty\Runtime\Cache\Admin\bf0f58232f896697f9519859d722f0ee.php 第 129 行.
NOTIC: [8] Undefined variable: price2 D:\phpstudy\WWW\totti\beauty\Runtime\Cache\Admin\bf0f58232f896697f9519859d722f0ee.php 第 129 行.
NOTIC: [8] Undefined variable: goodsname D:\phpstudy\WWW\totti\beauty\Runtime\Cache\Admin\bf0f58232f896697f9519859d722f0ee.php 第 131 行.
NOTIC: [8] Undefined variable: bname D:\phpstudy\WWW\totti\beauty\Runtime\Cache\Admin\bf0f58232f896697f9519859d722f0ee.php 第 131 行.
NOTIC: [8] Undefined variable: cname D:\phpstudy\WWW\totti\beauty\Runtime\Cache\Admin\bf0f58232f896697f9519859d722f0ee.php 第 131 行.
NOTIC: [8] Undefined variable: time1 D:\phpstudy\WWW\totti\beauty\Runtime\Cache\Admin\bf0f58232f896697f9519859d722f0ee.php 第 131 行.
NOTIC: [8] Undefined variable: time2 D:\phpstudy\WWW\totti\beauty\Runtime\Cache\Admin\bf0f58232f896697f9519859d722f0ee.php 第 131 行.
NOTIC: [8] Undefined variable: price1 D:\phpstudy\WWW\totti\beauty\Runtime\Cache\Admin\bf0f58232f896697f9519859d722f0ee.php 第 131 行.
NOTIC: [8] Undefined variable: price2 D:\phpstudy\WWW\totti\beauty\Runtime\Cache\Admin\bf0f58232f896697f9519859d722f0ee.php 第 131 行.
INFO: Run Behavior\ParseTemplateBehavior [ RunTime:0.022001s ]
INFO: [ view_parse ] --END-- [ RunTime:0.022001s ]
INFO: [ view_filter ] --START--
INFO: Run Behavior\WriteHtmlCacheBehavior [ RunTime:0.005000s ]
INFO: [ view_filter ] --END-- [ RunTime:0.005000s ]
INFO: [ app_end ] --START--
INFO: Run Behavior\ShowPageTraceBehavior [ RunTime:0.002000s ]
INFO: [ app_end ] --END-- [ RunTime:0.002000s ]

[ 2017-04-02T09:42:18+08:00 ] 127.0.0.1 /totti/index.php/Admin/Foote/editor/phid/1.html
INFO: [ app_init ] --START--
INFO: Run Behavior\BuildLiteBehavior [ RunTime:0.000000s ]
INFO: [ app_init ] --END-- [ RunTime:0.000000s ]
INFO: [ app_begin ] --START--
INFO: Run Behavior\ReadHtmlCacheBehavior [ RunTime:0.001000s ]
INFO: [ app_begin ] --END-- [ RunTime:0.001000s ]
SQL: SHOW COLUMNS FROM `beauty_foote` [ RunTime:0.0110s ]
SQL: SELECT `fname` FROM `beauty_foote` WHERE `id` = 1 LIMIT 1   [ RunTime:0.0000s ]
INFO: [ view_parse ] --START--
INFO: [ template_filter ] --START--
INFO: Run Behavior\ContentReplaceBehavior [ RunTime:0.001000s ]
INFO: [ template_filter ] --END-- [ RunTime:0.001000s ]
INFO: Run Behavior\ParseTemplateBehavior [ RunTime:0.034002s ]
INFO: [ view_parse ] --END-- [ RunTime:0.034002s ]
INFO: [ view_filter ] --START--
INFO: Run Behavior\WriteHtmlCacheBehavior [ RunTime:0.004000s ]
INFO: [ view_filter ] --END-- [ RunTime:0.004000s ]
INFO: [ app_end ] --START--
INFO: Run Behavior\ShowPageTraceBehavior [ RunTime:0.001000s ]
INFO: [ app_end ] --END-- [ RunTime:0.001000s ]

[ 2017-04-02T09:42:19+08:00 ] 127.0.0.1 /totti/index.php/Admin/Foote/getCateByPid.html
INFO: [ app_init ] --START--
INFO: Run Behavior\BuildLiteBehavior [ RunTime:0.000000s ]
INFO: [ app_init ] --END-- [ RunTime:0.001000s ]
INFO: [ app_begin ] --START--
INFO: Run Behavior\ReadHtmlCacheBehavior [ RunTime:0.001000s ]
INFO: [ app_begin ] --END-- [ RunTime:0.001000s ]
SQL: SHOW COLUMNS FROM `beauty_foote` [ RunTime:0.0312s ]
SQL: SELECT * FROM `beauty_foote` WHERE `pid` = 0  [ RunTime:0.0000s ]

[ 2017-04-02T09:42:23+08:00 ] 127.0.0.1 /totti/index.php/Admin/Foote/index.html
INFO: [ app_init ] --START--
INFO: Run Behavior\BuildLiteBehavior [ RunTime:0.000000s ]
INFO: [ app_init ] --END-- [ RunTime:0.001000s ]
INFO: [ app_begin ] --START--
NOTIC: [2] filemtime(): stat failed for ./beauty/Admin/View/Foote/index.html D:\phpstudy\WWW\totti\ThinkPHP\Library\Behavior\ReadHtmlCacheBehavior.class.php 第 104 行.

[ 2017-04-02T09:42:30+08:00 ] 127.0.0.1 /totti/index.php/Admin/Foote/add.html
INFO: [ app_init ] --START--
INFO: Run Behavior\BuildLiteBehavior [ RunTime:0.000000s ]
INFO: [ app_init ] --END-- [ RunTime:0.000000s ]
INFO: [ app_begin ] --START--
INFO: Run Behavior\ReadHtmlCacheBehavior [ RunTime:0.001000s ]
INFO: [ app_begin ] --END-- [ RunTime:0.002000s ]
INFO: [ view_parse ] --START--
INFO: [ template_filter ] --START--
INFO: Run Behavior\ContentReplaceBehavior [ RunTime:0.000000s ]
INFO: [ template_filter ] --END-- [ RunTime:0.000000s ]
INFO: Run Behavior\ParseTemplateBehavior [ RunTime:0.012000s ]
INFO: [ view_parse ] --END-- [ RunTime:0.012000s ]
INFO: [ view_filter ] --START--
INFO: Run Behavior\WriteHtmlCacheBehavior [ RunTime:0.004000s ]
INFO: [ view_filter ] --END-- [ RunTime:0.004000s ]
INFO: [ app_end ] --START--
INFO: Run Behavior\ShowPageTraceBehavior [ RunTime:0.001001s ]
INFO: [ app_end ] --END-- [ RunTime:0.001001s ]

[ 2017-04-02T09:42:31+08:00 ] 127.0.0.1 /totti/index.php/Admin/Foote/getCateByPid.html
INFO: [ app_init ] --START--
INFO: Run Behavior\BuildLiteBehavior [ RunTime:0.000000s ]
INFO: [ app_init ] --END-- [ RunTime:0.001000s ]
INFO: [ app_begin ] --START--
INFO: Run Behavior\ReadHtmlCacheBehavior [ RunTime:0.001000s ]
INFO: [ app_begin ] --END-- [ RunTime:0.001000s ]
SQL: SHOW COLUMNS FROM `beauty_foote` [ RunTime:0.0156s ]
SQL: SELECT * FROM `beauty_foote` WHERE `pid` = 0  [ RunTime:0.0000s ]

[ 2017-04-02T09:44:54+08:00 ] 127.0.0.1 /totti/index.php/Admin/Foote/index.html
INFO: [ app_init ] --START--
INFO: Run Behavior\BuildLiteBehavior [ RunTime:0.000000s ]
INFO: [ app_init ] --END-- [ RunTime:0.001000s ]
INFO: [ app_begin ] --START--
NOTIC: [2] filemtime(): stat failed for ./beauty/Admin/View/Foote/index.html D:\phpstudy\WWW\totti\ThinkPHP\Library\Behavior\ReadHtmlCacheBehavior.class.php 第 104 行.
INFO: Run Behavior\ReadHtmlCacheBehavior [ RunTime:0.002000s ]
INFO: [ app_begin ] --END-- [ RunTime:0.002000s ]
SQL: SHOW COLUMNS FROM `beauty_foote` [ RunTime:0.0320s ]
SQL: SELECT COUNT(*) AS tp_count FROM `beauty_foote` WHERE `pid` = 0 LIMIT 1   [ RunTime:0.0010s ]
SQL: SELECT * FROM `beauty_foote` WHERE `pid` = 0 LIMIT 0,8   [ RunTime:0.0010s ]
INFO: [ view_parse ] --START--
INFO: [ template_filter ] --START--
INFO: Run Behavior\ContentReplaceBehavior [ RunTime:0.000000s ]
INFO: [ template_filter ] --END-- [ RunTime:0.000000s ]
NOTIC: [8] Undefined variable: fname D:\phpstudy\WWW\totti\beauty\Runtime\Cache\Admin\bf0f58232f896697f9519859d722f0ee.php 第 58 行.
NOTIC: [8] Undefined variable: firstRow D:\phpstudy\WWW\totti\beauty\Runtime\Cache\Admin\bf0f58232f896697f9519859d722f0ee.php 第 74 行.
NOTIC: [8] Undefined variable: firstRow D:\phpstudy\WWW\totti\beauty\Runtime\Cache\Admin\bf0f58232f896697f9519859d722f0ee.php 第 74 行.
NOTIC: [8] Undefined variable: firstRow D:\phpstudy\WWW\totti\beauty\Runtime\Cache\Admin\bf0f58232f896697f9519859d722f0ee.php 第 74 行.
NOTIC: [8] Undefined variable: firstRow D:\phpstudy\WWW\totti\beauty\Runtime\Cache\Admin\bf0f58232f896697f9519859d722f0ee.php 第 74 行.
NOTIC: [8] Undefined variable: firstRow D:\phpstudy\WWW\totti\beauty\Runtime\Cache\Admin\bf0f58232f896697f9519859d722f0ee.php 第 74 行.
NOTIC: [8] Undefined variable: goodsname D:\phpstudy\WWW\totti\beauty\Runtime\Cache\Admin\bf0f58232f896697f9519859d722f0ee.php 第 129 行.
NOTIC: [8] Undefined variable: bname D:\phpstudy\WWW\totti\beauty\Runtime\Cache\Admin\bf0f58232f896697f9519859d722f0ee.php 第 129 行.
NOTIC: [8] Undefined variable: cname D:\phpstudy\WWW\totti\beauty\Runtime\Cache\Admin\bf0f58232f896697f9519859d722f0ee.php 第 129 行.
NOTIC: [8] Undefined variable: time1 D:\phpstudy\WWW\totti\beauty\Runtime\Cache\Admin\bf0f58232f896697f9519859d722f0ee.php 第 129 行.
NOTIC: [8] Undefined variable: time2 D:\phpstudy\WWW\totti\beauty\Runtime\Cache\Admin\bf0f58232f896697f9519859d722f0ee.php 第 129 行.
NOTIC: [8] Undefined variable: price1 D:\phpstudy\WWW\totti\beauty\Runtime\Cache\Admin\bf0f58232f896697f9519859d722f0ee.php 第 129 行.
NOTIC: [8] Undefined variable: price2 D:\phpstudy\WWW\totti\beauty\Runtime\Cache\Admin\bf0f58232f896697f9519859d722f0ee.php 第 129 行.
NOTIC: [8] Undefined variable: goodsname D:\phpstudy\WWW\totti\beauty\Runtime\Cache\Admin\bf0f58232f896697f9519859d722f0ee.php 第 131 行.
NOTIC: [8] Undefined variable: bname D:\phpstudy\WWW\totti\beauty\Runtime\Cache\Admin\bf0f58232f896697f9519859d722f0ee.php 第 131 行.
NOTIC: [8] Undefined variable: cname D:\phpstudy\WWW\totti\beauty\Runtime\Cache\Admin\bf0f58232f896697f9519859d722f0ee.php 第 131 行.
NOTIC: [8] Undefined variable: time1 D:\phpstudy\WWW\totti\beauty\Runtime\Cache\Admin\bf0f58232f896697f9519859d722f0ee.php 第 131 行.
NOTIC: [8] Undefined variable: time2 D:\phpstudy\WWW\totti\beauty\Runtime\Cache\Admin\bf0f58232f896697f9519859d722f0ee.php 第 131 行.
NOTIC: [8] Undefined variable: price1 D:\phpstudy\WWW\totti\beauty\Runtime\Cache\Admin\bf0f58232f896697f9519859d722f0ee.php 第 131 行.
NOTIC: [8] Undefined variable: price2 D:\phpstudy\WWW\totti\beauty\Runtime\Cache\Admin\bf0f58232f896697f9519859d722f0ee.php 第 131 行.
INFO: Run Behavior\ParseTemplateBehavior [ RunTime:0.029001s ]
INFO: [ view_parse ] --END-- [ RunTime:0.029001s ]
INFO: [ view_filter ] --START--
INFO: Run Behavior\WriteHtmlCacheBehavior [ RunTime:0.007001s ]
INFO: [ view_filter ] --END-- [ RunTime:0.007001s ]
INFO: [ app_end ] --START--
INFO: Run Behavior\ShowPageTraceBehavior [ RunTime:0.002000s ]
INFO: [ app_end ] --END-- [ RunTime:0.002000s ]

[ 2017-04-02T09:45:08+08:00 ] 127.0.0.1 /totti/index.php/Admin/Foote/index.html
INFO: [ app_init ] --START--
INFO: Run Behavior\BuildLiteBehavior [ RunTime:0.000000s ]
INFO: [ app_init ] --END-- [ RunTime:0.001000s ]
INFO: [ app_begin ] --START--
NOTIC: [2] filemtime(): stat failed for ./beauty/Admin/View/Foote/index.html D:\phpstudy\WWW\totti\ThinkPHP\Library\Behavior\ReadHtmlCacheBehavior.class.php 第 104 行.
INFO: Run Behavior\ReadHtmlCacheBehavior [ RunTime:0.001001s ]
INFO: [ app_begin ] --END-- [ RunTime:0.002001s ]
SQL: SHOW COLUMNS FROM `beauty_foote` [ RunTime:0.0330s ]
SQL: SELECT COUNT(*) AS tp_count FROM `beauty_foote` WHERE `pid` = 0 LIMIT 1   [ RunTime:0.0020s ]
SQL: SELECT * FROM `beauty_foote` WHERE `pid` = 0 LIMIT 0,8   [ RunTime:0.0020s ]
INFO: [ view_parse ] --START--
INFO: [ template_filter ] --START--
INFO: Run Behavior\ContentReplaceBehavior [ RunTime:0.000000s ]
INFO: [ template_filter ] --END-- [ RunTime:0.000000s ]
NOTIC: [8] Undefined variable: fname D:\phpstudy\WWW\totti\beauty\Runtime\Cache\Admin\bf0f58232f896697f9519859d722f0ee.php 第 58 行.
NOTIC: [8] Undefined variable: firstRow D:\phpstudy\WWW\totti\beauty\Runtime\Cache\Admin\bf0f58232f896697f9519859d722f0ee.php 第 74 行.
NOTIC: [8] Undefined variable: firstRow D:\phpstudy\WWW\totti\beauty\Runtime\Cache\Admin\bf0f58232f896697f9519859d722f0ee.php 第 74 行.
NOTIC: [8] Undefined variable: firstRow D:\phpstudy\WWW\totti\beauty\Runtime\Cache\Admin\bf0f58232f896697f9519859d722f0ee.php 第 74 行.
NOTIC: [8] Undefined variable: firstRow D:\phpstudy\WWW\totti\beauty\Runtime\Cache\Admin\bf0f58232f896697f9519859d722f0ee.php 第 74 行.
NOTIC: [8] Undefined variable: firstRow D:\phpstudy\WWW\totti\beauty\Runtime\Cache\Admin\bf0f58232f896697f9519859d722f0ee.php 第 74 行.
NOTIC: [8] Undefined variable: goodsname D:\phpstudy\WWW\totti\beauty\Runtime\Cache\Admin\bf0f58232f896697f9519859d722f0ee.php 第 129 行.
NOTIC: [8] Undefined variable: bname D:\phpstudy\WWW\totti\beauty\Runtime\Cache\Admin\bf0f58232f896697f9519859d722f0ee.php 第 129 行.
NOTIC: [8] Undefined variable: cname D:\phpstudy\WWW\totti\beauty\Runtime\Cache\Admin\bf0f58232f896697f9519859d722f0ee.php 第 129 行.
NOTIC: [8] Undefined variable: time1 D:\phpstudy\WWW\totti\beauty\Runtime\Cache\Admin\bf0f58232f896697f9519859d722f0ee.php 第 129 行.
NOTIC: [8] Undefined variable: time2 D:\phpstudy\WWW\totti\beauty\Runtime\Cache\Admin\bf0f58232f896697f9519859d722f0ee.php 第 129 行.
NOTIC: [8] Undefined variable: price1 D:\phpstudy\WWW\totti\beauty\Runtime\Cache\Admin\bf0f58232f896697f9519859d722f0ee.php 第 129 行.
NOTIC: [8] Undefined variable: price2 D:\phpstudy\WWW\totti\beauty\Runtime\Cache\Admin\bf0f58232f896697f9519859d722f0ee.php 第 129 行.
NOTIC: [8] Undefined variable: goodsname D:\phpstudy\WWW\totti\beauty\Runtime\Cache\Admin\bf0f58232f896697f9519859d722f0ee.php 第 131 行.
NOTIC: [8] Undefined variable: bname D:\phpstudy\WWW\totti\beauty\Runtime\Cache\Admin\bf0f58232f896697f9519859d722f0ee.php 第 131 行.
NOTIC: [8] Undefined variable: cname D:\phpstudy\WWW\totti\beauty\Runtime\Cache\Admin\bf0f58232f896697f9519859d722f0ee.php 第 131 行.
NOTIC: [8] Undefined variable: time1 D:\phpstudy\WWW\totti\beauty\Runtime\Cache\Admin\bf0f58232f896697f9519859d722f0ee.php 第 131 行.
NOTIC: [8] Undefined variable: time2 D:\phpstudy\WWW\totti\beauty\Runtime\Cache\Admin\bf0f58232f896697f9519859d722f0ee.php 第 131 行.
NOTIC: [8] Undefined variable: price1 D:\phpstudy\WWW\totti\beauty\Runtime\Cache\Admin\bf0f58232f896697f9519859d722f0ee.php 第 131 行.
NOTIC: [8] Undefined variable: price2 D:\phpstudy\WWW\totti\beauty\Runtime\Cache\Admin\bf0f58232f896697f9519859d722f0ee.php 第 131 行.
INFO: Run Behavior\ParseTemplateBehavior [ RunTime:0.020001s ]
INFO: [ view_parse ] --END-- [ RunTime:0.020001s ]
INFO: [ view_filter ] --START--
INFO: Run Behavior\WriteHtmlCacheBehavior [ RunTime:0.005000s ]
INFO: [ view_filter ] --END-- [ RunTime:0.005000s ]
INFO: [ app_end ] --START--
INFO: Run Behavior\ShowPageTraceBehavior [ RunTime:0.002000s ]
INFO: [ app_end ] --END-- [ RunTime:0.002000s ]

[ 2017-04-02T09:45:11+08:00 ] 127.0.0.1 /totti/index.php/Admin/Foote/editor/phid/1.html
INFO: [ app_init ] --START--
INFO: Run Behavior\BuildLiteBehavior [ RunTime:0.000000s ]
INFO: [ app_init ] --END-- [ RunTime:0.001000s ]
INFO: [ app_begin ] --START--
INFO: Run Behavior\ReadHtmlCacheBehavior [ RunTime:0.002000s ]
INFO: [ app_begin ] --END-- [ RunTime:0.002000s ]
SQL: SHOW COLUMNS FROM `beauty_foote` [ RunTime:0.0340s ]
SQL: SELECT `fname` FROM `beauty_foote` WHERE `id` = 1 LIMIT 1   [ RunTime:0.0010s ]
INFO: [ view_parse ] --START--
INFO: [ template_filter ] --START--
INFO: Run Behavior\ContentReplaceBehavior [ RunTime:0.000000s ]
INFO: [ template_filter ] --END-- [ RunTime:0.001000s ]
INFO: Run Behavior\ParseTemplateBehavior [ RunTime:0.016001s ]
INFO: [ view_parse ] --END-- [ RunTime:0.016001s ]
INFO: [ view_filter ] --START--
INFO: Run Behavior\WriteHtmlCacheBehavior [ RunTime:0.005000s ]
INFO: [ view_filter ] --END-- [ RunTime:0.005000s ]
INFO: [ app_end ] --START--
INFO: Run Behavior\ShowPageTraceBehavior [ RunTime:0.001000s ]
INFO: [ app_end ] --END-- [ RunTime:0.001000s ]

[ 2017-04-02T09:45:12+08:00 ] 127.0.0.1 /totti/index.php/Admin/Foote/getCateByPid.html
INFO: [ app_init ] --START--
INFO: Run Behavior\BuildLiteBehavior [ RunTime:0.000000s ]
INFO: [ app_init ] --END-- [ RunTime:0.001000s ]
INFO: [ app_begin ] --START--
INFO: Run Behavior\ReadHtmlCacheBehavior [ RunTime:0.001000s ]
INFO: [ app_begin ] --END-- [ RunTime:0.001000s ]
SQL: SHOW COLUMNS FROM `beauty_foote` [ RunTime:0.0300s ]
SQL: SELECT * FROM `beauty_foote` WHERE `pid` = 0  [ RunTime:0.0020s ]

[ 2017-04-02T09:45:15+08:00 ] 127.0.0.1 /totti/index.php/Admin/Foote/add.html
INFO: [ app_init ] --START--
INFO: Run Behavior\BuildLiteBehavior [ RunTime:0.000000s ]
INFO: [ app_init ] --END-- [ RunTime:0.001000s ]
INFO: [ app_begin ] --START--
INFO: Run Behavior\ReadHtmlCacheBehavior [ RunTime:0.002000s ]
INFO: [ app_begin ] --END-- [ RunTime:0.002000s ]
INFO: [ view_parse ] --START--
INFO: [ template_filter ] --START--
INFO: Run Behavior\ContentReplaceBehavior [ RunTime:0.000000s ]
INFO: [ template_filter ] --END-- [ RunTime:0.001000s ]
INFO: Run Behavior\ParseTemplateBehavior [ RunTime:0.012000s ]
INFO: [ view_parse ] --END-- [ RunTime:0.012000s ]
INFO: [ view_filter ] --START--
INFO: Run Behavior\WriteHtmlCacheBehavior [ RunTime:0.004001s ]
INFO: [ view_filter ] --END-- [ RunTime:0.004001s ]
INFO: [ app_end ] --START--
INFO: Run Behavior\ShowPageTraceBehavior [ RunTime:0.001000s ]
INFO: [ app_end ] --END-- [ RunTime:0.001000s ]

[ 2017-04-02T09:45:16+08:00 ] 127.0.0.1 /totti/index.php/Admin/Foote/getCateByPid.html
INFO: [ app_init ] --START--
INFO: Run Behavior\BuildLiteBehavior [ RunTime:0.000000s ]
INFO: [ app_init ] --END-- [ RunTime:0.000000s ]
INFO: [ app_begin ] --START--
INFO: Run Behavior\ReadHtmlCacheBehavior [ RunTime:0.001000s ]
INFO: [ app_begin ] --END-- [ RunTime:0.001000s ]
SQL: SHOW COLUMNS FROM `beauty_foote` [ RunTime:0.0160s ]
SQL: SELECT * FROM `beauty_foote` WHERE `pid` = 0  [ RunTime:0.0010s ]

[ 2017-04-02T09:45:24+08:00 ] 127.0.0.1 /totti/index.php/Admin/Foote/index.html
INFO: [ app_init ] --START--
INFO: Run Behavior\BuildLiteBehavior [ RunTime:0.000000s ]
INFO: [ app_init ] --END-- [ RunTime:0.001000s ]
INFO: [ app_begin ] --START--
NOTIC: [2] filemtime(): stat failed for ./beauty/Admin/View/Foote/index.html D:\phpstudy\WWW\totti\ThinkPHP\Library\Behavior\ReadHtmlCacheBehavior.class.php 第 104 行.
INFO: Run Behavior\ReadHtmlCacheBehavior [ RunTime:0.001000s ]
INFO: [ app_begin ] --END-- [ RunTime:0.001000s ]
SQL: SHOW COLUMNS FROM `beauty_foote` [ RunTime:0.0160s ]
SQL: SELECT COUNT(*) AS tp_count FROM `beauty_foote` WHERE `pid` = 0 LIMIT 1   [ RunTime:0.0000s ]
SQL: SELECT * FROM `beauty_foote` WHERE `pid` = 0 LIMIT 0,8   [ RunTime:0.0010s ]
INFO: [ view_parse ] --START--
INFO: [ template_filter ] --START--
INFO: Run Behavior\ContentReplaceBehavior [ RunTime:0.000000s ]
INFO: [ template_filter ] --END-- [ RunTime:0.000000s ]
NOTIC: [8] Undefined variable: fname D:\phpstudy\WWW\totti\beauty\Runtime\Cache\Admin\bf0f58232f896697f9519859d722f0ee.php 第 58 行.
NOTIC: [8] Undefined variable: firstRow D:\phpstudy\WWW\totti\beauty\Runtime\Cache\Admin\bf0f58232f896697f9519859d722f0ee.php 第 74 行.
NOTIC: [8] Undefined variable: firstRow D:\phpstudy\WWW\totti\beauty\Runtime\Cache\Admin\bf0f58232f896697f9519859d722f0ee.php 第 74 行.
NOTIC: [8] Undefined variable: firstRow D:\phpstudy\WWW\totti\beauty\Runtime\Cache\Admin\bf0f58232f896697f9519859d722f0ee.php 第 74 行.
NOTIC: [8] Undefined variable: firstRow D:\phpstudy\WWW\totti\beauty\Runtime\Cache\Admin\bf0f58232f896697f9519859d722f0ee.php 第 74 行.
NOTIC: [8] Undefined variable: firstRow D:\phpstudy\WWW\totti\beauty\Runtime\Cache\Admin\bf0f58232f896697f9519859d722f0ee.php 第 74 行.
NOTIC: [8] Undefined variable: goodsname D:\phpstudy\WWW\totti\beauty\Runtime\Cache\Admin\bf0f58232f896697f9519859d722f0ee.php 第 129 行.
NOTIC: [8] Undefined variable: bname D:\phpstudy\WWW\totti\beauty\Runtime\Cache\Admin\bf0f58232f896697f9519859d722f0ee.php 第 129 行.
NOTIC: [8] Undefined variable: cname D:\phpstudy\WWW\totti\beauty\Runtime\Cache\Admin\bf0f58232f896697f9519859d722f0ee.php 第 129 行.
NOTIC: [8] Undefined variable: time1 D:\phpstudy\WWW\totti\beauty\Runtime\Cache\Admin\bf0f58232f896697f9519859d722f0ee.php 第 129 行.
NOTIC: [8] Undefined variable: time2 D:\phpstudy\WWW\totti\beauty\Runtime\Cache\Admin\bf0f58232f896697f9519859d722f0ee.php 第 129 行.
NOTIC: [8] Undefined variable: price1 D:\phpstudy\WWW\totti\beauty\Runtime\Cache\Admin\bf0f58232f896697f9519859d722f0ee.php 第 129 行.
NOTIC: [8] Undefined variable: price2 D:\phpstudy\WWW\totti\beauty\Runtime\Cache\Admin\bf0f58232f896697f9519859d722f0ee.php 第 129 行.
NOTIC: [8] Undefined variable: goodsname D:\phpstudy\WWW\totti\beauty\Runtime\Cache\Admin\bf0f58232f896697f9519859d722f0ee.php 第 131 行.
NOTIC: [8] Undefined variable: bname D:\phpstudy\WWW\totti\beauty\Runtime\Cache\Admin\bf0f58232f896697f9519859d722f0ee.php 第 131 行.
NOTIC: [8] Undefined variable: cname D:\phpstudy\WWW\totti\beauty\Runtime\Cache\Admin\bf0f58232f896697f9519859d722f0ee.php 第 131 行.
NOTIC: [8] Undefined variable: time1 D:\phpstudy\WWW\totti\beauty\Runtime\Cache\Admin\bf0f58232f896697f9519859d722f0ee.php 第 131 行.
NOTIC: [8] Undefined variable: time2 D:\phpstudy\WWW\totti\beauty\Runtime\Cache\Admin\bf0f58232f896697f9519859d722f0ee.php 第 131 行.
NOTIC: [8] Undefined variable: price1 D:\phpstudy\WWW\totti\beauty\Runtime\Cache\Admin\bf0f58232f896697f9519859d722f0ee.php 第 131 行.
NOTIC: [8] Undefined variable: price2 D:\phpstudy\WWW\totti\beauty\Runtime\Cache\Admin\bf0f58232f896697f9519859d722f0ee.php 第 131 行.
INFO: Run Behavior\ParseTemplateBehavior [ RunTime:0.020001s ]
INFO: [ view_parse ] --END-- [ RunTime:0.020001s ]
INFO: [ view_filter ] --START--
INFO: Run Behavior\WriteHtmlCacheBehavior [ RunTime:0.004000s ]
INFO: [ view_filter ] --END-- [ RunTime:0.004000s ]
INFO: [ app_end ] --START--
INFO: Run Behavior\ShowPageTraceBehavior [ RunTime:0.001000s ]
INFO: [ app_end ] --END-- [ RunTime:0.001000s ]

[ 2017-04-02T09:45:24+08:00 ] 127.0.0.1 /totti/index.php/Admin/Foote/index.html
INFO: [ app_init ] --START--
INFO: Run Behavior\BuildLiteBehavior [ RunTime:0.000000s ]
INFO: [ app_init ] --END-- [ RunTime:0.000000s ]
INFO: [ app_begin ] --START--
NOTIC: [2] filemtime(): stat failed for ./beauty/Admin/View/Foote/index.html D:\phpstudy\WWW\totti\ThinkPHP\Library\Behavior\ReadHtmlCacheBehavior.class.php 第 104 行.

[ 2017-04-02T09:45:27+08:00 ] 127.0.0.1 /totti/index.php/Admin/Foote/index.html
INFO: [ app_init ] --START--
INFO: Run Behavior\BuildLiteBehavior [ RunTime:0.000000s ]
INFO: [ app_init ] --END-- [ RunTime:0.001000s ]
INFO: [ app_begin ] --START--
NOTIC: [2] filemtime(): stat failed for ./beauty/Admin/View/Foote/index.html D:\phpstudy\WWW\totti\ThinkPHP\Library\Behavior\ReadHtmlCacheBehavior.class.php 第 104 行.

[ 2017-04-02T09:45:31+08:00 ] 127.0.0.1 /totti/index.php/Admin/Foote/index/pid/17.html
INFO: [ app_init ] --START--
INFO: Run Behavior\BuildLiteBehavior [ RunTime:0.000000s ]
INFO: [ app_init ] --END-- [ RunTime:0.001000s ]
INFO: [ app_begin ] --START--
INFO: Run Behavior\ReadHtmlCacheBehavior [ RunTime:0.001000s ]
INFO: [ app_begin ] --END-- [ RunTime:0.001000s ]
SQL: SHOW COLUMNS FROM `beauty_foote` [ RunTime:0.0160s ]
SQL: SELECT COUNT(*) AS tp_count FROM `beauty_foote` WHERE `pid` = 17 LIMIT 1   [ RunTime:0.0010s ]
SQL: SELECT * FROM `beauty_foote` WHERE `pid` = 17 LIMIT 0,8   [ RunTime:0.0010s ]
INFO: [ view_parse ] --START--
INFO: [ template_filter ] --START--
INFO: Run Behavior\ContentReplaceBehavior [ RunTime:0.000000s ]
INFO: [ template_filter ] --END-- [ RunTime:0.000000s ]
NOTIC: [8] Undefined variable: fname D:\phpstudy\WWW\totti\beauty\Runtime\Cache\Admin\bf0f58232f896697f9519859d722f0ee.php 第 58 行.
NOTIC: [8] Undefined variable: firstRow D:\phpstudy\WWW\totti\beauty\Runtime\Cache\Admin\bf0f58232f896697f9519859d722f0ee.php 第 74 行.
NOTIC: [8] Undefined variable: firstRow D:\phpstudy\WWW\totti\beauty\Runtime\Cache\Admin\bf0f58232f896697f9519859d722f0ee.php 第 74 行.
NOTIC: [8] Undefined variable: firstRow D:\phpstudy\WWW\totti\beauty\Runtime\Cache\Admin\bf0f58232f896697f9519859d722f0ee.php 第 74 行.
NOTIC: [8] Undefined variable: goodsname D:\phpstudy\WWW\totti\beauty\Runtime\Cache\Admin\bf0f58232f896697f9519859d722f0ee.php 第 129 行.
NOTIC: [8] Undefined variable: bname D:\phpstudy\WWW\totti\beauty\Runtime\Cache\Admin\bf0f58232f896697f9519859d722f0ee.php 第 129 行.
NOTIC: [8] Undefined variable: cname D:\phpstudy\WWW\totti\beauty\Runtime\Cache\Admin\bf0f58232f896697f9519859d722f0ee.php 第 129 行.
NOTIC: [8] Undefined variable: time1 D:\phpstudy\WWW\totti\beauty\Runtime\Cache\Admin\bf0f58232f896697f9519859d722f0ee.php 第 129 行.
NOTIC: [8] Undefined variable: time2 D:\phpstudy\WWW\totti\beauty\Runtime\Cache\Admin\bf0f58232f896697f9519859d722f0ee.php 第 129 行.
NOTIC: [8] Undefined variable: price1 D:\phpstudy\WWW\totti\beauty\Runtime\Cache\Admin\bf0f58232f896697f9519859d722f0ee.php 第 129 行.
NOTIC: [8] Undefined variable: price2 D:\phpstudy\WWW\totti\beauty\Runtime\Cache\Admin\bf0f58232f896697f9519859d722f0ee.php 第 129 行.
NOTIC: [8] Undefined variable: goodsname D:\phpstudy\WWW\totti\beauty\Runtime\Cache\Admin\bf0f58232f896697f9519859d722f0ee.php 第 131 行.
NOTIC: [8] Undefined variable: bname D:\phpstudy\WWW\totti\beauty\Runtime\Cache\Admin\bf0f58232f896697f9519859d722f0ee.php 第 131 行.
NOTIC: [8] Undefined variable: cname D:\phpstudy\WWW\totti\beauty\Runtime\Cache\Admin\bf0f58232f896697f9519859d722f0ee.php 第 131 行.
NOTIC: [8] Undefined variable: time1 D:\phpstudy\WWW\totti\beauty\Runtime\Cache\Admin\bf0f58232f896697f9519859d722f0ee.php 第 131 行.
NOTIC: [8] Undefined variable: time2 D:\phpstudy\WWW\totti\beauty\Runtime\Cache\Admin\bf0f58232f896697f9519859d722f0ee.php 第 131 行.
NOTIC: [8] Undefined variable: price1 D:\phpstudy\WWW\totti\beauty\Runtime\Cache\Admin\bf0f58232f896697f9519859d722f0ee.php 第 131 行.
NOTIC: [8] Undefined variable: price2 D:\phpstudy\WWW\totti\beauty\Runtime\Cache\Admin\bf0f58232f896697f9519859d722f0ee.php 第 131 行.
INFO: Run Behavior\ParseTemplateBehavior [ RunTime:0.016001s ]
INFO: [ view_parse ] --END-- [ RunTime:0.016001s ]
INFO: [ view_filter ] --START--
INFO: Run Behavior\WriteHtmlCacheBehavior [ RunTime:0.021001s ]
INFO: [ view_filter ] --END-- [ RunTime:0.021001s ]
INFO: [ app_end ] --START--
INFO: Run Behavior\ShowPageTraceBehavior [ RunTime:0.001000s ]
INFO: [ app_end ] --END-- [ RunTime:0.001000s ]

[ 2017-04-02T09:45:43+08:00 ] 127.0.0.1 /totti/index.php/Admin/Foote/news/id/18.html
INFO: [ app_init ] --START--
INFO: Run Behavior\BuildLiteBehavior [ RunTime:0.000000s ]
INFO: [ app_init ] --END-- [ RunTime:0.001000s ]
INFO: [ app_begin ] --START--
INFO: Run Behavior\ReadHtmlCacheBehavior [ RunTime:0.001000s ]
INFO: [ app_begin ] --END-- [ RunTime:0.001000s ]
SQL: SHOW COLUMNS FROM `beauty_foote` [ RunTime:0.0270s ]
SQL: SELECT * FROM `beauty_foote` WHERE `id` = 18 LIMIT 1   [ RunTime:0.0010s ]
INFO: [ view_parse ] --START--
INFO: [ template_filter ] --START--
INFO: Run Behavior\ContentReplaceBehavior [ RunTime:0.000000s ]
INFO: [ template_filter ] --END-- [ RunTime:0.000000s ]
INFO: Run Behavior\ParseTemplateBehavior [ RunTime:0.035002s ]
INFO: [ view_parse ] --END-- [ RunTime:0.035002s ]
INFO: [ view_filter ] --START--
INFO: Run Behavior\WriteHtmlCacheBehavior [ RunTime:0.007000s ]
INFO: [ view_filter ] --END-- [ RunTime:0.007000s ]
INFO: [ app_end ] --START--
INFO: Run Behavior\ShowPageTraceBehavior [ RunTime:0.001000s ]
INFO: [ app_end ] --END-- [ RunTime:0.002000s ]

[ 2017-04-02T15:31:56+08:00 ] 127.0.0.1 /totti/index.php/Admin/AdminNav/index.html
INFO: [ app_init ] --START--
INFO: Run Behavior\BuildLiteBehavior [ RunTime:0.000000s ]
INFO: [ app_init ] --END-- [ RunTime:0.001000s ]
INFO: [ app_begin ] --START--
NOTIC: [2] filemtime(): stat failed for ./beauty/Admin/View/AdminNav/index.html D:\phpstudy\WWW\totti\ThinkPHP\Library\Behavior\ReadHtmlCacheBehavior.class.php 第 104 行.
INFO: Run Behavior\ReadHtmlCacheBehavior [ RunTime:0.040003s ]
INFO: [ app_begin ] --END-- [ RunTime:0.040003s ]
SQL: SHOW COLUMNS FROM `beauty_admin_nav` [ RunTime:0.0150s ]
SQL: SELECT * FROM `beauty_admin_nav` ORDER BY priority asc  [ RunTime:0.0010s ]
INFO: [ view_parse ] --START--
INFO: [ template_filter ] --START--
INFO: Run Behavior\ContentReplaceBehavior [ RunTime:0.000000s ]
INFO: [ template_filter ] --END-- [ RunTime:0.000000s ]
INFO: Run Behavior\ParseTemplateBehavior [ RunTime:0.038002s ]
INFO: [ view_parse ] --END-- [ RunTime:0.038002s ]
INFO: [ view_filter ] --START--
INFO: Run Behavior\WriteHtmlCacheBehavior [ RunTime:0.004000s ]
INFO: [ view_filter ] --END-- [ RunTime:0.004000s ]
INFO: [ app_end ] --START--
INFO: Run Behavior\ShowPageTraceBehavior [ RunTime:0.001000s ]
INFO: [ app_end ] --END-- [ RunTime:0.001000s ]

[ 2017-04-02T15:31:56+08:00 ] 127.0.0.1 /totti/index.php/Admin/AdminNav/index.html
INFO: [ app_init ] --START--
INFO: Run Behavior\BuildLiteBehavior [ RunTime:0.000000s ]
INFO: [ app_init ] --END-- [ RunTime:0.000000s ]
INFO: [ app_begin ] --START--
NOTIC: [2] filemtime(): stat failed for ./beauty/Admin/View/AdminNav/index.html D:\phpstudy\WWW\totti\ThinkPHP\Library\Behavior\ReadHtmlCacheBehavior.class.php 第 104 行.

[ 2017-04-02T15:31:58+08:00 ] 127.0.0.1 /totti/index.php/Admin/AdminNav/add.html
INFO: [ app_init ] --START--
INFO: Run Behavior\BuildLiteBehavior [ RunTime:0.000000s ]
INFO: [ app_init ] --END-- [ RunTime:0.002000s ]
INFO: [ app_begin ] --START--
INFO: Run Behavior\ReadHtmlCacheBehavior [ RunTime:0.009001s ]
INFO: [ app_begin ] --END-- [ RunTime:0.009001s ]
INFO: [ view_parse ] --START--
INFO: [ template_filter ] --START--
INFO: Run Behavior\ContentReplaceBehavior [ RunTime:0.000000s ]
INFO: [ template_filter ] --END-- [ RunTime:0.000000s ]
INFO: Run Behavior\ParseTemplateBehavior [ RunTime:0.014001s ]
INFO: [ view_parse ] --END-- [ RunTime:0.014001s ]
INFO: [ view_filter ] --START--
INFO: Run Behavior\WriteHtmlCacheBehavior [ RunTime:0.004000s ]
INFO: [ view_filter ] --END-- [ RunTime:0.004000s ]
INFO: [ app_end ] --START--
INFO: Run Behavior\ShowPageTraceBehavior [ RunTime:0.001000s ]
INFO: [ app_end ] --END-- [ RunTime:0.001000s ]

[ 2017-04-02T15:32:19+08:00 ] 127.0.0.1 /totti/index.php/Admin/AdminNav/index.html
INFO: [ app_init ] --START--
INFO: Run Behavior\BuildLiteBehavior [ RunTime:0.000000s ]
INFO: [ app_init ] --END-- [ RunTime:0.001000s ]
INFO: [ app_begin ] --START--
NOTIC: [2] filemtime(): stat failed for ./beauty/Admin/View/AdminNav/index.html D:\phpstudy\WWW\totti\ThinkPHP\Library\Behavior\ReadHtmlCacheBehavior.class.php 第 104 行.
INFO: Run Behavior\ReadHtmlCacheBehavior [ RunTime:0.001001s ]
INFO: [ app_begin ] --END-- [ RunTime:0.001001s ]
SQL: SHOW COLUMNS FROM `beauty_admin_nav` [ RunTime:0.0220s ]
SQL: SELECT * FROM `beauty_admin_nav` ORDER BY priority asc  [ RunTime:0.0020s ]
INFO: [ view_parse ] --START--
INFO: [ template_filter ] --START--
INFO: Run Behavior\ContentReplaceBehavior [ RunTime:0.000000s ]
INFO: [ template_filter ] --END-- [ RunTime:0.000000s ]
INFO: Run Behavior\ParseTemplateBehavior [ RunTime:0.022001s ]
INFO: [ view_parse ] --END-- [ RunTime:0.022001s ]
INFO: [ view_filter ] --START--
INFO: Run Behavior\WriteHtmlCacheBehavior [ RunTime:0.004001s ]
INFO: [ view_filter ] --END-- [ RunTime:0.004001s ]
INFO: [ app_end ] --START--
INFO: Run Behavior\ShowPageTraceBehavior [ RunTime:0.001000s ]
INFO: [ app_end ] --END-- [ RunTime:0.001000s ]

[ 2017-04-02T15:32:20+08:00 ] 127.0.0.1 /totti/index.php/Admin/AdminNav/index.html
INFO: [ app_init ] --START--
INFO: Run Behavior\BuildLiteBehavior [ RunTime:0.000000s ]
INFO: [ app_init ] --END-- [ RunTime:0.000000s ]
INFO: [ app_begin ] --START--
NOTIC: [2] filemtime(): stat failed for ./beauty/Admin/View/AdminNav/index.html D:\phpstudy\WWW\totti\ThinkPHP\Library\Behavior\ReadHtmlCacheBehavior.class.php 第 104 行.

[ 2017-04-02T15:32:22+08:00 ] 127.0.0.1 /totti/index.php/Admin/AdminNav/add/pid/1/pname/%E5%90%8E%E5%8F%B0%E9%A6%96%E9%A1%B5.html
INFO: [ app_init ] --START--
INFO: Run Behavior\BuildLiteBehavior [ RunTime:0.000000s ]
INFO: [ app_init ] --END-- [ RunTime:0.001000s ]
INFO: [ app_begin ] --START--
INFO: Run Behavior\ReadHtmlCacheBehavior [ RunTime:0.001000s ]
INFO: [ app_begin ] --END-- [ RunTime:0.001000s ]
INFO: [ view_parse ] --START--
INFO: [ template_filter ] --START--
INFO: Run Behavior\ContentReplaceBehavior [ RunTime:0.000000s ]
INFO: [ template_filter ] --END-- [ RunTime:0.000000s ]
INFO: Run Behavior\ParseTemplateBehavior [ RunTime:0.012001s ]
INFO: [ view_parse ] --END-- [ RunTime:0.012001s ]
INFO: [ view_filter ] --START--
INFO: Run Behavior\WriteHtmlCacheBehavior [ RunTime:0.004000s ]
INFO: [ view_filter ] --END-- [ RunTime:0.004000s ]
INFO: [ app_end ] --START--
INFO: Run Behavior\ShowPageTraceBehavior [ RunTime:0.001000s ]
INFO: [ app_end ] --END-- [ RunTime:0.001000s ]

[ 2017-04-02T15:33:22+08:00 ] 127.0.0.1 /totti/index.php/Admin/AdminNav/index.html
INFO: [ app_init ] --START--
INFO: Run Behavior\BuildLiteBehavior [ RunTime:0.000000s ]
INFO: [ app_init ] --END-- [ RunTime:0.000000s ]
INFO: [ app_begin ] --START--
NOTIC: [2] filemtime(): stat failed for ./beauty/Admin/View/AdminNav/index.html D:\phpstudy\WWW\totti\ThinkPHP\Library\Behavior\ReadHtmlCacheBehavior.class.php 第 104 行.
INFO: Run Behavior\ReadHtmlCacheBehavior [ RunTime:0.002001s ]
INFO: [ app_begin ] --END-- [ RunTime:0.002001s ]
SQL: SHOW COLUMNS FROM `beauty_admin_nav` [ RunTime:0.0360s ]
SQL: SELECT * FROM `beauty_admin_nav` ORDER BY priority asc  [ RunTime:0.0010s ]
INFO: [ view_parse ] --START--
INFO: [ template_filter ] --START--
INFO: Run Behavior\ContentReplaceBehavior [ RunTime:0.000000s ]
INFO: [ template_filter ] --END-- [ RunTime:0.000000s ]
INFO: Run Behavior\ParseTemplateBehavior [ RunTime:0.027002s ]
INFO: [ view_parse ] --END-- [ RunTime:0.027002s ]
INFO: [ view_filter ] --START--
INFO: Run Behavior\WriteHtmlCacheBehavior [ RunTime:0.004000s ]
INFO: [ view_filter ] --END-- [ RunTime:0.004000s ]
INFO: [ app_end ] --START--
INFO: Run Behavior\ShowPageTraceBehavior [ RunTime:0.001000s ]
INFO: [ app_end ] --END-- [ RunTime:0.002000s ]

[ 2017-04-02T15:33:22+08:00 ] 127.0.0.1 /totti/index.php/Admin/AdminNav/add.html
INFO: [ app_init ] --START--
INFO: Run Behavior\BuildLiteBehavior [ RunTime:0.000000s ]
INFO: [ app_init ] --END-- [ RunTime:0.001000s ]
INFO: [ app_begin ] --START--
INFO: Run Behavior\ReadHtmlCacheBehavior [ RunTime:0.001000s ]
INFO: [ app_begin ] --END-- [ RunTime:0.001000s ]
INFO: [ view_parse ] --START--
INFO: [ template_filter ] --START--
INFO: Run Behavior\ContentReplaceBehavior [ RunTime:0.000000s ]
INFO: [ template_filter ] --END-- [ RunTime:0.000000s ]
INFO: Run Behavior\ParseTemplateBehavior [ RunTime:0.012001s ]
INFO: [ view_parse ] --END-- [ RunTime:0.012001s ]
INFO: [ view_filter ] --START--
INFO: Run Behavior\WriteHtmlCacheBehavior [ RunTime:0.004000s ]
INFO: [ view_filter ] --END-- [ RunTime:0.004000s ]
INFO: [ app_end ] --START--
INFO: Run Behavior\ShowPageTraceBehavior [ RunTime:0.001000s ]
INFO: [ app_end ] --END-- [ RunTime:0.001000s ]

[ 2017-04-02T15:33:23+08:00 ] 127.0.0.1 /totti/index.php/Admin/AdminNav/index.html
INFO: [ app_init ] --START--
INFO: Run Behavior\BuildLiteBehavior [ RunTime:0.000000s ]
INFO: [ app_init ] --END-- [ RunTime:0.001000s ]
INFO: [ app_begin ] --START--
NOTIC: [2] filemtime(): stat failed for ./beauty/Admin/View/AdminNav/index.html D:\phpstudy\WWW\totti\ThinkPHP\Library\Behavior\ReadHtmlCacheBehavior.class.php 第 104 行.

[ 2017-04-02T15:33:24+08:00 ] 127.0.0.1 /totti/index.php/Admin/AdminNav/add.html
INFO: [ app_init ] --START--
INFO: Run Behavior\BuildLiteBehavior [ RunTime:0.000000s ]
INFO: [ app_init ] --END-- [ RunTime:0.001000s ]
INFO: [ app_begin ] --START--

[ 2017-04-02T15:33:34+08:00 ] 127.0.0.1 /totti/index.php/Admin/AdminNav/index.html
INFO: [ app_init ] --START--
INFO: Run Behavior\BuildLiteBehavior [ RunTime:0.000000s ]
INFO: [ app_init ] --END-- [ RunTime:0.002000s ]
INFO: [ app_begin ] --START--
NOTIC: [2] filemtime(): stat failed for ./beauty/Admin/View/AdminNav/index.html D:\phpstudy\WWW\totti\ThinkPHP\Library\Behavior\ReadHtmlCacheBehavior.class.php 第 104 行.
INFO: Run Behavior\ReadHtmlCacheBehavior [ RunTime:0.001000s ]
INFO: [ app_begin ] --END-- [ RunTime:0.002001s ]
SQL: SHOW COLUMNS FROM `beauty_admin_nav` [ RunTime:0.0310s ]
SQL: SELECT * FROM `beauty_admin_nav` ORDER BY priority asc  [ RunTime:0.0020s ]
INFO: [ view_parse ] --START--
INFO: [ template_filter ] --START--
INFO: Run Behavior\ContentReplaceBehavior [ RunTime:0.000000s ]
INFO: [ template_filter ] --END-- [ RunTime:0.000000s ]
INFO: Run Behavior\ParseTemplateBehavior [ RunTime:0.027001s ]
INFO: [ view_parse ] --END-- [ RunTime:0.027001s ]
INFO: [ view_filter ] --START--
INFO: Run Behavior\WriteHtmlCacheBehavior [ RunTime:0.004001s ]
INFO: [ view_filter ] --END-- [ RunTime:0.004001s ]
INFO: [ app_end ] --START--
INFO: Run Behavior\ShowPageTraceBehavior [ RunTime:0.001000s ]
INFO: [ app_end ] --END-- [ RunTime:0.001000s ]

[ 2017-04-02T15:35:56+08:00 ] 127.0.0.1 /totti/index.php/Admin/AdminNav/add/pid/1/pname/%E5%90%8E%E5%8F%B0%E9%A6%96%E9%A1%B5.html
INFO: [ app_init ] --START--
INFO: Run Behavior\BuildLiteBehavior [ RunTime:0.000000s ]
INFO: [ app_init ] --END-- [ RunTime:0.001000s ]
INFO: [ app_begin ] --START--
INFO: Run Behavior\ReadHtmlCacheBehavior [ RunTime:0.002001s ]
INFO: [ app_begin ] --END-- [ RunTime:0.002001s ]
INFO: [ view_parse ] --START--
INFO: [ template_filter ] --START--
INFO: Run Behavior\ContentReplaceBehavior [ RunTime:0.000000s ]
INFO: [ template_filter ] --END-- [ RunTime:0.000000s ]
INFO: Run Behavior\ParseTemplateBehavior [ RunTime:0.011000s ]
INFO: [ view_parse ] --END-- [ RunTime:0.012001s ]
INFO: [ view_filter ] --START--
INFO: Run Behavior\WriteHtmlCacheBehavior [ RunTime:0.003000s ]
INFO: [ view_filter ] --END-- [ RunTime:0.003000s ]
INFO: [ app_end ] --START--
INFO: Run Behavior\ShowPageTraceBehavior [ RunTime:0.001000s ]
INFO: [ app_end ] --END-- [ RunTime:0.001000s ]

[ 2017-04-02T15:53:41+08:00 ] 127.0.0.1 /totti/index.php/Admin/AdminNav/add.html
INFO: [ app_init ] --START--
INFO: Run Behavior\BuildLiteBehavior [ RunTime:0.000000s ]
INFO: [ app_init ] --END-- [ RunTime:0.001000s ]
INFO: [ app_begin ] --START--
INFO: Run Behavior\ReadHtmlCacheBehavior [ RunTime:0.002000s ]
INFO: [ app_begin ] --END-- [ RunTime:0.002000s ]
INFO: [ view_parse ] --START--
INFO: [ template_filter ] --START--
INFO: Run Behavior\ContentReplaceBehavior [ RunTime:0.000000s ]
INFO: [ template_filter ] --END-- [ RunTime:0.000000s ]
INFO: Run Behavior\ParseTemplateBehavior [ RunTime:0.012001s ]
INFO: [ view_parse ] --END-- [ RunTime:0.012001s ]
INFO: [ view_filter ] --START--
INFO: Run Behavior\WriteHtmlCacheBehavior [ RunTime:0.004000s ]
INFO: [ view_filter ] --END-- [ RunTime:0.004000s ]
INFO: [ app_end ] --START--
INFO: Run Behavior\ShowPageTraceBehavior [ RunTime:0.001000s ]
INFO: [ app_end ] --END-- [ RunTime:0.001000s ]

[ 2017-04-02T15:53:43+08:00 ] 127.0.0.1 /totti/index.php/Admin/AdminNav/index.html
INFO: [ app_init ] --START--
INFO: Run Behavior\BuildLiteBehavior [ RunTime:0.000000s ]
INFO: [ app_init ] --END-- [ RunTime:0.001000s ]
INFO: [ app_begin ] --START--
NOTIC: [2] filemtime(): stat failed for ./beauty/Admin/View/AdminNav/index.html D:\phpstudy\WWW\totti\ThinkPHP\Library\Behavior\ReadHtmlCacheBehavior.class.php 第 104 行.
INFO: Run Behavior\ReadHtmlCacheBehavior [ RunTime:0.004001s ]
INFO: [ app_begin ] --END-- [ RunTime:0.004001s ]
SQL: SHOW COLUMNS FROM `beauty_admin_nav` [ RunTime:0.0330s ]
SQL: SELECT * FROM `beauty_admin_nav` ORDER BY priority asc  [ RunTime:0.0030s ]
INFO: [ view_parse ] --START--
INFO: [ template_filter ] --START--
INFO: Run Behavior\ContentReplaceBehavior [ RunTime:0.000000s ]
INFO: [ template_filter ] --END-- [ RunTime:0.000000s ]
INFO: Run Behavior\ParseTemplateBehavior [ RunTime:0.032002s ]
INFO: [ view_parse ] --END-- [ RunTime:0.032002s ]
INFO: [ view_filter ] --START--
INFO: Run Behavior\WriteHtmlCacheBehavior [ RunTime:0.004000s ]
INFO: [ view_filter ] --END-- [ RunTime:0.004000s ]
INFO: [ app_end ] --START--
INFO: Run Behavior\ShowPageTraceBehavior [ RunTime:0.002001s ]
INFO: [ app_end ] --END-- [ RunTime:0.002001s ]

[ 2017-04-02T15:53:43+08:00 ] 127.0.0.1 /totti/index.php/Admin/AdminNav/index.html
INFO: [ app_init ] --START--
INFO: Run Behavior\BuildLiteBehavior [ RunTime:0.000000s ]
INFO: [ app_init ] --END-- [ RunTime:0.002000s ]
INFO: [ app_begin ] --START--
NOTIC: [2] filemtime(): stat failed for ./beauty/Admin/View/AdminNav/index.html D:\phpstudy\WWW\totti\ThinkPHP\Library\Behavior\ReadHtmlCacheBehavior.class.php 第 104 行.

