[ 2017-04-25T16:54:32+08:00 ] 127.0.0.1 /totti/admin
INFO: [ app_init ] --START--
INFO: Run Behavior\BuildLiteBehavior [ RunTime:0.001000s ]
INFO: [ app_init ] --END-- [ RunTime:0.001000s ]
INFO: [ app_begin ] --START--
INFO: Run Behavior\ReadHtmlCacheBehavior [ RunTime:0.061003s ]
INFO: [ app_begin ] --END-- [ RunTime:0.061003s ]

[ 2017-04-25T16:54:33+08:00 ] 127.0.0.1 /totti/index.php/Admin/Login/login.html
INFO: [ app_init ] --START--
INFO: Run Behavior\BuildLiteBehavior [ RunTime:0.000000s ]
INFO: [ app_init ] --END-- [ RunTime:0.001000s ]
INFO: [ app_begin ] --START--
INFO: Run Behavior\ReadHtmlCacheBehavior [ RunTime:0.011001s ]
INFO: [ app_begin ] --END-- [ RunTime:0.011001s ]
INFO: [ view_parse ] --START--
INFO: [ template_filter ] --START--
INFO: Run Behavior\ContentReplaceBehavior [ RunTime:0.000000s ]
INFO: [ template_filter ] --END-- [ RunTime:0.000000s ]
INFO: Run Behavior\ParseTemplateBehavior [ RunTime:0.042002s ]
INFO: [ view_parse ] --END-- [ RunTime:0.042002s ]
INFO: [ view_filter ] --START--
INFO: Run Behavior\WriteHtmlCacheBehavior [ RunTime:0.002001s ]
INFO: [ view_filter ] --END-- [ RunTime:0.002001s ]
INFO: [ app_end ] --START--
INFO: Run Behavior\ShowPageTraceBehavior [ RunTime:0.002000s ]
INFO: [ app_end ] --END-- [ RunTime:0.002000s ]

[ 2017-04-25T16:54:33+08:00 ] 127.0.0.1 /totti/index.php/Admin/Login/verify.html
INFO: [ app_init ] --START--
INFO: Run Behavior\BuildLiteBehavior [ RunTime:0.000000s ]
INFO: [ app_init ] --END-- [ RunTime:0.000000s ]
INFO: [ app_begin ] --START--
INFO: Run Behavior\ReadHtmlCacheBehavior [ RunTime:0.007001s ]
INFO: [ app_begin ] --END-- [ RunTime:0.007001s ]
INFO: [ app_end ] --START--
INFO: Run Behavior\ShowPageTraceBehavior [ RunTime:0.005000s ]
INFO: [ app_end ] --END-- [ RunTime:0.005000s ]

[ 2017-04-25T16:54:37+08:00 ] 127.0.0.1 /totti/index.php/Admin/Login/chkAdmin.html
INFO: [ app_init ] --START--
INFO: Run Behavior\BuildLiteBehavior [ RunTime:0.000000s ]
INFO: [ app_init ] --END-- [ RunTime:0.004000s ]
INFO: [ app_begin ] --START--
INFO: Run Behavior\ReadHtmlCacheBehavior [ RunTime:0.001000s ]
INFO: [ app_begin ] --END-- [ RunTime:0.001000s ]
SQL: SHOW COLUMNS FROM `beauty_admin` [ RunTime:0.0090s ]
SQL: SELECT * FROM `beauty_admin` WHERE `username` = 'admin' LIMIT 1   [ RunTime:0.0010s ]
INFO: [ app_end ] --START--
INFO: Run Behavior\ShowPageTraceBehavior [ RunTime:0.002000s ]
INFO: [ app_end ] --END-- [ RunTime:0.002000s ]

[ 2017-04-25T16:54:40+08:00 ] 127.0.0.1 /totti/index.php/Admin/Login/chkVerify.html
INFO: [ app_init ] --START--
INFO: Run Behavior\BuildLiteBehavior [ RunTime:0.000000s ]
INFO: [ app_init ] --END-- [ RunTime:0.001000s ]
INFO: [ app_begin ] --START--
INFO: Run Behavior\ReadHtmlCacheBehavior [ RunTime:0.001000s ]
INFO: [ app_begin ] --END-- [ RunTime:0.001000s ]
INFO: [ app_end ] --START--
INFO: Run Behavior\ShowPageTraceBehavior [ RunTime:0.002000s ]
INFO: [ app_end ] --END-- [ RunTime:0.002000s ]

[ 2017-04-25T16:54:41+08:00 ] 127.0.0.1 /totti/index.php/Admin/Login/login.html
INFO: [ app_init ] --START--
INFO: Run Behavior\BuildLiteBehavior [ RunTime:0.000000s ]
INFO: [ app_init ] --END-- [ RunTime:0.001000s ]
INFO: [ app_begin ] --START--
INFO: Run Behavior\ReadHtmlCacheBehavior [ RunTime:0.001000s ]
INFO: [ app_begin ] --END-- [ RunTime:0.001000s ]
SQL: SHOW COLUMNS FROM `beauty_admin` [ RunTime:0.0070s ]
NOTIC: [8] Undefined index: validate D:\phpstudy\WWW\totti\ThinkPHP\Library\Think\Model.class.php 第 1185 行.
SQL: SELECT * FROM `beauty_admin` WHERE `username` = 'admin' LIMIT 1   [ RunTime:0.0010s ]
SQL: SELECT * FROM `beauty_admin` WHERE `username` = 'admin' AND `password` = '21232f297a57a5a743894a0e4a801fc3' LIMIT 1   [ RunTime:0.0000s ]
SQL: UPDATE `beauty_admin` SET `online`='1',`lastlogin`='1493110481',`lastip`='127.0.0.1' WHERE `id` = 1 [ RunTime:0.0150s ]

[ 2017-04-25T16:54:43+08:00 ] 127.0.0.1 /totti/index.php/Admin/Login/login.html
INFO: [ app_init ] --START--
INFO: Run Behavior\BuildLiteBehavior [ RunTime:0.000000s ]
INFO: [ app_init ] --END-- [ RunTime:0.002000s ]
INFO: [ app_begin ] --START--
INFO: Run Behavior\ReadHtmlCacheBehavior [ RunTime:0.004000s ]
INFO: [ app_begin ] --END-- [ RunTime:0.004000s ]
SQL: SHOW COLUMNS FROM `beauty_admin` [ RunTime:0.0070s ]
NOTIC: [8] Undefined index: validate D:\phpstudy\WWW\totti\ThinkPHP\Library\Think\Model.class.php 第 1185 行.
SQL: SELECT * FROM `beauty_admin` WHERE `username` = 'admin' LIMIT 1   [ RunTime:0.0010s ]
SQL: SELECT * FROM `beauty_admin` WHERE `username` = 'admin' AND `password` = '21232f297a57a5a743894a0e4a801fc3' LIMIT 1   [ RunTime:0.0010s ]
SQL: UPDATE `beauty_admin` SET `online`='1',`lastlogin`='1493110483',`lastip`='127.0.0.1' WHERE `id` = 1 [ RunTime:0.0410s ]

[ 2017-04-25T16:54:43+08:00 ] 127.0.0.1 /totti/index.php/Admin/Index/index.html
INFO: [ app_init ] --START--
INFO: Run Behavior\BuildLiteBehavior [ RunTime:0.000000s ]
INFO: [ app_init ] --END-- [ RunTime:0.001001s ]
INFO: [ app_begin ] --START--
INFO: Run Behavior\ReadHtmlCacheBehavior [ RunTime:0.031001s ]
INFO: [ app_begin ] --END-- [ RunTime:0.031001s ]
INFO: [ view_parse ] --START--
INFO: [ template_filter ] --START--
INFO: Run Behavior\ContentReplaceBehavior [ RunTime:0.000000s ]
INFO: [ template_filter ] --END-- [ RunTime:0.000000s ]
INFO: Run Behavior\ParseTemplateBehavior [ RunTime:0.138008s ]
INFO: [ view_parse ] --END-- [ RunTime:0.138008s ]
INFO: [ view_filter ] --START--
INFO: Run Behavior\WriteHtmlCacheBehavior [ RunTime:0.005000s ]
INFO: [ view_filter ] --END-- [ RunTime:0.005000s ]
INFO: [ app_end ] --START--
INFO: Run Behavior\ShowPageTraceBehavior [ RunTime:0.001000s ]
INFO: [ app_end ] --END-- [ RunTime:0.001000s ]

[ 2017-04-25T16:54:44+08:00 ] 127.0.0.1 /totti/index.php/Admin/Index/top.html
INFO: [ app_init ] --START--
INFO: Run Behavior\BuildLiteBehavior [ RunTime:0.000000s ]
INFO: [ app_init ] --END-- [ RunTime:0.001000s ]
INFO: [ app_begin ] --START--
NOTIC: [2] filemtime(): stat failed for ./beauty/Admin/View/Index/top.html D:\phpstudy\WWW\totti\ThinkPHP\Library\Behavior\ReadHtmlCacheBehavior.class.php 第 104 行.
INFO: Run Behavior\ReadHtmlCacheBehavior [ RunTime:0.038002s ]
INFO: [ app_begin ] --END-- [ RunTime:0.038002s ]
SQL: SHOW COLUMNS FROM `beauty_message_admin` [ RunTime:0.0190s ]
SQL: SELECT COUNT(*) AS tp_count FROM `beauty_message_admin` WHERE `receiveId` = 1 AND `status` = 1 LIMIT 1   [ RunTime:0.0010s ]
INFO: [ view_parse ] --START--
INFO: [ template_filter ] --START--
INFO: Run Behavior\ContentReplaceBehavior [ RunTime:0.001000s ]
INFO: [ template_filter ] --END-- [ RunTime:0.001000s ]
INFO: Run Behavior\ParseTemplateBehavior [ RunTime:0.036002s ]
INFO: [ view_parse ] --END-- [ RunTime:0.036002s ]
INFO: [ view_filter ] --START--
INFO: Run Behavior\WriteHtmlCacheBehavior [ RunTime:0.001001s ]
INFO: [ view_filter ] --END-- [ RunTime:0.001001s ]
INFO: [ app_end ] --START--
INFO: Run Behavior\ShowPageTraceBehavior [ RunTime:0.002000s ]
INFO: [ app_end ] --END-- [ RunTime:0.002000s ]

[ 2017-04-25T16:54:45+08:00 ] 127.0.0.1 /totti/index.php/Admin/Index/left.html
INFO: [ app_init ] --START--
INFO: Run Behavior\BuildLiteBehavior [ RunTime:0.000000s ]
INFO: [ app_init ] --END-- [ RunTime:0.000000s ]
INFO: [ app_begin ] --START--
NOTIC: [2] filemtime(): stat failed for ./beauty/Admin/View/Index/left.html D:\phpstudy\WWW\totti\ThinkPHP\Library\Behavior\ReadHtmlCacheBehavior.class.php 第 104 行.
INFO: Run Behavior\ReadHtmlCacheBehavior [ RunTime:0.050003s ]
INFO: [ app_begin ] --END-- [ RunTime:0.050003s ]
SQL: SHOW COLUMNS FROM `beauty_admin_nav` [ RunTime:0.0170s ]
SQL: SELECT * FROM `beauty_admin_nav` WHERE `pid` = 0 ORDER BY priority  [ RunTime:0.0010s ]
SQL: SHOW COLUMNS FROM `beauty_auth_group_access` [ RunTime:0.0100s ]
SQL: SELECT `uid`,`group_id`,`title`,`rules` FROM beauty_auth_group_access a INNER JOIN beauty_auth_group g on a.group_id=g.id  WHERE ( a.uid='1' and g.status='1' )  [ RunTime:0.0020s ]
SQL: SHOW COLUMNS FROM `beauty_auth_rule` [ RunTime:0.0100s ]
SQL: SELECT `condition`,`name` FROM `beauty_auth_rule` WHERE `id` IN ('1','41','40','42','43','44','2','13','14','3','15','16','18','20','21','19','4','22','23','5','24','25','6','26','27','7','28','51','9','34','35','484','488','8','29','30','31','32','33','54','10','36','37','11','38','52','53','45','46','47','12','39','48','17','49','50','55','56','57') AND `type` = 1 AND `status` = 1  [ RunTime:0.0010s ]
SQL: SELECT * FROM `beauty_admin_nav` WHERE `pid` = 1 ORDER BY priority  [ RunTime:0.0010s ]
SQL: SELECT * FROM `beauty_admin_nav` WHERE `pid` = 2 ORDER BY priority  [ RunTime:0.0010s ]
SQL: SELECT * FROM `beauty_admin_nav` WHERE `pid` = 48 ORDER BY priority  [ RunTime:0.0010s ]
SQL: SELECT * FROM `beauty_admin_nav` WHERE `pid` = 3 ORDER BY priority  [ RunTime:0.0010s ]
SQL: SELECT * FROM `beauty_admin_nav` WHERE `pid` = 4 ORDER BY priority  [ RunTime:0.0010s ]
SQL: SELECT * FROM `beauty_admin_nav` WHERE `pid` = 5 ORDER BY priority  [ RunTime:0.0010s ]
SQL: SELECT * FROM `beauty_admin_nav` WHERE `pid` = 6 ORDER BY priority  [ RunTime:0.0000s ]
SQL: SELECT * FROM `beauty_admin_nav` WHERE `pid` = 7 ORDER BY priority  [ RunTime:0.0000s ]
SQL: SELECT * FROM `beauty_admin_nav` WHERE `pid` = 8 ORDER BY priority  [ RunTime:0.0010s ]
SQL: SELECT * FROM `beauty_admin_nav` WHERE `pid` = 9 ORDER BY priority  [ RunTime:0.0010s ]
SQL: SELECT * FROM `beauty_admin_nav` WHERE `pid` = 10 ORDER BY priority  [ RunTime:0.0000s ]
SQL: SELECT * FROM `beauty_admin_nav` WHERE `pid` = 11 ORDER BY priority  [ RunTime:0.0000s ]
SQL: SELECT * FROM `beauty_admin_nav` WHERE `pid` = 12 ORDER BY priority  [ RunTime:0.0000s ]
SQL: SELECT * FROM `beauty_admin_nav` WHERE `pid` = 45 ORDER BY priority  [ RunTime:0.0000s ]
SQL: SELECT * FROM `beauty_admin_nav` WHERE `pid` = 55 ORDER BY priority  [ RunTime:0.0000s ]
INFO: [ view_parse ] --START--
INFO: [ template_filter ] --START--
INFO: Run Behavior\ContentReplaceBehavior [ RunTime:0.000000s ]
INFO: [ template_filter ] --END-- [ RunTime:0.001000s ]
NOTIC: [8] Undefined variable: v1 D:\phpstudy\WWW\totti\beauty\Runtime\Cache\Admin\2bf9087051dfcad938f84a67b5b048ca.php 第 415 行.
NOTIC: [8] Undefined variable: v1 D:\phpstudy\WWW\totti\beauty\Runtime\Cache\Admin\2bf9087051dfcad938f84a67b5b048ca.php 第 415 行.
INFO: Run Behavior\ParseTemplateBehavior [ RunTime:0.036002s ]
INFO: [ view_parse ] --END-- [ RunTime:0.036002s ]
INFO: [ view_filter ] --START--
INFO: Run Behavior\WriteHtmlCacheBehavior [ RunTime:0.002000s ]
INFO: [ view_filter ] --END-- [ RunTime:0.002000s ]
INFO: [ app_end ] --START--
INFO: Run Behavior\ShowPageTraceBehavior [ RunTime:0.001000s ]
INFO: [ app_end ] --END-- [ RunTime:0.001000s ]

[ 2017-04-25T16:54:45+08:00 ] 127.0.0.1 /totti/index.php/Admin/Index/footer.html
INFO: [ app_init ] --START--
INFO: Run Behavior\BuildLiteBehavior [ RunTime:0.000000s ]
INFO: [ app_init ] --END-- [ RunTime:0.001000s ]
INFO: [ app_begin ] --START--
NOTIC: [2] filemtime(): stat failed for ./beauty/Admin/View/Index/footer.html D:\phpstudy\WWW\totti\ThinkPHP\Library\Behavior\ReadHtmlCacheBehavior.class.php 第 104 行.
INFO: Run Behavior\ReadHtmlCacheBehavior [ RunTime:0.036002s ]
INFO: [ app_begin ] --END-- [ RunTime:0.036002s ]
INFO: [ view_parse ] --START--
INFO: [ template_filter ] --START--
INFO: Run Behavior\ContentReplaceBehavior [ RunTime:0.000000s ]
INFO: [ template_filter ] --END-- [ RunTime:0.000000s ]
INFO: Run Behavior\ParseTemplateBehavior [ RunTime:0.015001s ]
INFO: [ view_parse ] --END-- [ RunTime:0.015001s ]
INFO: [ view_filter ] --START--
INFO: Run Behavior\WriteHtmlCacheBehavior [ RunTime:0.003000s ]
INFO: [ view_filter ] --END-- [ RunTime:0.003000s ]
INFO: [ app_end ] --START--
INFO: Run Behavior\ShowPageTraceBehavior [ RunTime:0.001000s ]
INFO: [ app_end ] --END-- [ RunTime:0.001000s ]

[ 2017-04-25T16:54:46+08:00 ] 127.0.0.1 /totti/index.php/Admin/Index/main.html
INFO: [ app_init ] --START--
INFO: Run Behavior\BuildLiteBehavior [ RunTime:0.000000s ]
INFO: [ app_init ] --END-- [ RunTime:0.000000s ]
INFO: [ app_begin ] --START--
INFO: Run Behavior\ReadHtmlCacheBehavior [ RunTime:0.034002s ]
INFO: [ app_begin ] --END-- [ RunTime:0.034002s ]
SQL: SHOW COLUMNS FROM `beauty_admin` [ RunTime:0.0110s ]
SQL: SELECT `username`,`lastlogin`,`lastip` FROM `beauty_admin` WHERE `id` = 1  [ RunTime:0.0010s ]
SQL: SHOW COLUMNS FROM `beauty_goods` [ RunTime:0.0110s ]
SQL: SELECT * FROM `beauty_goods` ORDER BY salenum desc LIMIT 5   [ RunTime:0.0010s ]
SQL: SELECT * FROM `beauty_goods` ORDER BY num LIMIT 5   [ RunTime:0.0010s ]
INFO: [ view_parse ] --START--
INFO: [ template_filter ] --START--
INFO: Run Behavior\ContentReplaceBehavior [ RunTime:0.000000s ]
INFO: [ template_filter ] --END-- [ RunTime:0.000000s ]
INFO: Run Behavior\ParseTemplateBehavior [ RunTime:0.040002s ]
INFO: [ view_parse ] --END-- [ RunTime:0.040002s ]
INFO: [ view_filter ] --START--
INFO: Run Behavior\WriteHtmlCacheBehavior [ RunTime:0.001000s ]
INFO: [ view_filter ] --END-- [ RunTime:0.001000s ]
INFO: [ app_end ] --START--
INFO: Run Behavior\ShowPageTraceBehavior [ RunTime:0.002000s ]
INFO: [ app_end ] --END-- [ RunTime:0.002000s ]

[ 2017-04-25T16:54:48+08:00 ] 127.0.0.1 /totti/index.php/Admin/Index/getGoodsTop.html
INFO: [ app_init ] --START--
INFO: Run Behavior\BuildLiteBehavior [ RunTime:0.000000s ]
INFO: [ app_init ] --END-- [ RunTime:0.000000s ]
INFO: [ app_begin ] --START--
INFO: Run Behavior\ReadHtmlCacheBehavior [ RunTime:0.001000s ]
INFO: [ app_begin ] --END-- [ RunTime:0.001000s ]
SQL: SHOW COLUMNS FROM `beauty_goods` [ RunTime:0.0090s ]
SQL: SELECT `goodsname`,`salenum` FROM `beauty_goods` ORDER BY salenum desc LIMIT 0,10   [ RunTime:0.0010s ]

[ 2017-04-25T16:54:53+08:00 ] 127.0.0.1 /totti/index.php/Admin/Golds/index.html
INFO: [ app_init ] --START--
INFO: Run Behavior\BuildLiteBehavior [ RunTime:0.001000s ]
INFO: [ app_init ] --END-- [ RunTime:0.002000s ]
INFO: [ app_begin ] --START--
NOTIC: [2] filemtime(): stat failed for ./beauty/Admin/View/Golds/index.html D:\phpstudy\WWW\totti\ThinkPHP\Library\Behavior\ReadHtmlCacheBehavior.class.php 第 104 行.
INFO: Run Behavior\ReadHtmlCacheBehavior [ RunTime:0.025001s ]
INFO: [ app_begin ] --END-- [ RunTime:0.025001s ]
SQL: SHOW COLUMNS FROM `beauty_golds` [ RunTime:0.0380s ]
SQL: SHOW COLUMNS FROM `beauty_golds` [ RunTime:0.0110s ]
SQL: SELECT COUNT(*) AS tp_count FROM beauty_golds g,beauty_category c,beauty_brands b WHERE ( g.cid=c.id and g.bid=b.id ) LIMIT 1   [ RunTime:0.0010s ]
SQL: SHOW COLUMNS FROM `beauty_golds` [ RunTime:0.0080s ]
SQL: SELECT g.imagename,g.id,g.goodsname,g.ml,g.imageurl,g.saleprice,g.marketprice,c.cname,b.bname,g.description,g.num,g.salenum,g.addtime,g.show FROM beauty_golds g,beauty_category c,beauty_brands b WHERE ( g.cid=c.id and g.bid=b.id ) ORDER BY g.addtime desc LIMIT 0,12   [ RunTime:0.0010s ]
INFO: [ view_parse ] --START--
INFO: [ template_filter ] --START--
INFO: Run Behavior\ContentReplaceBehavior [ RunTime:0.000000s ]
INFO: [ template_filter ] --END-- [ RunTime:0.000000s ]
NOTIC: [8] Undefined variable: goodsname D:\phpstudy\WWW\totti\beauty\Runtime\Cache\Admin\ee1711cd9d2f3f79957f07d6ddc8ffb4.php 第 63 行.
NOTIC: [8] Undefined variable: bname D:\phpstudy\WWW\totti\beauty\Runtime\Cache\Admin\ee1711cd9d2f3f79957f07d6ddc8ffb4.php 第 64 行.
NOTIC: [8] Undefined variable: cname D:\phpstudy\WWW\totti\beauty\Runtime\Cache\Admin\ee1711cd9d2f3f79957f07d6ddc8ffb4.php 第 65 行.
NOTIC: [8] Undefined variable: saleprice1 D:\phpstudy\WWW\totti\beauty\Runtime\Cache\Admin\ee1711cd9d2f3f79957f07d6ddc8ffb4.php 第 67 行.
NOTIC: [8] Undefined variable: saleprice2 D:\phpstudy\WWW\totti\beauty\Runtime\Cache\Admin\ee1711cd9d2f3f79957f07d6ddc8ffb4.php 第 68 行.
NOTIC: [8] Undefined variable: time1 D:\phpstudy\WWW\totti\beauty\Runtime\Cache\Admin\ee1711cd9d2f3f79957f07d6ddc8ffb4.php 第 71 行.
NOTIC: [8] Undefined variable: time2 D:\phpstudy\WWW\totti\beauty\Runtime\Cache\Admin\ee1711cd9d2f3f79957f07d6ddc8ffb4.php 第 73 行.
NOTIC: [8] Undefined variable: goodsname D:\phpstudy\WWW\totti\beauty\Runtime\Cache\Admin\ee1711cd9d2f3f79957f07d6ddc8ffb4.php 第 149 行.
NOTIC: [8] Undefined variable: bname D:\phpstudy\WWW\totti\beauty\Runtime\Cache\Admin\ee1711cd9d2f3f79957f07d6ddc8ffb4.php 第 149 行.
NOTIC: [8] Undefined variable: cname D:\phpstudy\WWW\totti\beauty\Runtime\Cache\Admin\ee1711cd9d2f3f79957f07d6ddc8ffb4.php 第 149 行.
NOTIC: [8] Undefined variable: time1 D:\phpstudy\WWW\totti\beauty\Runtime\Cache\Admin\ee1711cd9d2f3f79957f07d6ddc8ffb4.php 第 149 行.
NOTIC: [8] Undefined variable: time2 D:\phpstudy\WWW\totti\beauty\Runtime\Cache\Admin\ee1711cd9d2f3f79957f07d6ddc8ffb4.php 第 149 行.
NOTIC: [8] Undefined variable: price1 D:\phpstudy\WWW\totti\beauty\Runtime\Cache\Admin\ee1711cd9d2f3f79957f07d6ddc8ffb4.php 第 149 行.
NOTIC: [8] Undefined variable: price2 D:\phpstudy\WWW\totti\beauty\Runtime\Cache\Admin\ee1711cd9d2f3f79957f07d6ddc8ffb4.php 第 149 行.
NOTIC: [8] Undefined variable: goodsname D:\phpstudy\WWW\totti\beauty\Runtime\Cache\Admin\ee1711cd9d2f3f79957f07d6ddc8ffb4.php 第 151 行.
NOTIC: [8] Undefined variable: bname D:\phpstudy\WWW\totti\beauty\Runtime\Cache\Admin\ee1711cd9d2f3f79957f07d6ddc8ffb4.php 第 151 行.
NOTIC: [8] Undefined variable: cname D:\phpstudy\WWW\totti\beauty\Runtime\Cache\Admin\ee1711cd9d2f3f79957f07d6ddc8ffb4.php 第 151 行.
NOTIC: [8] Undefined variable: time1 D:\phpstudy\WWW\totti\beauty\Runtime\Cache\Admin\ee1711cd9d2f3f79957f07d6ddc8ffb4.php 第 151 行.
NOTIC: [8] Undefined variable: time2 D:\phpstudy\WWW\totti\beauty\Runtime\Cache\Admin\ee1711cd9d2f3f79957f07d6ddc8ffb4.php 第 151 行.
NOTIC: [8] Undefined variable: price1 D:\phpstudy\WWW\totti\beauty\Runtime\Cache\Admin\ee1711cd9d2f3f79957f07d6ddc8ffb4.php 第 151 行.
NOTIC: [8] Undefined variable: price2 D:\phpstudy\WWW\totti\beauty\Runtime\Cache\Admin\ee1711cd9d2f3f79957f07d6ddc8ffb4.php 第 151 行.
INFO: Run Behavior\ParseTemplateBehavior [ RunTime:0.016001s ]
INFO: [ view_parse ] --END-- [ RunTime:0.016001s ]
INFO: [ view_filter ] --START--
INFO: Run Behavior\WriteHtmlCacheBehavior [ RunTime:0.001000s ]
INFO: [ view_filter ] --END-- [ RunTime:0.002001s ]
INFO: [ app_end ] --START--
INFO: Run Behavior\ShowPageTraceBehavior [ RunTime:0.001000s ]
INFO: [ app_end ] --END-- [ RunTime:0.001000s ]

[ 2017-04-25T16:54:54+08:00 ] 127.0.0.1 /totti/index.php/Admin/Golds/index.html
INFO: [ app_init ] --START--
INFO: Run Behavior\BuildLiteBehavior [ RunTime:0.000000s ]
INFO: [ app_init ] --END-- [ RunTime:0.000000s ]
INFO: [ app_begin ] --START--
NOTIC: [2] filemtime(): stat failed for ./beauty/Admin/View/Golds/index.html D:\phpstudy\WWW\totti\ThinkPHP\Library\Behavior\ReadHtmlCacheBehavior.class.php 第 104 行.
INFO: Run Behavior\ReadHtmlCacheBehavior [ RunTime:0.002000s ]
INFO: [ app_begin ] --END-- [ RunTime:0.002000s ]
SQL: SHOW COLUMNS FROM `beauty_golds` [ RunTime:0.0180s ]
SQL: SHOW COLUMNS FROM `beauty_golds` [ RunTime:0.0110s ]
SQL: SELECT COUNT(*) AS tp_count FROM beauty_golds g,beauty_category c,beauty_brands b WHERE ( g.cid=c.id and g.bid=b.id ) LIMIT 1   [ RunTime:0.0000s ]
SQL: SHOW COLUMNS FROM `beauty_golds` [ RunTime:0.0120s ]
SQL: SELECT g.imagename,g.id,g.goodsname,g.ml,g.imageurl,g.saleprice,g.marketprice,c.cname,b.bname,g.description,g.num,g.salenum,g.addtime,g.show FROM beauty_golds g,beauty_category c,beauty_brands b WHERE ( g.cid=c.id and g.bid=b.id ) ORDER BY g.addtime desc LIMIT 0,12   [ RunTime:0.0010s ]
INFO: [ view_parse ] --START--
INFO: [ template_filter ] --START--
INFO: Run Behavior\ContentReplaceBehavior [ RunTime:0.000000s ]
INFO: [ template_filter ] --END-- [ RunTime:0.000000s ]
NOTIC: [8] Undefined variable: goodsname D:\phpstudy\WWW\totti\beauty\Runtime\Cache\Admin\ee1711cd9d2f3f79957f07d6ddc8ffb4.php 第 63 行.
NOTIC: [8] Undefined variable: bname D:\phpstudy\WWW\totti\beauty\Runtime\Cache\Admin\ee1711cd9d2f3f79957f07d6ddc8ffb4.php 第 64 行.
NOTIC: [8] Undefined variable: cname D:\phpstudy\WWW\totti\beauty\Runtime\Cache\Admin\ee1711cd9d2f3f79957f07d6ddc8ffb4.php 第 65 行.
NOTIC: [8] Undefined variable: saleprice1 D:\phpstudy\WWW\totti\beauty\Runtime\Cache\Admin\ee1711cd9d2f3f79957f07d6ddc8ffb4.php 第 67 行.
NOTIC: [8] Undefined variable: saleprice2 D:\phpstudy\WWW\totti\beauty\Runtime\Cache\Admin\ee1711cd9d2f3f79957f07d6ddc8ffb4.php 第 68 行.
NOTIC: [8] Undefined variable: time1 D:\phpstudy\WWW\totti\beauty\Runtime\Cache\Admin\ee1711cd9d2f3f79957f07d6ddc8ffb4.php 第 71 行.
NOTIC: [8] Undefined variable: time2 D:\phpstudy\WWW\totti\beauty\Runtime\Cache\Admin\ee1711cd9d2f3f79957f07d6ddc8ffb4.php 第 73 行.
NOTIC: [8] Undefined variable: goodsname D:\phpstudy\WWW\totti\beauty\Runtime\Cache\Admin\ee1711cd9d2f3f79957f07d6ddc8ffb4.php 第 149 行.
NOTIC: [8] Undefined variable: bname D:\phpstudy\WWW\totti\beauty\Runtime\Cache\Admin\ee1711cd9d2f3f79957f07d6ddc8ffb4.php 第 149 行.
NOTIC: [8] Undefined variable: cname D:\phpstudy\WWW\totti\beauty\Runtime\Cache\Admin\ee1711cd9d2f3f79957f07d6ddc8ffb4.php 第 149 行.
NOTIC: [8] Undefined variable: time1 D:\phpstudy\WWW\totti\beauty\Runtime\Cache\Admin\ee1711cd9d2f3f79957f07d6ddc8ffb4.php 第 149 行.
NOTIC: [8] Undefined variable: time2 D:\phpstudy\WWW\totti\beauty\Runtime\Cache\Admin\ee1711cd9d2f3f79957f07d6ddc8ffb4.php 第 149 行.
NOTIC: [8] Undefined variable: price1 D:\phpstudy\WWW\totti\beauty\Runtime\Cache\Admin\ee1711cd9d2f3f79957f07d6ddc8ffb4.php 第 149 行.
NOTIC: [8] Undefined variable: price2 D:\phpstudy\WWW\totti\beauty\Runtime\Cache\Admin\ee1711cd9d2f3f79957f07d6ddc8ffb4.php 第 149 行.
NOTIC: [8] Undefined variable: goodsname D:\phpstudy\WWW\totti\beauty\Runtime\Cache\Admin\ee1711cd9d2f3f79957f07d6ddc8ffb4.php 第 151 行.
NOTIC: [8] Undefined variable: bname D:\phpstudy\WWW\totti\beauty\Runtime\Cache\Admin\ee1711cd9d2f3f79957f07d6ddc8ffb4.php 第 151 行.
NOTIC: [8] Undefined variable: cname D:\phpstudy\WWW\totti\beauty\Runtime\Cache\Admin\ee1711cd9d2f3f79957f07d6ddc8ffb4.php 第 151 行.
NOTIC: [8] Undefined variable: time1 D:\phpstudy\WWW\totti\beauty\Runtime\Cache\Admin\ee1711cd9d2f3f79957f07d6ddc8ffb4.php 第 151 行.
NOTIC: [8] Undefined variable: time2 D:\phpstudy\WWW\totti\beauty\Runtime\Cache\Admin\ee1711cd9d2f3f79957f07d6ddc8ffb4.php 第 151 行.
NOTIC: [8] Undefined variable: price1 D:\phpstudy\WWW\totti\beauty\Runtime\Cache\Admin\ee1711cd9d2f3f79957f07d6ddc8ffb4.php 第 151 行.
NOTIC: [8] Undefined variable: price2 D:\phpstudy\WWW\totti\beauty\Runtime\Cache\Admin\ee1711cd9d2f3f79957f07d6ddc8ffb4.php 第 151 行.
INFO: Run Behavior\ParseTemplateBehavior [ RunTime:0.015001s ]
INFO: [ view_parse ] --END-- [ RunTime:0.015001s ]
INFO: [ view_filter ] --START--
INFO: Run Behavior\WriteHtmlCacheBehavior [ RunTime:0.002000s ]
INFO: [ view_filter ] --END-- [ RunTime:0.002000s ]
INFO: [ app_end ] --START--
INFO: Run Behavior\ShowPageTraceBehavior [ RunTime:0.002000s ]
INFO: [ app_end ] --END-- [ RunTime:0.002000s ]

[ 2017-04-25T17:16:28+08:00 ] 127.0.0.1 /totti/index.php/Admin/Golds/index.html
INFO: [ app_init ] --START--
INFO: Run Behavior\BuildLiteBehavior [ RunTime:0.001001s ]
INFO: [ app_init ] --END-- [ RunTime:0.001001s ]
INFO: [ app_begin ] --START--
NOTIC: [2] filemtime(): stat failed for ./beauty/Admin/View/Golds/index.html D:\phpstudy\WWW\totti\ThinkPHP\Library\Behavior\ReadHtmlCacheBehavior.class.php 第 104 行.
INFO: Run Behavior\ReadHtmlCacheBehavior [ RunTime:0.002000s ]
INFO: [ app_begin ] --END-- [ RunTime:0.002000s ]
SQL: SHOW COLUMNS FROM `beauty_golds` [ RunTime:0.0120s ]
SQL: SHOW COLUMNS FROM `beauty_golds` [ RunTime:0.0110s ]
SQL: SELECT COUNT(*) AS tp_count FROM beauty_golds g,beauty_category c,beauty_brands b WHERE ( g.cid=c.id and g.bid=b.id ) LIMIT 1   [ RunTime:0.0010s ]
SQL: SHOW COLUMNS FROM `beauty_golds` [ RunTime:0.0070s ]
SQL: SELECT g.imagename,g.id,g.goodsname,g.ml,g.imageurl,g.saleprice,g.marketprice,c.cname,b.bname,g.description,g.num,g.salenum,g.addtime,g.show FROM beauty_golds g,beauty_category c,beauty_brands b WHERE ( g.cid=c.id and g.bid=b.id ) ORDER BY g.addtime desc LIMIT 0,12   [ RunTime:0.0010s ]
INFO: [ view_parse ] --START--
INFO: [ template_filter ] --START--
INFO: Run Behavior\ContentReplaceBehavior [ RunTime:0.000000s ]
INFO: [ template_filter ] --END-- [ RunTime:0.000000s ]
NOTIC: [8] Undefined variable: goodsname D:\phpstudy\WWW\totti\beauty\Runtime\Cache\Admin\ee1711cd9d2f3f79957f07d6ddc8ffb4.php 第 63 行.
NOTIC: [8] Undefined variable: bname D:\phpstudy\WWW\totti\beauty\Runtime\Cache\Admin\ee1711cd9d2f3f79957f07d6ddc8ffb4.php 第 64 行.
NOTIC: [8] Undefined variable: cname D:\phpstudy\WWW\totti\beauty\Runtime\Cache\Admin\ee1711cd9d2f3f79957f07d6ddc8ffb4.php 第 65 行.
NOTIC: [8] Undefined variable: saleprice1 D:\phpstudy\WWW\totti\beauty\Runtime\Cache\Admin\ee1711cd9d2f3f79957f07d6ddc8ffb4.php 第 67 行.
NOTIC: [8] Undefined variable: saleprice2 D:\phpstudy\WWW\totti\beauty\Runtime\Cache\Admin\ee1711cd9d2f3f79957f07d6ddc8ffb4.php 第 68 行.
NOTIC: [8] Undefined variable: time1 D:\phpstudy\WWW\totti\beauty\Runtime\Cache\Admin\ee1711cd9d2f3f79957f07d6ddc8ffb4.php 第 71 行.
NOTIC: [8] Undefined variable: time2 D:\phpstudy\WWW\totti\beauty\Runtime\Cache\Admin\ee1711cd9d2f3f79957f07d6ddc8ffb4.php 第 73 行.
NOTIC: [8] Undefined variable: goodsname D:\phpstudy\WWW\totti\beauty\Runtime\Cache\Admin\ee1711cd9d2f3f79957f07d6ddc8ffb4.php 第 149 行.
NOTIC: [8] Undefined variable: bname D:\phpstudy\WWW\totti\beauty\Runtime\Cache\Admin\ee1711cd9d2f3f79957f07d6ddc8ffb4.php 第 149 行.
NOTIC: [8] Undefined variable: cname D:\phpstudy\WWW\totti\beauty\Runtime\Cache\Admin\ee1711cd9d2f3f79957f07d6ddc8ffb4.php 第 149 行.
NOTIC: [8] Undefined variable: time1 D:\phpstudy\WWW\totti\beauty\Runtime\Cache\Admin\ee1711cd9d2f3f79957f07d6ddc8ffb4.php 第 149 行.
NOTIC: [8] Undefined variable: time2 D:\phpstudy\WWW\totti\beauty\Runtime\Cache\Admin\ee1711cd9d2f3f79957f07d6ddc8ffb4.php 第 149 行.
NOTIC: [8] Undefined variable: price1 D:\phpstudy\WWW\totti\beauty\Runtime\Cache\Admin\ee1711cd9d2f3f79957f07d6ddc8ffb4.php 第 149 行.
NOTIC: [8] Undefined variable: price2 D:\phpstudy\WWW\totti\beauty\Runtime\Cache\Admin\ee1711cd9d2f3f79957f07d6ddc8ffb4.php 第 149 行.
NOTIC: [8] Undefined variable: goodsname D:\phpstudy\WWW\totti\beauty\Runtime\Cache\Admin\ee1711cd9d2f3f79957f07d6ddc8ffb4.php 第 151 行.
NOTIC: [8] Undefined variable: bname D:\phpstudy\WWW\totti\beauty\Runtime\Cache\Admin\ee1711cd9d2f3f79957f07d6ddc8ffb4.php 第 151 行.
NOTIC: [8] Undefined variable: cname D:\phpstudy\WWW\totti\beauty\Runtime\Cache\Admin\ee1711cd9d2f3f79957f07d6ddc8ffb4.php 第 151 行.
NOTIC: [8] Undefined variable: time1 D:\phpstudy\WWW\totti\beauty\Runtime\Cache\Admin\ee1711cd9d2f3f79957f07d6ddc8ffb4.php 第 151 行.
NOTIC: [8] Undefined variable: time2 D:\phpstudy\WWW\totti\beauty\Runtime\Cache\Admin\ee1711cd9d2f3f79957f07d6ddc8ffb4.php 第 151 行.
NOTIC: [8] Undefined variable: price1 D:\phpstudy\WWW\totti\beauty\Runtime\Cache\Admin\ee1711cd9d2f3f79957f07d6ddc8ffb4.php 第 151 行.
NOTIC: [8] Undefined variable: price2 D:\phpstudy\WWW\totti\beauty\Runtime\Cache\Admin\ee1711cd9d2f3f79957f07d6ddc8ffb4.php 第 151 行.
INFO: Run Behavior\ParseTemplateBehavior [ RunTime:0.015001s ]
INFO: [ view_parse ] --END-- [ RunTime:0.015001s ]
INFO: [ view_filter ] --START--
INFO: Run Behavior\WriteHtmlCacheBehavior [ RunTime:0.002000s ]
INFO: [ view_filter ] --END-- [ RunTime:0.002000s ]
INFO: [ app_end ] --START--
INFO: Run Behavior\ShowPageTraceBehavior [ RunTime:0.001000s ]
INFO: [ app_end ] --END-- [ RunTime:0.001000s ]

[ 2017-04-25T17:16:29+08:00 ] 127.0.0.1 /totti/index.php/Admin/Golds/addAct.html
INFO: [ app_init ] --START--
INFO: Run Behavior\BuildLiteBehavior [ RunTime:0.000000s ]
INFO: [ app_init ] --END-- [ RunTime:0.001000s ]
INFO: [ app_begin ] --START--
INFO: Run Behavior\ReadHtmlCacheBehavior [ RunTime:0.036002s ]
INFO: [ app_begin ] --END-- [ RunTime:0.036002s ]
INFO: [ view_parse ] --START--
INFO: [ template_filter ] --START--
INFO: Run Behavior\ContentReplaceBehavior [ RunTime:0.001000s ]
INFO: [ template_filter ] --END-- [ RunTime:0.001000s ]
INFO: Run Behavior\ParseTemplateBehavior [ RunTime:0.022002s ]
INFO: [ view_parse ] --END-- [ RunTime:0.022002s ]
INFO: [ view_filter ] --START--
INFO: Run Behavior\WriteHtmlCacheBehavior [ RunTime:0.002000s ]
INFO: [ view_filter ] --END-- [ RunTime:0.002000s ]
INFO: [ app_end ] --START--
INFO: Run Behavior\ShowPageTraceBehavior [ RunTime:0.002000s ]
INFO: [ app_end ] --END-- [ RunTime:0.002000s ]

[ 2017-04-25T17:16:30+08:00 ] 127.0.0.1 /totti/index.php/Admin/Golds/index.html
INFO: [ app_init ] --START--
INFO: Run Behavior\BuildLiteBehavior [ RunTime:0.000000s ]
INFO: [ app_init ] --END-- [ RunTime:0.001000s ]
INFO: [ app_begin ] --START--
NOTIC: [2] filemtime(): stat failed for ./beauty/Admin/View/Golds/index.html D:\phpstudy\WWW\totti\ThinkPHP\Library\Behavior\ReadHtmlCacheBehavior.class.php 第 104 行.

[ 2017-04-25T17:16:30+08:00 ] 127.0.0.1 /totti/index.php/Admin/Golds/getCateByPid.html
INFO: [ app_init ] --START--
INFO: Run Behavior\BuildLiteBehavior [ RunTime:0.000000s ]
INFO: [ app_init ] --END-- [ RunTime:0.001000s ]
INFO: [ app_begin ] --START--
INFO: Run Behavior\ReadHtmlCacheBehavior [ RunTime:0.001000s ]
INFO: [ app_begin ] --END-- [ RunTime:0.001000s ]
SQL: SHOW COLUMNS FROM `beauty_category` [ RunTime:0.0090s ]
SQL: SELECT * FROM `beauty_category` WHERE `pid` = 0  [ RunTime:0.0000s ]

[ 2017-04-25T17:16:31+08:00 ] 127.0.0.1 /totti/index.php/Admin/Golds/brandlist.html
INFO: [ app_init ] --START--
INFO: Run Behavior\BuildLiteBehavior [ RunTime:0.000000s ]
INFO: [ app_init ] --END-- [ RunTime:0.001000s ]
INFO: [ app_begin ] --START--
INFO: Run Behavior\ReadHtmlCacheBehavior [ RunTime:0.001000s ]
INFO: [ app_begin ] --END-- [ RunTime:0.001000s ]
SQL: SHOW COLUMNS FROM `beauty_brands` [ RunTime:0.0200s ]
SQL: SELECT * FROM `beauty_brands`  [ RunTime:0.0020s ]

[ 2017-04-25T17:18:16+08:00 ] 127.0.0.1 /totti/index.php/Admin/Golds/index.html
INFO: [ app_init ] --START--
INFO: Run Behavior\BuildLiteBehavior [ RunTime:0.000000s ]
INFO: [ app_init ] --END-- [ RunTime:0.001000s ]
INFO: [ app_begin ] --START--
NOTIC: [2] filemtime(): stat failed for ./beauty/Admin/View/Golds/index.html D:\phpstudy\WWW\totti\ThinkPHP\Library\Behavior\ReadHtmlCacheBehavior.class.php 第 104 行.
INFO: Run Behavior\ReadHtmlCacheBehavior [ RunTime:0.002000s ]
INFO: [ app_begin ] --END-- [ RunTime:0.002000s ]
SQL: SHOW COLUMNS FROM `beauty_golds` [ RunTime:0.0130s ]
SQL: SHOW COLUMNS FROM `beauty_golds` [ RunTime:0.0110s ]
SQL: SELECT COUNT(*) AS tp_count FROM beauty_golds g,beauty_category c,beauty_brands b WHERE ( g.cid=c.id and g.bid=b.id ) LIMIT 1   [ RunTime:0.0010s ]
SQL: SHOW COLUMNS FROM `beauty_golds` [ RunTime:0.0100s ]
SQL: SELECT g.imagename,g.id,g.goodsname,g.ml,g.imageurl,g.saleprice,g.marketprice,c.cname,b.bname,g.description,g.num,g.salenum,g.addtime,g.show FROM beauty_golds g,beauty_category c,beauty_brands b WHERE ( g.cid=c.id and g.bid=b.id ) ORDER BY g.addtime desc LIMIT 0,12   [ RunTime:0.0010s ]
INFO: [ view_parse ] --START--
INFO: [ template_filter ] --START--
INFO: Run Behavior\ContentReplaceBehavior [ RunTime:0.000000s ]
INFO: [ template_filter ] --END-- [ RunTime:0.000000s ]
NOTIC: [8] Undefined variable: goodsname D:\phpstudy\WWW\totti\beauty\Runtime\Cache\Admin\ee1711cd9d2f3f79957f07d6ddc8ffb4.php 第 63 行.
NOTIC: [8] Undefined variable: bname D:\phpstudy\WWW\totti\beauty\Runtime\Cache\Admin\ee1711cd9d2f3f79957f07d6ddc8ffb4.php 第 64 行.
NOTIC: [8] Undefined variable: cname D:\phpstudy\WWW\totti\beauty\Runtime\Cache\Admin\ee1711cd9d2f3f79957f07d6ddc8ffb4.php 第 65 行.
NOTIC: [8] Undefined variable: saleprice1 D:\phpstudy\WWW\totti\beauty\Runtime\Cache\Admin\ee1711cd9d2f3f79957f07d6ddc8ffb4.php 第 67 行.
NOTIC: [8] Undefined variable: saleprice2 D:\phpstudy\WWW\totti\beauty\Runtime\Cache\Admin\ee1711cd9d2f3f79957f07d6ddc8ffb4.php 第 68 行.
NOTIC: [8] Undefined variable: time1 D:\phpstudy\WWW\totti\beauty\Runtime\Cache\Admin\ee1711cd9d2f3f79957f07d6ddc8ffb4.php 第 71 行.
NOTIC: [8] Undefined variable: time2 D:\phpstudy\WWW\totti\beauty\Runtime\Cache\Admin\ee1711cd9d2f3f79957f07d6ddc8ffb4.php 第 73 行.
NOTIC: [8] Undefined variable: goodsname D:\phpstudy\WWW\totti\beauty\Runtime\Cache\Admin\ee1711cd9d2f3f79957f07d6ddc8ffb4.php 第 149 行.
NOTIC: [8] Undefined variable: bname D:\phpstudy\WWW\totti\beauty\Runtime\Cache\Admin\ee1711cd9d2f3f79957f07d6ddc8ffb4.php 第 149 行.
NOTIC: [8] Undefined variable: cname D:\phpstudy\WWW\totti\beauty\Runtime\Cache\Admin\ee1711cd9d2f3f79957f07d6ddc8ffb4.php 第 149 行.
NOTIC: [8] Undefined variable: time1 D:\phpstudy\WWW\totti\beauty\Runtime\Cache\Admin\ee1711cd9d2f3f79957f07d6ddc8ffb4.php 第 149 行.
NOTIC: [8] Undefined variable: time2 D:\phpstudy\WWW\totti\beauty\Runtime\Cache\Admin\ee1711cd9d2f3f79957f07d6ddc8ffb4.php 第 149 行.
NOTIC: [8] Undefined variable: price1 D:\phpstudy\WWW\totti\beauty\Runtime\Cache\Admin\ee1711cd9d2f3f79957f07d6ddc8ffb4.php 第 149 行.
NOTIC: [8] Undefined variable: price2 D:\phpstudy\WWW\totti\beauty\Runtime\Cache\Admin\ee1711cd9d2f3f79957f07d6ddc8ffb4.php 第 149 行.
NOTIC: [8] Undefined variable: goodsname D:\phpstudy\WWW\totti\beauty\Runtime\Cache\Admin\ee1711cd9d2f3f79957f07d6ddc8ffb4.php 第 151 行.
NOTIC: [8] Undefined variable: bname D:\phpstudy\WWW\totti\beauty\Runtime\Cache\Admin\ee1711cd9d2f3f79957f07d6ddc8ffb4.php 第 151 行.
NOTIC: [8] Undefined variable: cname D:\phpstudy\WWW\totti\beauty\Runtime\Cache\Admin\ee1711cd9d2f3f79957f07d6ddc8ffb4.php 第 151 行.
NOTIC: [8] Undefined variable: time1 D:\phpstudy\WWW\totti\beauty\Runtime\Cache\Admin\ee1711cd9d2f3f79957f07d6ddc8ffb4.php 第 151 行.
NOTIC: [8] Undefined variable: time2 D:\phpstudy\WWW\totti\beauty\Runtime\Cache\Admin\ee1711cd9d2f3f79957f07d6ddc8ffb4.php 第 151 行.
NOTIC: [8] Undefined variable: price1 D:\phpstudy\WWW\totti\beauty\Runtime\Cache\Admin\ee1711cd9d2f3f79957f07d6ddc8ffb4.php 第 151 行.
NOTIC: [8] Undefined variable: price2 D:\phpstudy\WWW\totti\beauty\Runtime\Cache\Admin\ee1711cd9d2f3f79957f07d6ddc8ffb4.php 第 151 行.
INFO: Run Behavior\ParseTemplateBehavior [ RunTime:0.015001s ]
INFO: [ view_parse ] --END-- [ RunTime:0.015001s ]
INFO: [ view_filter ] --START--
INFO: Run Behavior\WriteHtmlCacheBehavior [ RunTime:0.001000s ]
INFO: [ view_filter ] --END-- [ RunTime:0.001000s ]
INFO: [ app_end ] --START--
INFO: Run Behavior\ShowPageTraceBehavior [ RunTime:0.002000s ]
INFO: [ app_end ] --END-- [ RunTime:0.002000s ]

[ 2017-04-25T17:18:17+08:00 ] 127.0.0.1 /totti/index.php/Admin/Golds/addAct.html
INFO: [ app_init ] --START--
INFO: Run Behavior\BuildLiteBehavior [ RunTime:0.000000s ]
INFO: [ app_init ] --END-- [ RunTime:0.002000s ]
INFO: [ app_begin ] --START--
INFO: Run Behavior\ReadHtmlCacheBehavior [ RunTime:0.002000s ]
INFO: [ app_begin ] --END-- [ RunTime:0.002000s ]
INFO: [ view_parse ] --START--
INFO: [ template_filter ] --START--
INFO: Run Behavior\ContentReplaceBehavior [ RunTime:0.000000s ]
INFO: [ template_filter ] --END-- [ RunTime:0.000000s ]
INFO: Run Behavior\ParseTemplateBehavior [ RunTime:0.012001s ]
INFO: [ view_parse ] --END-- [ RunTime:0.012001s ]
INFO: [ view_filter ] --START--
INFO: Run Behavior\WriteHtmlCacheBehavior [ RunTime:0.002000s ]
INFO: [ view_filter ] --END-- [ RunTime:0.002000s ]
INFO: [ app_end ] --START--
INFO: Run Behavior\ShowPageTraceBehavior [ RunTime:0.002000s ]
INFO: [ app_end ] --END-- [ RunTime:0.002000s ]

[ 2017-04-25T17:18:17+08:00 ] 127.0.0.1 /totti/index.php/Admin/Golds/index.html
INFO: [ app_init ] --START--
INFO: Run Behavior\BuildLiteBehavior [ RunTime:0.000000s ]
INFO: [ app_init ] --END-- [ RunTime:0.002000s ]
INFO: [ app_begin ] --START--
NOTIC: [2] filemtime(): stat failed for ./beauty/Admin/View/Golds/index.html D:\phpstudy\WWW\totti\ThinkPHP\Library\Behavior\ReadHtmlCacheBehavior.class.php 第 104 行.

[ 2017-04-25T17:18:18+08:00 ] 127.0.0.1 /totti/index.php/Admin/Golds/getCateByPid.html
INFO: [ app_init ] --START--
INFO: Run Behavior\BuildLiteBehavior [ RunTime:0.000000s ]
INFO: [ app_init ] --END-- [ RunTime:0.001000s ]
INFO: [ app_begin ] --START--
INFO: Run Behavior\ReadHtmlCacheBehavior [ RunTime:0.001000s ]
INFO: [ app_begin ] --END-- [ RunTime:0.002000s ]
SQL: SHOW COLUMNS FROM `beauty_category` [ RunTime:0.0190s ]
SQL: SELECT * FROM `beauty_category` WHERE `pid` = 0  [ RunTime:0.0020s ]

[ 2017-04-25T17:18:19+08:00 ] 127.0.0.1 /totti/index.php/Admin/Golds/brandlist.html
INFO: [ app_init ] --START--
INFO: Run Behavior\BuildLiteBehavior [ RunTime:0.000000s ]
INFO: [ app_init ] --END-- [ RunTime:0.002000s ]
INFO: [ app_begin ] --START--
INFO: Run Behavior\ReadHtmlCacheBehavior [ RunTime:0.001000s ]
INFO: [ app_begin ] --END-- [ RunTime:0.001000s ]
SQL: SHOW COLUMNS FROM `beauty_brands` [ RunTime:0.0070s ]
SQL: SELECT * FROM `beauty_brands`  [ RunTime:0.0010s ]

[ 2017-04-25T17:18:29+08:00 ] 127.0.0.1 /totti/index.php/Admin/Golds/search.html?goodsname=%E5%8D%87%E6%B0%B4&bname=&cname=&saleprice1=&saleprice2=&time1=&time2=
INFO: [ app_init ] --START--
INFO: Run Behavior\BuildLiteBehavior [ RunTime:0.000000s ]
INFO: [ app_init ] --END-- [ RunTime:0.000000s ]
INFO: [ app_begin ] --START--
INFO: Run Behavior\ReadHtmlCacheBehavior [ RunTime:0.001000s ]
INFO: [ app_begin ] --END-- [ RunTime:0.002000s ]
SQL: SHOW COLUMNS FROM `beauty_golds` [ RunTime:0.0150s ]
SQL: SHOW COLUMNS FROM `beauty_golds` [ RunTime:0.0120s ]
SQL: SELECT COUNT(*) AS tp_count FROM beauty_golds g,beauty_category c,beauty_brands b WHERE g.goodsname LIKE '%升水%' AND ( g.cid=c.id and g.bid=b.id ) LIMIT 1   [ RunTime:0.0000s ]
SQL: SHOW COLUMNS FROM `beauty_golds` [ RunTime:0.0110s ]
SQL: SELECT g.id,g.goodsname,g.imagename,g.imageurl,g.saleprice,g.marketprice,g.discount,c.cname,b.bname,g.score,g.description,g.num,g.salenum,g.addtime,g.show FROM beauty_golds g,beauty_category c,beauty_brands b WHERE g.goodsname LIKE '%升水%' AND ( g.cid=c.id and g.bid=b.id ) ORDER BY g.addtime desc LIMIT 0,12   [ RunTime:0.0010s ]
INFO: [ view_parse ] --START--
INFO: [ template_filter ] --START--
INFO: Run Behavior\ContentReplaceBehavior [ RunTime:0.000000s ]
INFO: [ template_filter ] --END-- [ RunTime:0.000000s ]
NOTIC: [8] Undefined variable: price1 D:\phpstudy\WWW\totti\beauty\Runtime\Cache\Admin\ee1711cd9d2f3f79957f07d6ddc8ffb4.php 第 149 行.
NOTIC: [8] Undefined variable: price2 D:\phpstudy\WWW\totti\beauty\Runtime\Cache\Admin\ee1711cd9d2f3f79957f07d6ddc8ffb4.php 第 149 行.
NOTIC: [8] Undefined variable: price1 D:\phpstudy\WWW\totti\beauty\Runtime\Cache\Admin\ee1711cd9d2f3f79957f07d6ddc8ffb4.php 第 151 行.
NOTIC: [8] Undefined variable: price2 D:\phpstudy\WWW\totti\beauty\Runtime\Cache\Admin\ee1711cd9d2f3f79957f07d6ddc8ffb4.php 第 151 行.
INFO: Run Behavior\ParseTemplateBehavior [ RunTime:0.013001s ]
INFO: [ view_parse ] --END-- [ RunTime:0.014001s ]
INFO: [ view_filter ] --START--
INFO: Run Behavior\WriteHtmlCacheBehavior [ RunTime:0.002000s ]
INFO: [ view_filter ] --END-- [ RunTime:0.002000s ]
INFO: [ app_end ] --START--
INFO: Run Behavior\ShowPageTraceBehavior [ RunTime:0.001000s ]
INFO: [ app_end ] --END-- [ RunTime:0.001000s ]

