[ 2017-04-15T09:32:57+08:00 ] 127.0.0.1 /totti/admin
INFO: [ app_init ] --START--
INFO: Run Behavior\BuildLiteBehavior [ RunTime:0.000000s ]
INFO: [ app_init ] --END-- [ RunTime:0.001000s ]
INFO: [ app_begin ] --START--
INFO: Run Behavior\ReadHtmlCacheBehavior [ RunTime:0.001000s ]
INFO: [ app_begin ] --END-- [ RunTime:0.001000s ]

[ 2017-04-15T09:32:57+08:00 ] 127.0.0.1 /totti/index.php/Admin/Login/login.html
INFO: [ app_init ] --START--
INFO: Run Behavior\BuildLiteBehavior [ RunTime:0.000000s ]
INFO: [ app_init ] --END-- [ RunTime:0.000000s ]
INFO: [ app_begin ] --START--
INFO: Run Behavior\ReadHtmlCacheBehavior [ RunTime:0.113006s ]
INFO: [ app_begin ] --END-- [ RunTime:0.113006s ]
INFO: [ view_parse ] --START--
INFO: [ template_filter ] --START--
INFO: Run Behavior\ContentReplaceBehavior [ RunTime:0.000000s ]
INFO: [ template_filter ] --END-- [ RunTime:0.000000s ]
INFO: Run Behavior\ParseTemplateBehavior [ RunTime:0.018001s ]
INFO: [ view_parse ] --END-- [ RunTime:0.018001s ]
INFO: [ view_filter ] --START--
INFO: Run Behavior\WriteHtmlCacheBehavior [ RunTime:0.001000s ]
INFO: [ view_filter ] --END-- [ RunTime:0.002000s ]
INFO: [ app_end ] --START--
INFO: Run Behavior\ShowPageTraceBehavior [ RunTime:0.001000s ]
INFO: [ app_end ] --END-- [ RunTime:0.003000s ]

[ 2017-04-15T09:32:58+08:00 ] 127.0.0.1 /totti/index.php/Admin/Login/verify.html
INFO: [ app_init ] --START--
INFO: Run Behavior\BuildLiteBehavior [ RunTime:0.000000s ]
INFO: [ app_init ] --END-- [ RunTime:0.001000s ]
INFO: [ app_begin ] --START--
INFO: Run Behavior\ReadHtmlCacheBehavior [ RunTime:0.001001s ]
INFO: [ app_begin ] --END-- [ RunTime:0.001001s ]
INFO: [ app_end ] --START--
INFO: Run Behavior\ShowPageTraceBehavior [ RunTime:0.002000s ]
INFO: [ app_end ] --END-- [ RunTime:0.003000s ]

[ 2017-04-15T09:33:02+08:00 ] 127.0.0.1 /totti/index.php/Admin/Login/chkAdmin.html
INFO: [ app_init ] --START--
INFO: Run Behavior\BuildLiteBehavior [ RunTime:0.001000s ]
INFO: [ app_init ] --END-- [ RunTime:0.002000s ]
INFO: [ app_begin ] --START--
INFO: Run Behavior\ReadHtmlCacheBehavior [ RunTime:0.001000s ]
INFO: [ app_begin ] --END-- [ RunTime:0.001000s ]
SQL: SHOW COLUMNS FROM `beauty_admin` [ RunTime:0.0060s ]
SQL: SELECT * FROM `beauty_admin` WHERE `username` = 'admin' LIMIT 1   [ RunTime:0.0000s ]
INFO: [ app_end ] --START--
INFO: Run Behavior\ShowPageTraceBehavior [ RunTime:0.002000s ]
INFO: [ app_end ] --END-- [ RunTime:0.002000s ]

[ 2017-04-15T09:33:06+08:00 ] 127.0.0.1 /totti/index.php/Admin/Login/chkVerify.html
INFO: [ app_init ] --START--
INFO: Run Behavior\BuildLiteBehavior [ RunTime:0.000000s ]
INFO: [ app_init ] --END-- [ RunTime:0.000000s ]
INFO: [ app_begin ] --START--
INFO: Run Behavior\ReadHtmlCacheBehavior [ RunTime:0.001000s ]
INFO: [ app_begin ] --END-- [ RunTime:0.001000s ]
INFO: [ app_end ] --START--
INFO: Run Behavior\ShowPageTraceBehavior [ RunTime:0.001000s ]
INFO: [ app_end ] --END-- [ RunTime:0.001000s ]

[ 2017-04-15T09:33:08+08:00 ] 127.0.0.1 /totti/index.php/Admin/Login/login.html
INFO: [ app_init ] --START--
INFO: Run Behavior\BuildLiteBehavior [ RunTime:0.000000s ]
INFO: [ app_init ] --END-- [ RunTime:0.001000s ]
INFO: [ app_begin ] --START--
INFO: Run Behavior\ReadHtmlCacheBehavior [ RunTime:0.001000s ]
INFO: [ app_begin ] --END-- [ RunTime:0.001000s ]
SQL: SHOW COLUMNS FROM `beauty_admin` [ RunTime:0.0070s ]
NOTIC: [8] Undefined index: validate D:\phpstudy\WWW\totti\ThinkPHP\Library\Think\Model.class.php 第 1185 行.
SQL: SELECT * FROM `beauty_admin` WHERE `username` = 'admin' LIMIT 1   [ RunTime:0.0000s ]
SQL: SELECT * FROM `beauty_admin` WHERE `username` = 'admin' AND `password` = '21232f297a57a5a743894a0e4a801fc3' LIMIT 1   [ RunTime:0.0000s ]
SQL: UPDATE `beauty_admin` SET `online`='1',`lastlogin`='1492219988',`lastip`='127.0.0.1' WHERE `id` = 1 [ RunTime:0.0240s ]

[ 2017-04-15T09:33:10+08:00 ] 127.0.0.1 /totti/index.php/Admin/Index/index.html
INFO: [ app_init ] --START--
INFO: Run Behavior\BuildLiteBehavior [ RunTime:0.000000s ]
INFO: [ app_init ] --END-- [ RunTime:0.001000s ]
INFO: [ app_begin ] --START--
INFO: Run Behavior\ReadHtmlCacheBehavior [ RunTime:0.009000s ]
INFO: [ app_begin ] --END-- [ RunTime:0.010000s ]
INFO: [ view_parse ] --START--
INFO: [ template_filter ] --START--
INFO: Run Behavior\ContentReplaceBehavior [ RunTime:0.000000s ]
INFO: [ template_filter ] --END-- [ RunTime:0.000000s ]
INFO: Run Behavior\ParseTemplateBehavior [ RunTime:0.015001s ]
INFO: [ view_parse ] --END-- [ RunTime:0.015001s ]
INFO: [ view_filter ] --START--
INFO: Run Behavior\WriteHtmlCacheBehavior [ RunTime:0.002000s ]
INFO: [ view_filter ] --END-- [ RunTime:0.002000s ]
INFO: [ app_end ] --START--
INFO: Run Behavior\ShowPageTraceBehavior [ RunTime:0.001001s ]
INFO: [ app_end ] --END-- [ RunTime:0.001001s ]

[ 2017-04-15T09:33:11+08:00 ] 127.0.0.1 /totti/index.php/Admin/Index/top.html
INFO: [ app_init ] --START--
INFO: Run Behavior\BuildLiteBehavior [ RunTime:0.000000s ]
INFO: [ app_init ] --END-- [ RunTime:0.001000s ]
INFO: [ app_begin ] --START--
NOTIC: [2] filemtime(): stat failed for ./beauty/Admin/View/Index/top.html D:\phpstudy\WWW\totti\ThinkPHP\Library\Behavior\ReadHtmlCacheBehavior.class.php 第 104 行.
INFO: Run Behavior\ReadHtmlCacheBehavior [ RunTime:0.018001s ]
INFO: [ app_begin ] --END-- [ RunTime:0.018001s ]
SQL: SHOW COLUMNS FROM `beauty_message_admin` [ RunTime:0.0060s ]
SQL: SELECT COUNT(*) AS tp_count FROM `beauty_message_admin` WHERE `receiveId` = 1 AND `status` = 1 LIMIT 1   [ RunTime:0.0010s ]
INFO: [ view_parse ] --START--
INFO: [ template_filter ] --START--
INFO: Run Behavior\ContentReplaceBehavior [ RunTime:0.000000s ]
INFO: [ template_filter ] --END-- [ RunTime:0.000000s ]
INFO: Run Behavior\ParseTemplateBehavior [ RunTime:0.032002s ]
INFO: [ view_parse ] --END-- [ RunTime:0.032002s ]
INFO: [ view_filter ] --START--
INFO: Run Behavior\WriteHtmlCacheBehavior [ RunTime:0.001000s ]
INFO: [ view_filter ] --END-- [ RunTime:0.001000s ]
INFO: [ app_end ] --START--
INFO: Run Behavior\ShowPageTraceBehavior [ RunTime:0.001000s ]
INFO: [ app_end ] --END-- [ RunTime:0.001000s ]

[ 2017-04-15T09:33:12+08:00 ] 127.0.0.1 /totti/index.php/Admin/Index/left.html
INFO: [ app_init ] --START--
INFO: Run Behavior\BuildLiteBehavior [ RunTime:0.000000s ]
INFO: [ app_init ] --END-- [ RunTime:0.001000s ]
INFO: [ app_begin ] --START--
NOTIC: [2] filemtime(): stat failed for ./beauty/Admin/View/Index/left.html D:\phpstudy\WWW\totti\ThinkPHP\Library\Behavior\ReadHtmlCacheBehavior.class.php 第 104 行.
INFO: Run Behavior\ReadHtmlCacheBehavior [ RunTime:0.036003s ]
INFO: [ app_begin ] --END-- [ RunTime:0.036003s ]
SQL: SHOW COLUMNS FROM `beauty_admin_nav` [ RunTime:0.0070s ]
SQL: SELECT * FROM `beauty_admin_nav` WHERE `pid` = 0 ORDER BY priority  [ RunTime:0.0010s ]
SQL: SHOW COLUMNS FROM `beauty_auth_group_access` [ RunTime:0.0070s ]
SQL: SELECT `uid`,`group_id`,`title`,`rules` FROM beauty_auth_group_access a INNER JOIN beauty_auth_group g on a.group_id=g.id  WHERE ( a.uid='1' and g.status='1' )  [ RunTime:0.0010s ]
SQL: SHOW COLUMNS FROM `beauty_auth_rule` [ RunTime:0.0070s ]
SQL: SELECT `condition`,`name` FROM `beauty_auth_rule` WHERE `id` IN ('1','41','40','42','43','44','2','13','14','3','15','16','18','20','21','19','4','22','23','5','24','25','6','26','27','7','28','51','9','34','35','484','488','8','29','30','31','32','33','54','10','36','37','11','38','52','53','45','46','47','12','39','48','17','49','50','55','56','57') AND `type` = 1 AND `status` = 1  [ RunTime:0.0010s ]
SQL: SELECT * FROM `beauty_admin_nav` WHERE `pid` = 1 ORDER BY priority  [ RunTime:0.0010s ]
SQL: SELECT * FROM `beauty_admin_nav` WHERE `pid` = 2 ORDER BY priority  [ RunTime:0.0010s ]
SQL: SELECT * FROM `beauty_admin_nav` WHERE `pid` = 48 ORDER BY priority  [ RunTime:0.0000s ]
SQL: SELECT * FROM `beauty_admin_nav` WHERE `pid` = 3 ORDER BY priority  [ RunTime:0.0000s ]
SQL: SELECT * FROM `beauty_admin_nav` WHERE `pid` = 4 ORDER BY priority  [ RunTime:0.0010s ]
SQL: SELECT * FROM `beauty_admin_nav` WHERE `pid` = 5 ORDER BY priority  [ RunTime:0.0010s ]
SQL: SELECT * FROM `beauty_admin_nav` WHERE `pid` = 6 ORDER BY priority  [ RunTime:0.0000s ]
SQL: SELECT * FROM `beauty_admin_nav` WHERE `pid` = 7 ORDER BY priority  [ RunTime:0.0010s ]
SQL: SELECT * FROM `beauty_admin_nav` WHERE `pid` = 8 ORDER BY priority  [ RunTime:0.0000s ]
SQL: SELECT * FROM `beauty_admin_nav` WHERE `pid` = 9 ORDER BY priority  [ RunTime:0.0010s ]
SQL: SELECT * FROM `beauty_admin_nav` WHERE `pid` = 10 ORDER BY priority  [ RunTime:0.0010s ]
SQL: SELECT * FROM `beauty_admin_nav` WHERE `pid` = 11 ORDER BY priority  [ RunTime:0.0010s ]
SQL: SELECT * FROM `beauty_admin_nav` WHERE `pid` = 12 ORDER BY priority  [ RunTime:0.0000s ]
SQL: SELECT * FROM `beauty_admin_nav` WHERE `pid` = 45 ORDER BY priority  [ RunTime:0.0000s ]
SQL: SELECT * FROM `beauty_admin_nav` WHERE `pid` = 55 ORDER BY priority  [ RunTime:0.0010s ]
INFO: [ view_parse ] --START--
INFO: [ template_filter ] --START--
INFO: Run Behavior\ContentReplaceBehavior [ RunTime:0.000000s ]
INFO: [ template_filter ] --END-- [ RunTime:0.000000s ]
NOTIC: [8] Undefined variable: v1 D:\phpstudy\WWW\totti\beauty\Runtime\Cache\Admin\2bf9087051dfcad938f84a67b5b048ca.php 第 415 行.
NOTIC: [8] Undefined variable: v1 D:\phpstudy\WWW\totti\beauty\Runtime\Cache\Admin\2bf9087051dfcad938f84a67b5b048ca.php 第 415 行.
INFO: Run Behavior\ParseTemplateBehavior [ RunTime:0.036002s ]
INFO: [ view_parse ] --END-- [ RunTime:0.036002s ]
INFO: [ view_filter ] --START--
INFO: Run Behavior\WriteHtmlCacheBehavior [ RunTime:0.004001s ]
INFO: [ view_filter ] --END-- [ RunTime:0.004001s ]
INFO: [ app_end ] --START--
INFO: Run Behavior\ShowPageTraceBehavior [ RunTime:0.002000s ]
INFO: [ app_end ] --END-- [ RunTime:0.002000s ]

[ 2017-04-15T09:33:13+08:00 ] 127.0.0.1 /totti/index.php/Admin/Index/main.html
INFO: [ app_init ] --START--
INFO: Run Behavior\BuildLiteBehavior [ RunTime:0.000000s ]
INFO: [ app_init ] --END-- [ RunTime:0.001000s ]
INFO: [ app_begin ] --START--
INFO: Run Behavior\ReadHtmlCacheBehavior [ RunTime:0.026001s ]
INFO: [ app_begin ] --END-- [ RunTime:0.026001s ]
SQL: SHOW COLUMNS FROM `beauty_admin` [ RunTime:0.0080s ]
SQL: SELECT `username`,`lastlogin`,`lastip` FROM `beauty_admin` WHERE `id` = 1  [ RunTime:0.0000s ]
SQL: SHOW COLUMNS FROM `beauty_goods` [ RunTime:0.0070s ]
SQL: SELECT * FROM `beauty_goods` ORDER BY salenum desc LIMIT 5   [ RunTime:0.0010s ]
SQL: SELECT * FROM `beauty_goods` ORDER BY num LIMIT 5   [ RunTime:0.0010s ]
INFO: [ view_parse ] --START--
INFO: [ template_filter ] --START--
INFO: Run Behavior\ContentReplaceBehavior [ RunTime:0.000000s ]
INFO: [ template_filter ] --END-- [ RunTime:0.000000s ]
INFO: Run Behavior\ParseTemplateBehavior [ RunTime:0.018001s ]
INFO: [ view_parse ] --END-- [ RunTime:0.018001s ]
INFO: [ view_filter ] --START--
INFO: Run Behavior\WriteHtmlCacheBehavior [ RunTime:0.019001s ]
INFO: [ view_filter ] --END-- [ RunTime:0.019001s ]
INFO: [ app_end ] --START--
INFO: Run Behavior\ShowPageTraceBehavior [ RunTime:0.001000s ]
INFO: [ app_end ] --END-- [ RunTime:0.001000s ]

[ 2017-04-15T09:33:13+08:00 ] 127.0.0.1 /totti/index.php/Admin/Index/footer.html
INFO: [ app_init ] --START--
INFO: Run Behavior\BuildLiteBehavior [ RunTime:0.000000s ]
INFO: [ app_init ] --END-- [ RunTime:0.000000s ]
INFO: [ app_begin ] --START--
NOTIC: [2] filemtime(): stat failed for ./beauty/Admin/View/Index/footer.html D:\phpstudy\WWW\totti\ThinkPHP\Library\Behavior\ReadHtmlCacheBehavior.class.php 第 104 行.
INFO: Run Behavior\ReadHtmlCacheBehavior [ RunTime:0.010001s ]
INFO: [ app_begin ] --END-- [ RunTime:0.010001s ]
INFO: [ view_parse ] --START--
INFO: [ template_filter ] --START--
INFO: Run Behavior\ContentReplaceBehavior [ RunTime:0.000000s ]
INFO: [ template_filter ] --END-- [ RunTime:0.001000s ]
INFO: Run Behavior\ParseTemplateBehavior [ RunTime:0.011001s ]
INFO: [ view_parse ] --END-- [ RunTime:0.012001s ]
INFO: [ view_filter ] --START--
INFO: Run Behavior\WriteHtmlCacheBehavior [ RunTime:0.001000s ]
INFO: [ view_filter ] --END-- [ RunTime:0.001000s ]
INFO: [ app_end ] --START--
INFO: Run Behavior\ShowPageTraceBehavior [ RunTime:0.001000s ]
INFO: [ app_end ] --END-- [ RunTime:0.001000s ]

[ 2017-04-15T09:33:15+08:00 ] 127.0.0.1 /totti/index.php/Admin/Index/getGoodsTop.html
INFO: [ app_init ] --START--
INFO: Run Behavior\BuildLiteBehavior [ RunTime:0.000000s ]
INFO: [ app_init ] --END-- [ RunTime:0.001000s ]
INFO: [ app_begin ] --START--
INFO: Run Behavior\ReadHtmlCacheBehavior [ RunTime:0.002000s ]
INFO: [ app_begin ] --END-- [ RunTime:0.002000s ]
SQL: SHOW COLUMNS FROM `beauty_goods` [ RunTime:0.0080s ]
SQL: SELECT `goodsname`,`salenum` FROM `beauty_goods` ORDER BY salenum desc LIMIT 0,10   [ RunTime:0.0010s ]

[ 2017-04-15T09:33:22+08:00 ] 127.0.0.1 /totti/index.php/Admin/Golds/index.html
INFO: [ app_init ] --START--
INFO: Run Behavior\BuildLiteBehavior [ RunTime:0.000000s ]
INFO: [ app_init ] --END-- [ RunTime:0.001000s ]
INFO: [ app_begin ] --START--
INFO: Run Behavior\ReadHtmlCacheBehavior [ RunTime:0.001000s ]
INFO: [ app_begin ] --END-- [ RunTime:0.001000s ]
SQL: SHOW COLUMNS FROM `beauty_golds` [ RunTime:0.0230s ]
SQL: SHOW COLUMNS FROM `beauty_golds` [ RunTime:0.0120s ]
SQL: SELECT COUNT(*) AS tp_count FROM beauty_golds g,beauty_category c,beauty_brands b WHERE ( g.cid=c.id and g.bid=b.id ) LIMIT 1   [ RunTime:0.0020s ]
SQL: SHOW COLUMNS FROM `beauty_golds` [ RunTime:0.0090s ]
ERR: 1054:Unknown column 'g.ml' in 'field list'
 [ SQL语句 ] : SELECT g.imagename,g.id,g.goodsname,g.ml,g.imageurl,g.saleprice,g.marketprice,c.cname,b.bname,g.description,g.num,g.salenum,g.addtime,g.show FROM beauty_golds g,beauty_category c,beauty_brands b WHERE ( g.cid=c.id and g.bid=b.id ) ORDER BY g.addtime desc LIMIT 0,12  
ERR: 1054:Unknown column 'g.ml' in 'field list'
 [ SQL语句 ] : SELECT g.imagename,g.id,g.goodsname,g.ml,g.imageurl,g.saleprice,g.marketprice,c.cname,b.bname,g.description,g.num,g.salenum,g.addtime,g.show FROM beauty_golds g,beauty_category c,beauty_brands b WHERE ( g.cid=c.id and g.bid=b.id ) ORDER BY g.addtime desc LIMIT 0,12  

[ 2017-04-15T09:33:24+08:00 ] 127.0.0.1 /totti/index.php/Admin/Golds/index.html
INFO: [ app_init ] --START--
INFO: Run Behavior\BuildLiteBehavior [ RunTime:0.000000s ]
INFO: [ app_init ] --END-- [ RunTime:0.001000s ]
INFO: [ app_begin ] --START--
INFO: Run Behavior\ReadHtmlCacheBehavior [ RunTime:0.001000s ]
INFO: [ app_begin ] --END-- [ RunTime:0.001000s ]
SQL: SHOW COLUMNS FROM `beauty_golds` [ RunTime:0.0150s ]
SQL: SHOW COLUMNS FROM `beauty_golds` [ RunTime:0.0190s ]
SQL: SELECT COUNT(*) AS tp_count FROM beauty_golds g,beauty_category c,beauty_brands b WHERE ( g.cid=c.id and g.bid=b.id ) LIMIT 1   [ RunTime:0.0010s ]
SQL: SHOW COLUMNS FROM `beauty_golds` [ RunTime:0.0110s ]
ERR: 1054:Unknown column 'g.ml' in 'field list'
 [ SQL语句 ] : SELECT g.imagename,g.id,g.goodsname,g.ml,g.imageurl,g.saleprice,g.marketprice,c.cname,b.bname,g.description,g.num,g.salenum,g.addtime,g.show FROM beauty_golds g,beauty_category c,beauty_brands b WHERE ( g.cid=c.id and g.bid=b.id ) ORDER BY g.addtime desc LIMIT 0,12  
ERR: 1054:Unknown column 'g.ml' in 'field list'
 [ SQL语句 ] : SELECT g.imagename,g.id,g.goodsname,g.ml,g.imageurl,g.saleprice,g.marketprice,c.cname,b.bname,g.description,g.num,g.salenum,g.addtime,g.show FROM beauty_golds g,beauty_category c,beauty_brands b WHERE ( g.cid=c.id and g.bid=b.id ) ORDER BY g.addtime desc LIMIT 0,12  

[ 2017-04-15T09:33:30+08:00 ] 127.0.0.1 /totti/index.php/Admin/Golds/addAct.html
INFO: [ app_init ] --START--
INFO: Run Behavior\BuildLiteBehavior [ RunTime:0.000000s ]
INFO: [ app_init ] --END-- [ RunTime:0.000000s ]
INFO: [ app_begin ] --START--
INFO: Run Behavior\ReadHtmlCacheBehavior [ RunTime:0.023001s ]
INFO: [ app_begin ] --END-- [ RunTime:0.023001s ]
INFO: [ view_parse ] --START--
INFO: [ template_filter ] --START--
INFO: Run Behavior\ContentReplaceBehavior [ RunTime:0.000000s ]
INFO: [ template_filter ] --END-- [ RunTime:0.000000s ]
INFO: Run Behavior\ParseTemplateBehavior [ RunTime:0.029002s ]
INFO: [ view_parse ] --END-- [ RunTime:0.029002s ]
INFO: [ view_filter ] --START--
INFO: Run Behavior\WriteHtmlCacheBehavior [ RunTime:0.002000s ]
INFO: [ view_filter ] --END-- [ RunTime:0.002000s ]
INFO: [ app_end ] --START--
INFO: Run Behavior\ShowPageTraceBehavior [ RunTime:0.001000s ]
INFO: [ app_end ] --END-- [ RunTime:0.001000s ]

[ 2017-04-15T09:33:32+08:00 ] 127.0.0.1 /totti/index.php/Admin/Golds/getCateByPid.html
INFO: [ app_init ] --START--
INFO: Run Behavior\BuildLiteBehavior [ RunTime:0.000000s ]
INFO: [ app_init ] --END-- [ RunTime:0.001001s ]
INFO: [ app_begin ] --START--
INFO: Run Behavior\ReadHtmlCacheBehavior [ RunTime:0.000000s ]
INFO: [ app_begin ] --END-- [ RunTime:0.000000s ]
SQL: SHOW COLUMNS FROM `beauty_category` [ RunTime:0.0000s ]
SQL: SELECT * FROM `beauty_category` WHERE `pid` = 0  [ RunTime:0.0000s ]

[ 2017-04-15T09:33:33+08:00 ] 127.0.0.1 /totti/index.php/Admin/Golds/brandlist.html
INFO: [ app_init ] --START--
INFO: Run Behavior\BuildLiteBehavior [ RunTime:0.000000s ]
INFO: [ app_init ] --END-- [ RunTime:0.003000s ]
INFO: [ app_begin ] --START--
INFO: Run Behavior\ReadHtmlCacheBehavior [ RunTime:0.002000s ]
INFO: [ app_begin ] --END-- [ RunTime:0.002000s ]
SQL: SHOW COLUMNS FROM `beauty_brands` [ RunTime:0.0186s ]
SQL: SELECT * FROM `beauty_brands`  [ RunTime:0.0000s ]

[ 2017-04-15T09:33:41+08:00 ] 127.0.0.1 /totti/index.php/Admin/Golds/index.html
INFO: [ app_init ] --START--
INFO: Run Behavior\BuildLiteBehavior [ RunTime:0.000000s ]
INFO: [ app_init ] --END-- [ RunTime:0.001000s ]
INFO: [ app_begin ] --START--
INFO: Run Behavior\ReadHtmlCacheBehavior [ RunTime:0.001000s ]
INFO: [ app_begin ] --END-- [ RunTime:0.001000s ]
SQL: SHOW COLUMNS FROM `beauty_golds` [ RunTime:0.0300s ]
SQL: SHOW COLUMNS FROM `beauty_golds` [ RunTime:0.0100s ]
SQL: SELECT COUNT(*) AS tp_count FROM beauty_golds g,beauty_category c,beauty_brands b WHERE ( g.cid=c.id and g.bid=b.id ) LIMIT 1   [ RunTime:0.0010s ]
SQL: SHOW COLUMNS FROM `beauty_golds` [ RunTime:0.0090s ]
ERR: 1054:Unknown column 'g.ml' in 'field list'
 [ SQL语句 ] : SELECT g.imagename,g.id,g.goodsname,g.ml,g.imageurl,g.saleprice,g.marketprice,c.cname,b.bname,g.description,g.num,g.salenum,g.addtime,g.show FROM beauty_golds g,beauty_category c,beauty_brands b WHERE ( g.cid=c.id and g.bid=b.id ) ORDER BY g.addtime desc LIMIT 0,12  
ERR: 1054:Unknown column 'g.ml' in 'field list'
 [ SQL语句 ] : SELECT g.imagename,g.id,g.goodsname,g.ml,g.imageurl,g.saleprice,g.marketprice,c.cname,b.bname,g.description,g.num,g.salenum,g.addtime,g.show FROM beauty_golds g,beauty_category c,beauty_brands b WHERE ( g.cid=c.id and g.bid=b.id ) ORDER BY g.addtime desc LIMIT 0,12  

[ 2017-04-15T09:33:43+08:00 ] 127.0.0.1 /totti/index.php/Admin/Golds/index.html
INFO: [ app_init ] --START--
INFO: Run Behavior\BuildLiteBehavior [ RunTime:0.000000s ]
INFO: [ app_init ] --END-- [ RunTime:0.000000s ]
INFO: [ app_begin ] --START--
INFO: Run Behavior\ReadHtmlCacheBehavior [ RunTime:0.001001s ]
INFO: [ app_begin ] --END-- [ RunTime:0.001001s ]
SQL: SHOW COLUMNS FROM `beauty_golds` [ RunTime:0.0070s ]
SQL: SHOW COLUMNS FROM `beauty_golds` [ RunTime:0.0060s ]
SQL: SELECT COUNT(*) AS tp_count FROM beauty_golds g,beauty_category c,beauty_brands b WHERE ( g.cid=c.id and g.bid=b.id ) LIMIT 1   [ RunTime:0.0000s ]
SQL: SHOW COLUMNS FROM `beauty_golds` [ RunTime:0.0090s ]
ERR: 1054:Unknown column 'g.ml' in 'field list'
 [ SQL语句 ] : SELECT g.imagename,g.id,g.goodsname,g.ml,g.imageurl,g.saleprice,g.marketprice,c.cname,b.bname,g.description,g.num,g.salenum,g.addtime,g.show FROM beauty_golds g,beauty_category c,beauty_brands b WHERE ( g.cid=c.id and g.bid=b.id ) ORDER BY g.addtime desc LIMIT 0,12  
ERR: 1054:Unknown column 'g.ml' in 'field list'
 [ SQL语句 ] : SELECT g.imagename,g.id,g.goodsname,g.ml,g.imageurl,g.saleprice,g.marketprice,c.cname,b.bname,g.description,g.num,g.salenum,g.addtime,g.show FROM beauty_golds g,beauty_category c,beauty_brands b WHERE ( g.cid=c.id and g.bid=b.id ) ORDER BY g.addtime desc LIMIT 0,12  

[ 2017-04-15T09:34:18+08:00 ] 127.0.0.1 /totti/index.php/Admin/Golds/addAct.html
INFO: [ app_init ] --START--
INFO: Run Behavior\BuildLiteBehavior [ RunTime:0.000000s ]
INFO: [ app_init ] --END-- [ RunTime:0.001000s ]
INFO: [ app_begin ] --START--
INFO: Run Behavior\ReadHtmlCacheBehavior [ RunTime:0.002000s ]
INFO: [ app_begin ] --END-- [ RunTime:0.002000s ]
INFO: [ view_parse ] --START--
INFO: [ template_filter ] --START--
INFO: Run Behavior\ContentReplaceBehavior [ RunTime:0.001000s ]
INFO: [ template_filter ] --END-- [ RunTime:0.001000s ]
INFO: Run Behavior\ParseTemplateBehavior [ RunTime:0.013001s ]
INFO: [ view_parse ] --END-- [ RunTime:0.013001s ]
INFO: [ view_filter ] --START--
INFO: Run Behavior\WriteHtmlCacheBehavior [ RunTime:0.001000s ]
INFO: [ view_filter ] --END-- [ RunTime:0.002000s ]
INFO: [ app_end ] --START--
INFO: Run Behavior\ShowPageTraceBehavior [ RunTime:0.002000s ]
INFO: [ app_end ] --END-- [ RunTime:0.003000s ]

[ 2017-04-15T09:34:19+08:00 ] 127.0.0.1 /totti/index.php/Admin/Golds/getCateByPid.html
INFO: [ app_init ] --START--
INFO: Run Behavior\BuildLiteBehavior [ RunTime:0.000000s ]
INFO: [ app_init ] --END-- [ RunTime:0.001000s ]
INFO: [ app_begin ] --START--
INFO: Run Behavior\ReadHtmlCacheBehavior [ RunTime:0.001000s ]
INFO: [ app_begin ] --END-- [ RunTime:0.001000s ]
SQL: SHOW COLUMNS FROM `beauty_category` [ RunTime:0.0156s ]
SQL: SELECT * FROM `beauty_category` WHERE `pid` = 0  [ RunTime:0.0000s ]

[ 2017-04-15T09:34:20+08:00 ] 127.0.0.1 /totti/index.php/Admin/Golds/brandlist.html
INFO: [ app_init ] --START--
INFO: Run Behavior\BuildLiteBehavior [ RunTime:0.000000s ]
INFO: [ app_init ] --END-- [ RunTime:0.003000s ]
INFO: [ app_begin ] --START--
INFO: Run Behavior\ReadHtmlCacheBehavior [ RunTime:0.001000s ]
INFO: [ app_begin ] --END-- [ RunTime:0.001000s ]
SQL: SHOW COLUMNS FROM `beauty_brands` [ RunTime:0.0156s ]
SQL: SELECT * FROM `beauty_brands`  [ RunTime:0.0000s ]

[ 2017-04-15T09:43:31+08:00 ] 127.0.0.1 /totti/index.php/Admin/Golds/index.html
INFO: [ app_init ] --START--
INFO: Run Behavior\BuildLiteBehavior [ RunTime:0.000000s ]
INFO: [ app_init ] --END-- [ RunTime:0.001000s ]
INFO: [ app_begin ] --START--
INFO: Run Behavior\ReadHtmlCacheBehavior [ RunTime:0.001000s ]
INFO: [ app_begin ] --END-- [ RunTime:0.001000s ]
SQL: SHOW COLUMNS FROM `beauty_golds` [ RunTime:0.0180s ]
SQL: SHOW COLUMNS FROM `beauty_golds` [ RunTime:0.0090s ]
SQL: SELECT COUNT(*) AS tp_count FROM beauty_golds g,beauty_category c,beauty_brands b WHERE ( g.cid=c.id and g.bid=b.id ) LIMIT 1   [ RunTime:0.0000s ]
SQL: SHOW COLUMNS FROM `beauty_golds` [ RunTime:0.0090s ]
SQL: SELECT g.imagename,g.id,g.goodsname,g.ml,g.imageurl,g.saleprice,g.marketprice,c.cname,b.bname,g.description,g.num,g.salenum,g.addtime,g.show FROM beauty_golds g,beauty_category c,beauty_brands b WHERE ( g.cid=c.id and g.bid=b.id ) ORDER BY g.addtime desc LIMIT 0,12   [ RunTime:0.0010s ]
INFO: [ view_parse ] --START--
INFO: [ template_filter ] --START--
INFO: Run Behavior\ContentReplaceBehavior [ RunTime:0.000000s ]
INFO: [ template_filter ] --END-- [ RunTime:0.000000s ]
NOTIC: [8] Undefined variable: goodsname D:\phpstudy\WWW\totti\beauty\Runtime\Cache\Admin\ee1711cd9d2f3f79957f07d6ddc8ffb4.php 第 63 行.
NOTIC: [8] Undefined variable: bname D:\phpstudy\WWW\totti\beauty\Runtime\Cache\Admin\ee1711cd9d2f3f79957f07d6ddc8ffb4.php 第 64 行.
NOTIC: [8] Undefined variable: cname D:\phpstudy\WWW\totti\beauty\Runtime\Cache\Admin\ee1711cd9d2f3f79957f07d6ddc8ffb4.php 第 65 行.
NOTIC: [8] Undefined variable: saleprice1 D:\phpstudy\WWW\totti\beauty\Runtime\Cache\Admin\ee1711cd9d2f3f79957f07d6ddc8ffb4.php 第 67 行.
NOTIC: [8] Undefined variable: saleprice2 D:\phpstudy\WWW\totti\beauty\Runtime\Cache\Admin\ee1711cd9d2f3f79957f07d6ddc8ffb4.php 第 68 行.
NOTIC: [8] Undefined variable: time1 D:\phpstudy\WWW\totti\beauty\Runtime\Cache\Admin\ee1711cd9d2f3f79957f07d6ddc8ffb4.php 第 71 行.
NOTIC: [8] Undefined variable: time2 D:\phpstudy\WWW\totti\beauty\Runtime\Cache\Admin\ee1711cd9d2f3f79957f07d6ddc8ffb4.php 第 73 行.
NOTIC: [8] Undefined variable: goodsname D:\phpstudy\WWW\totti\beauty\Runtime\Cache\Admin\ee1711cd9d2f3f79957f07d6ddc8ffb4.php 第 149 行.
NOTIC: [8] Undefined variable: bname D:\phpstudy\WWW\totti\beauty\Runtime\Cache\Admin\ee1711cd9d2f3f79957f07d6ddc8ffb4.php 第 149 行.
NOTIC: [8] Undefined variable: cname D:\phpstudy\WWW\totti\beauty\Runtime\Cache\Admin\ee1711cd9d2f3f79957f07d6ddc8ffb4.php 第 149 行.
NOTIC: [8] Undefined variable: time1 D:\phpstudy\WWW\totti\beauty\Runtime\Cache\Admin\ee1711cd9d2f3f79957f07d6ddc8ffb4.php 第 149 行.
NOTIC: [8] Undefined variable: time2 D:\phpstudy\WWW\totti\beauty\Runtime\Cache\Admin\ee1711cd9d2f3f79957f07d6ddc8ffb4.php 第 149 行.
NOTIC: [8] Undefined variable: price1 D:\phpstudy\WWW\totti\beauty\Runtime\Cache\Admin\ee1711cd9d2f3f79957f07d6ddc8ffb4.php 第 149 行.
NOTIC: [8] Undefined variable: price2 D:\phpstudy\WWW\totti\beauty\Runtime\Cache\Admin\ee1711cd9d2f3f79957f07d6ddc8ffb4.php 第 149 行.
NOTIC: [8] Undefined variable: goodsname D:\phpstudy\WWW\totti\beauty\Runtime\Cache\Admin\ee1711cd9d2f3f79957f07d6ddc8ffb4.php 第 151 行.
NOTIC: [8] Undefined variable: bname D:\phpstudy\WWW\totti\beauty\Runtime\Cache\Admin\ee1711cd9d2f3f79957f07d6ddc8ffb4.php 第 151 行.
NOTIC: [8] Undefined variable: cname D:\phpstudy\WWW\totti\beauty\Runtime\Cache\Admin\ee1711cd9d2f3f79957f07d6ddc8ffb4.php 第 151 行.
NOTIC: [8] Undefined variable: time1 D:\phpstudy\WWW\totti\beauty\Runtime\Cache\Admin\ee1711cd9d2f3f79957f07d6ddc8ffb4.php 第 151 行.
NOTIC: [8] Undefined variable: time2 D:\phpstudy\WWW\totti\beauty\Runtime\Cache\Admin\ee1711cd9d2f3f79957f07d6ddc8ffb4.php 第 151 行.
NOTIC: [8] Undefined variable: price1 D:\phpstudy\WWW\totti\beauty\Runtime\Cache\Admin\ee1711cd9d2f3f79957f07d6ddc8ffb4.php 第 151 行.
NOTIC: [8] Undefined variable: price2 D:\phpstudy\WWW\totti\beauty\Runtime\Cache\Admin\ee1711cd9d2f3f79957f07d6ddc8ffb4.php 第 151 行.
INFO: Run Behavior\ParseTemplateBehavior [ RunTime:0.031002s ]
INFO: [ view_parse ] --END-- [ RunTime:0.031002s ]
INFO: [ view_filter ] --START--
INFO: Run Behavior\WriteHtmlCacheBehavior [ RunTime:0.001000s ]
INFO: [ view_filter ] --END-- [ RunTime:0.002000s ]
INFO: [ app_end ] --START--
INFO: Run Behavior\ShowPageTraceBehavior [ RunTime:0.001000s ]
INFO: [ app_end ] --END-- [ RunTime:0.001000s ]

[ 2017-04-15T09:43:51+08:00 ] 127.0.0.1 /totti/index.php/Admin/Golds/index.html
INFO: [ app_init ] --START--
INFO: Run Behavior\BuildLiteBehavior [ RunTime:0.000000s ]
INFO: [ app_init ] --END-- [ RunTime:0.001000s ]
INFO: [ app_begin ] --START--
NOTIC: [2] filemtime(): stat failed for ./beauty/Admin/View/Golds/index.html D:\phpstudy\WWW\totti\ThinkPHP\Library\Behavior\ReadHtmlCacheBehavior.class.php 第 104 行.
INFO: Run Behavior\ReadHtmlCacheBehavior [ RunTime:0.002001s ]
INFO: [ app_begin ] --END-- [ RunTime:0.003001s ]
SQL: SHOW COLUMNS FROM `beauty_golds` [ RunTime:0.0060s ]
SQL: SHOW COLUMNS FROM `beauty_golds` [ RunTime:0.0060s ]
SQL: SELECT COUNT(*) AS tp_count FROM beauty_golds g,beauty_category c,beauty_brands b WHERE ( g.cid=c.id and g.bid=b.id ) LIMIT 1   [ RunTime:0.0010s ]
SQL: SHOW COLUMNS FROM `beauty_golds` [ RunTime:0.0060s ]
SQL: SELECT g.imagename,g.id,g.goodsname,g.ml,g.imageurl,g.saleprice,g.marketprice,c.cname,b.bname,g.description,g.num,g.salenum,g.addtime,g.show FROM beauty_golds g,beauty_category c,beauty_brands b WHERE ( g.cid=c.id and g.bid=b.id ) ORDER BY g.addtime desc LIMIT 0,12   [ RunTime:0.0010s ]
INFO: [ view_parse ] --START--
INFO: [ template_filter ] --START--
INFO: Run Behavior\ContentReplaceBehavior [ RunTime:0.000000s ]
INFO: [ template_filter ] --END-- [ RunTime:0.000000s ]
NOTIC: [8] Undefined variable: goodsname D:\phpstudy\WWW\totti\beauty\Runtime\Cache\Admin\ee1711cd9d2f3f79957f07d6ddc8ffb4.php 第 63 行.
NOTIC: [8] Undefined variable: bname D:\phpstudy\WWW\totti\beauty\Runtime\Cache\Admin\ee1711cd9d2f3f79957f07d6ddc8ffb4.php 第 64 行.
NOTIC: [8] Undefined variable: cname D:\phpstudy\WWW\totti\beauty\Runtime\Cache\Admin\ee1711cd9d2f3f79957f07d6ddc8ffb4.php 第 65 行.
NOTIC: [8] Undefined variable: saleprice1 D:\phpstudy\WWW\totti\beauty\Runtime\Cache\Admin\ee1711cd9d2f3f79957f07d6ddc8ffb4.php 第 67 行.
NOTIC: [8] Undefined variable: saleprice2 D:\phpstudy\WWW\totti\beauty\Runtime\Cache\Admin\ee1711cd9d2f3f79957f07d6ddc8ffb4.php 第 68 行.
NOTIC: [8] Undefined variable: time1 D:\phpstudy\WWW\totti\beauty\Runtime\Cache\Admin\ee1711cd9d2f3f79957f07d6ddc8ffb4.php 第 71 行.
NOTIC: [8] Undefined variable: time2 D:\phpstudy\WWW\totti\beauty\Runtime\Cache\Admin\ee1711cd9d2f3f79957f07d6ddc8ffb4.php 第 73 行.
NOTIC: [8] Undefined variable: goodsname D:\phpstudy\WWW\totti\beauty\Runtime\Cache\Admin\ee1711cd9d2f3f79957f07d6ddc8ffb4.php 第 149 行.
NOTIC: [8] Undefined variable: bname D:\phpstudy\WWW\totti\beauty\Runtime\Cache\Admin\ee1711cd9d2f3f79957f07d6ddc8ffb4.php 第 149 行.
NOTIC: [8] Undefined variable: cname D:\phpstudy\WWW\totti\beauty\Runtime\Cache\Admin\ee1711cd9d2f3f79957f07d6ddc8ffb4.php 第 149 行.
NOTIC: [8] Undefined variable: time1 D:\phpstudy\WWW\totti\beauty\Runtime\Cache\Admin\ee1711cd9d2f3f79957f07d6ddc8ffb4.php 第 149 行.
NOTIC: [8] Undefined variable: time2 D:\phpstudy\WWW\totti\beauty\Runtime\Cache\Admin\ee1711cd9d2f3f79957f07d6ddc8ffb4.php 第 149 行.
NOTIC: [8] Undefined variable: price1 D:\phpstudy\WWW\totti\beauty\Runtime\Cache\Admin\ee1711cd9d2f3f79957f07d6ddc8ffb4.php 第 149 行.
NOTIC: [8] Undefined variable: price2 D:\phpstudy\WWW\totti\beauty\Runtime\Cache\Admin\ee1711cd9d2f3f79957f07d6ddc8ffb4.php 第 149 行.
NOTIC: [8] Undefined variable: goodsname D:\phpstudy\WWW\totti\beauty\Runtime\Cache\Admin\ee1711cd9d2f3f79957f07d6ddc8ffb4.php 第 151 行.
NOTIC: [8] Undefined variable: bname D:\phpstudy\WWW\totti\beauty\Runtime\Cache\Admin\ee1711cd9d2f3f79957f07d6ddc8ffb4.php 第 151 行.
NOTIC: [8] Undefined variable: cname D:\phpstudy\WWW\totti\beauty\Runtime\Cache\Admin\ee1711cd9d2f3f79957f07d6ddc8ffb4.php 第 151 行.
NOTIC: [8] Undefined variable: time1 D:\phpstudy\WWW\totti\beauty\Runtime\Cache\Admin\ee1711cd9d2f3f79957f07d6ddc8ffb4.php 第 151 行.
NOTIC: [8] Undefined variable: time2 D:\phpstudy\WWW\totti\beauty\Runtime\Cache\Admin\ee1711cd9d2f3f79957f07d6ddc8ffb4.php 第 151 行.
NOTIC: [8] Undefined variable: price1 D:\phpstudy\WWW\totti\beauty\Runtime\Cache\Admin\ee1711cd9d2f3f79957f07d6ddc8ffb4.php 第 151 行.
NOTIC: [8] Undefined variable: price2 D:\phpstudy\WWW\totti\beauty\Runtime\Cache\Admin\ee1711cd9d2f3f79957f07d6ddc8ffb4.php 第 151 行.
INFO: Run Behavior\ParseTemplateBehavior [ RunTime:0.016001s ]
INFO: [ view_parse ] --END-- [ RunTime:0.016001s ]
INFO: [ view_filter ] --START--
INFO: Run Behavior\WriteHtmlCacheBehavior [ RunTime:0.002000s ]
INFO: [ view_filter ] --END-- [ RunTime:0.002000s ]
INFO: [ app_end ] --START--
INFO: Run Behavior\ShowPageTraceBehavior [ RunTime:0.001000s ]
INFO: [ app_end ] --END-- [ RunTime:0.001000s ]

